#
# There is insufficient memory for the Java Runtime Environment to continue.
# Native memory allocation (malloc) failed to allocate 32744 bytes for ChunkPool::allocate
# Possible reasons:
#   The system is out of physical RAM or swap space
#   The process is running with CompressedOops enabled, and the Java Heap may be blocking the growth of the native heap
# Possible solutions:
#   Reduce memory load on the system
#   Increase physical memory or swap space
#   Check if swap backing store is full
#   Decrease Java heap size (-Xmx/-Xms)
#   Decrease number of Java threads
#   Decrease Java thread stack sizes (-Xss)
#   Set larger code cache with -XX:ReservedCodeCacheSize=
#   JVM is running with Unscaled Compressed Oops mode in which the Java heap is
#     placed in the first 4GB address space. The Java Heap base address is the
#     maximum limit for the native heap growth. Please use -XX:HeapBaseMinAddress
#     to set the Java Heap base and to place the Java Heap above 4GB virtual address.
# This output file may be truncated or incomplete.
#
#  Out of Memory Error (allocation.cpp:272), pid=7968, tid=0x0000000000002634
#
# JRE version: OpenJDK Runtime Environment (8.0_242-b01) (build 1.8.0_242-release-1644-b01)
# Java VM: OpenJDK 64-Bit Server VM (25.242-b01 mixed mode windows-amd64 compressed oops)
# Failed to write core dump. Minidumps are not enabled by default on client versions of Windows
#

---------------  T H R E A D  ---------------

Current thread (0x0000000017db8000):  JavaThread "C2 CompilerThread0" daemon [_thread_in_native, id=9780, stack(0x0000000019410000,0x0000000019510000)]

Stack: [0x0000000019410000,0x0000000019510000]
[error occurred during error reporting (printing stack bounds), id 0xc0000005]

Native frames: (J=compiled Java code, j=interpreted, Vv=VM code, C=native code)


Current CompileTask:
C2: 420977 19047       4       org.gradle.internal.snapshot.impl.DirectorySnapshotter$PathVisitor::shouldVisit (71 bytes)


---------------  P R O C E S S  ---------------

Java Threads: ( => current thread )
  0x00000000211af000 JavaThread "stdout" [_thread_in_native, id=9568, stack(0x00000000300d0000,0x00000000301d0000)]
  0x00000000211ad800 JavaThread "stderr" [_thread_in_native, id=8388, stack(0x000000002ffd0000,0x00000000300d0000)]
  0x00000000211ac800 JavaThread "stdout" [_thread_in_native, id=11504, stack(0x000000002fed0000,0x000000002ffd0000)]
  0x00000000211ae000 JavaThread "stderr" [_thread_in_native, id=5744, stack(0x000000002fdd0000,0x000000002fed0000)]
  0x00000000211ac000 JavaThread "stdout" [_thread_in_native, id=9388, stack(0x000000002fcd0000,0x000000002fdd0000)]
  0x00000000211a4800 JavaThread "stderr" [_thread_in_native, id=1236, stack(0x000000002fbd0000,0x000000002fcd0000)]
  0x00000000211ab000 JavaThread "stdout" [_thread_in_native, id=3444, stack(0x000000002fad0000,0x000000002fbd0000)]
  0x00000000211a3800 JavaThread "stderr" [_thread_in_native, id=4660, stack(0x000000002f9d0000,0x000000002fad0000)]
  0x00000000211a6000 JavaThread "pool-7-thread-1" [_thread_blocked, id=876, stack(0x000000002f8d0000,0x000000002f9d0000)]
  0x00000000211aa800 JavaThread "MarlinRenderer Disposer" daemon [_thread_blocked, id=4536, stack(0x000000002f7d0000,0x000000002f8d0000)]
  0x00000000211a5000 JavaThread "Java2D Disposer" daemon [_thread_blocked, id=1008, stack(0x000000002f350000,0x000000002f450000)]
  0x00000000211a8000 JavaThread "WorkerExecutor Queue Thread 4" [_thread_blocked, id=2564, stack(0x000000002f250000,0x000000002f350000)]
  0x00000000211a0800 JavaThread "WorkerExecutor Queue Thread 3" [_thread_blocked, id=4440, stack(0x000000002f150000,0x000000002f250000)]
  0x00000000211a3000 JavaThread "WorkerExecutor Queue Thread 2" [_thread_blocked, id=5704, stack(0x000000002ef10000,0x000000002f010000)]
  0x00000000211a2000 JavaThread "WorkerExecutor Queue" [_thread_blocked, id=10480, stack(0x000000002e7b0000,0x000000002e8b0000)]
  0x00000000211a7800 JavaThread "Cache worker for execution history cache (E:\DoAn_WeatherAndroid\.gradle\6.5\executionHistory)" [_thread_blocked, id=4752, stack(0x000000002dde0000,0x000000002dee0000)]
  0x00000000211a0000 JavaThread "Execution worker for ':' Thread 3" [_thread_blocked, id=1764, stack(0x000000002dce0000,0x000000002dde0000)]
  0x000000001ba59800 JavaThread "Execution worker for ':' Thread 2" [_thread_in_native, id=9828, stack(0x000000002c070000,0x000000002c170000)]
  0x000000002bb96000 JavaThread "Execution worker for ':'" [_thread_blocked, id=9236, stack(0x000000002bf70000,0x000000002c070000)]
  0x000000002bb92800 JavaThread "Cache worker for file content cache (E:\DoAn_WeatherAndroid\.gradle\6.5\fileContent)" [_thread_blocked, id=9840, stack(0x000000002be70000,0x000000002bf70000)]
  0x000000002bb91000 JavaThread "Cache worker for Build Output Cleanup Cache (E:\DoAn_WeatherAndroid\.gradle\buildOutputCleanup)" [_thread_blocked, id=11980, stack(0x0000000024430000,0x0000000024530000)]
  0x000000001adf1800 JavaThread "Build operations Thread 4" [_thread_blocked, id=7784, stack(0x0000000024330000,0x0000000024430000)]
  0x000000001adf0000 JavaThread "Build operations Thread 3" [_thread_blocked, id=2960, stack(0x0000000024230000,0x0000000024330000)]
  0x000000001aded800 JavaThread "Build operations Thread 2" [_thread_blocked, id=7492, stack(0x0000000023e00000,0x0000000023f00000)]
  0x000000001adea800 JavaThread "Build operations" [_thread_blocked, id=10452, stack(0x0000000023900000,0x0000000023a00000)]
  0x000000001adf0800 JavaThread "Cache worker for cache directory md-rule (C:\Users\Administrator\.gradle\caches\6.5\md-rule)" [_thread_blocked, id=7184, stack(0x0000000023800000,0x0000000023900000)]
  0x000000001aded000 JavaThread "Cache worker for cache directory md-supplier (C:\Users\Administrator\.gradle\caches\6.5\md-supplier)" [_thread_blocked, id=5700, stack(0x0000000023700000,0x0000000023800000)]
  0x000000001bc02800 JavaThread "Cache worker for checksums cache (E:\DoAn_WeatherAndroid\.gradle\checksums)" [_thread_blocked, id=2840, stack(0x0000000023600000,0x0000000023700000)]
  0x000000001bc02000 JavaThread "Cache worker for file hash cache (E:\DoAn_WeatherAndroid\.gradle\6.5\fileHashes)" [_thread_in_native, id=10560, stack(0x000000001d430000,0x000000001d530000)]
  0x000000001bc08000 JavaThread "Thread-275" [_thread_blocked, id=9712, stack(0x000000001d330000,0x000000001d430000)]
  0x000000001bc05000 JavaThread "Stdin handler" [_thread_blocked, id=2848, stack(0x000000001d230000,0x000000001d330000)]
  0x000000001bbfa000 JavaThread "Asynchronous log dispatcher for DefaultDaemonConnection: socket connection from /127.0.0.1:51706 to /127.0.0.1:55526" [_thread_blocked, id=11216, stack(0x000000001cbf0000,0x000000001ccf0000)]
  0x000000001bc01000 JavaThread "Cancel handler" [_thread_blocked, id=4652, stack(0x00000000015a0000,0x00000000016a0000)]
  0x000000001bbfb800 JavaThread "Handler for socket connection from /127.0.0.1:51706 to /127.0.0.1:55526" [_thread_in_native, id=10092, stack(0x00000000014a0000,0x00000000015a0000)]
  0x000000001adee800 JavaThread "jar transforms Thread 184" [_thread_blocked, id=9080, stack(0x0000000029ff0000,0x000000002a0f0000)]
  0x000000001adec000 JavaThread "jar transforms Thread 183" [_thread_blocked, id=5996, stack(0x0000000028af0000,0x0000000028bf0000)]
  0x000000001adeb800 JavaThread "jar transforms Thread 182" [_thread_blocked, id=7692, stack(0x00000000287c0000,0x00000000288c0000)]
  0x000000001adef000 JavaThread "jar transforms Thread 181" [_thread_blocked, id=9544, stack(0x00000000286c0000,0x00000000287c0000)]
  0x000000001ade3000 JavaThread "jar transforms Thread 180" [_thread_blocked, id=6440, stack(0x00000000285c0000,0x00000000286c0000)]
  0x000000001ade4800 JavaThread "jar transforms Thread 179" [_thread_blocked, id=11608, stack(0x00000000284c0000,0x00000000285c0000)]
  0x000000001ade5800 JavaThread "jar transforms Thread 178" [_thread_blocked, id=848, stack(0x00000000283c0000,0x00000000284c0000)]
  0x000000001adea000 JavaThread "jar transforms Thread 177" [_thread_blocked, id=1284, stack(0x00000000282c0000,0x00000000283c0000)]
  0x000000001ade2800 JavaThread "jar transforms Thread 176" [_thread_blocked, id=1656, stack(0x00000000281c0000,0x00000000282c0000)]
  0x000000001ade7800 JavaThread "jar transforms Thread 175" [_thread_blocked, id=12404, stack(0x00000000280c0000,0x00000000281c0000)]
  0x000000001ade6000 JavaThread "jar transforms Thread 174" [_thread_blocked, id=9804, stack(0x0000000027fc0000,0x00000000280c0000)]
  0x000000001ade4000 JavaThread "jar transforms Thread 173" [_thread_blocked, id=11660, stack(0x0000000027ec0000,0x0000000027fc0000)]
  0x000000001ade9000 JavaThread "jar transforms Thread 172" [_thread_blocked, id=10348, stack(0x0000000027dc0000,0x0000000027ec0000)]
  0x000000001ade8800 JavaThread "jar transforms Thread 171" [_thread_blocked, id=7864, stack(0x0000000027cc0000,0x0000000027dc0000)]
  0x000000001ade7000 JavaThread "jar transforms Thread 170" [_thread_blocked, id=3460, stack(0x0000000027bc0000,0x0000000027cc0000)]
  0x000000001f729800 JavaThread "jar transforms Thread 169" [_thread_blocked, id=2508, stack(0x0000000027ac0000,0x0000000027bc0000)]
  0x000000001f72c800 JavaThread "jar transforms Thread 168" [_thread_blocked, id=12232, stack(0x00000000279c0000,0x0000000027ac0000)]
  0x000000001f729000 JavaThread "jar transforms Thread 167" [_thread_blocked, id=12484, stack(0x00000000278c0000,0x00000000279c0000)]
  0x000000001f72b000 JavaThread "jar transforms Thread 166" [_thread_blocked, id=6448, stack(0x00000000277c0000,0x00000000278c0000)]
  0x000000001f72a800 JavaThread "jar transforms Thread 165" [_thread_blocked, id=3500, stack(0x00000000276c0000,0x00000000277c0000)]
  0x000000001f728000 JavaThread "jar transforms Thread 164" [_thread_blocked, id=10720, stack(0x00000000275c0000,0x00000000276c0000)]
  0x000000001f727800 JavaThread "jar transforms Thread 163" [_thread_blocked, id=8356, stack(0x00000000274c0000,0x00000000275c0000)]
  0x000000001f72c000 JavaThread "jar transforms Thread 162" [_thread_blocked, id=5980, stack(0x00000000273c0000,0x00000000274c0000)]
  0x000000001f720800 JavaThread "jar transforms Thread 161" [_thread_blocked, id=7504, stack(0x00000000272c0000,0x00000000273c0000)]
  0x000000001f726800 JavaThread "jar transforms Thread 160" [_thread_blocked, id=9600, stack(0x00000000271c0000,0x00000000272c0000)]
  0x000000001f71f000 JavaThread "jar transforms Thread 159" [_thread_blocked, id=5024, stack(0x00000000270c0000,0x00000000271c0000)]
  0x000000001f724800 JavaThread "jar transforms Thread 158" [_thread_blocked, id=10032, stack(0x0000000026fc0000,0x00000000270c0000)]
  0x000000001f721800 JavaThread "jar transforms Thread 157" [_thread_blocked, id=4924, stack(0x0000000026ec0000,0x0000000026fc0000)]
  0x000000001f71f800 JavaThread "jar transforms Thread 156" [_thread_blocked, id=2036, stack(0x0000000026dc0000,0x0000000026ec0000)]
  0x000000001f726000 JavaThread "jar transforms Thread 155" [_thread_blocked, id=13056, stack(0x0000000026cc0000,0x0000000026dc0000)]
  0x000000001f722000 JavaThread "jar transforms Thread 154" [_thread_blocked, id=7628, stack(0x0000000026bc0000,0x0000000026cc0000)]
  0x000000001f725000 JavaThread "jar transforms Thread 153" [_thread_blocked, id=9564, stack(0x0000000026ac0000,0x0000000026bc0000)]
  0x000000001f71e000 JavaThread "jar transforms Thread 152" [_thread_blocked, id=11292, stack(0x00000000269c0000,0x0000000026ac0000)]
  0x000000001f71d800 JavaThread "jar transforms Thread 151" [_thread_blocked, id=11272, stack(0x00000000268c0000,0x00000000269c0000)]
  0x000000001f723800 JavaThread "jar transforms Thread 150" [_thread_blocked, id=504, stack(0x00000000267c0000,0x00000000268c0000)]
  0x000000001f723000 JavaThread "jar transforms Thread 149" [_thread_blocked, id=2520, stack(0x00000000266c0000,0x00000000267c0000)]
  0x000000001ba58800 JavaThread "jar transforms Thread 148" [_thread_blocked, id=10072, stack(0x00000000265c0000,0x00000000266c0000)]
  0x000000001ba5e000 JavaThread "jar transforms Thread 147" [_thread_blocked, id=9280, stack(0x00000000264c0000,0x00000000265c0000)]
  0x000000001ba5d800 JavaThread "jar transforms Thread 146" [_thread_blocked, id=11612, stack(0x00000000263c0000,0x00000000264c0000)]
  0x000000001ba5c000 JavaThread "jar transforms Thread 145" [_thread_blocked, id=3692, stack(0x00000000262c0000,0x00000000263c0000)]
  0x000000001ba5a000 JavaThread "jar transforms Thread 144" [_thread_blocked, id=6964, stack(0x00000000261c0000,0x00000000262c0000)]
  0x000000001e227800 JavaThread "jar transforms Thread 143" [_thread_blocked, id=6328, stack(0x00000000260c0000,0x00000000261c0000)]
  0x000000001e226000 JavaThread "jar transforms Thread 142" [_thread_blocked, id=2832, stack(0x0000000025fc0000,0x00000000260c0000)]
  0x000000001e229000 JavaThread "jar transforms Thread 141" [_thread_blocked, id=6836, stack(0x0000000025ec0000,0x0000000025fc0000)]
  0x000000001e224000 JavaThread "jar transforms Thread 140" [_thread_blocked, id=3536, stack(0x0000000025dc0000,0x0000000025ec0000)]
  0x000000001e227000 JavaThread "jar transforms Thread 139" [_thread_blocked, id=9732, stack(0x0000000025cc0000,0x0000000025dc0000)]
  0x000000001e223000 JavaThread "jar transforms Thread 138" [_thread_blocked, id=9468, stack(0x0000000025bc0000,0x0000000025cc0000)]
  0x000000001e225800 JavaThread "jar transforms Thread 137" [_thread_blocked, id=12196, stack(0x0000000025ac0000,0x0000000025bc0000)]
  0x000000001e21b800 JavaThread "jar transforms Thread 136" [_thread_blocked, id=7520, stack(0x00000000259c0000,0x0000000025ac0000)]
  0x000000001e222800 JavaThread "jar transforms Thread 135" [_thread_blocked, id=11968, stack(0x0000000024130000,0x0000000024230000)]
  0x000000001e221000 JavaThread "jar transforms Thread 134" [_thread_blocked, id=12880, stack(0x0000000023d00000,0x0000000023e00000)]
  0x000000001e21d000 JavaThread "jar transforms Thread 133" [_thread_blocked, id=10572, stack(0x0000000023c00000,0x0000000023d00000)]
  0x000000001e220000 JavaThread "jar transforms Thread 132" [_thread_blocked, id=12444, stack(0x00000000258c0000,0x00000000259c0000)]
  0x000000001e21e800 JavaThread "jar transforms Thread 131" [_thread_blocked, id=9748, stack(0x00000000257c0000,0x00000000258c0000)]
  0x000000001ab82800 JavaThread "jar transforms Thread 130" [_thread_blocked, id=8256, stack(0x00000000256c0000,0x00000000257c0000)]
  0x000000001ab81800 JavaThread "jar transforms Thread 129" [_thread_blocked, id=6468, stack(0x00000000255c0000,0x00000000256c0000)]
  0x000000001ab83000 JavaThread "jar transforms Thread 128" [_thread_blocked, id=4248, stack(0x00000000254c0000,0x00000000255c0000)]
  0x000000001ab84800 JavaThread "jar transforms Thread 127" [_thread_blocked, id=4912, stack(0x00000000253c0000,0x00000000254c0000)]
  0x000000001ab81000 JavaThread "jar transforms Thread 126" [_thread_blocked, id=1720, stack(0x00000000252c0000,0x00000000253c0000)]
  0x000000001ab84000 JavaThread "jar transforms Thread 125" [_thread_blocked, id=6516, stack(0x00000000251c0000,0x00000000252c0000)]
  0x000000001ab80000 JavaThread "jar transforms Thread 124" [_thread_blocked, id=13228, stack(0x00000000250c0000,0x00000000251c0000)]
  0x000000001ab85800 JavaThread "jar transforms Thread 123" [_thread_blocked, id=8248, stack(0x0000000024fc0000,0x00000000250c0000)]
  0x000000001ab78800 JavaThread "jar transforms Thread 122" [_thread_blocked, id=2244, stack(0x0000000024ec0000,0x0000000024fc0000)]
  0x000000001ab7f800 JavaThread "jar transforms Thread 121" [_thread_blocked, id=10384, stack(0x0000000024dc0000,0x0000000024ec0000)]
  0x000000001ab7e800 JavaThread "jar transforms Thread 120" [_thread_blocked, id=12592, stack(0x0000000024cc0000,0x0000000024dc0000)]
  0x000000001ab77000 JavaThread "jar transforms Thread 119" [_thread_blocked, id=6984, stack(0x0000000024bc0000,0x0000000024cc0000)]
  0x000000001ab79800 JavaThread "jar transforms Thread 118" [_thread_blocked, id=10968, stack(0x0000000024ac0000,0x0000000024bc0000)]
  0x000000001ab7e000 JavaThread "jar transforms Thread 117" [_thread_blocked, id=6424, stack(0x00000000249c0000,0x0000000024ac0000)]
  0x000000001ab7c800 JavaThread "jar transforms Thread 116" [_thread_blocked, id=2468, stack(0x00000000248c0000,0x00000000249c0000)]
  0x000000001ab7d000 JavaThread "jar transforms Thread 115" [_thread_blocked, id=12072, stack(0x00000000247c0000,0x00000000248c0000)]
  0x000000001bc06800 JavaThread "jar transforms Thread 114" [_thread_blocked, id=2984, stack(0x00000000246c0000,0x00000000247c0000)]
  0x000000001bc03800 JavaThread "jar transforms Thread 113" [_thread_blocked, id=11812, stack(0x00000000245c0000,0x00000000246c0000)]
  0x000000001bbff800 JavaThread "jar transforms Thread 112" [_thread_blocked, id=9012, stack(0x0000000023500000,0x0000000023600000)]
  0x000000001bbf9800 JavaThread "jar transforms Thread 111" [_thread_blocked, id=3636, stack(0x0000000023400000,0x0000000023500000)]
  0x000000001bbff000 JavaThread "jar transforms Thread 110" [_thread_blocked, id=4824, stack(0x0000000023300000,0x0000000023400000)]
  0x000000001bc00800 JavaThread "jar transforms Thread 109" [_thread_blocked, id=13264, stack(0x0000000023200000,0x0000000023300000)]
  0x000000001bbf8800 JavaThread "jar transforms Thread 108" [_thread_blocked, id=4552, stack(0x0000000023100000,0x0000000023200000)]
  0x000000001bbfe000 JavaThread "jar transforms Thread 107" [_thread_blocked, id=13020, stack(0x0000000023000000,0x0000000023100000)]
  0x000000001bbfd800 JavaThread "jar transforms Thread 106" [_thread_blocked, id=12984, stack(0x0000000022f00000,0x0000000023000000)]
  0x000000001bbfc800 JavaThread "jar transforms Thread 105" [_thread_blocked, id=4084, stack(0x0000000022e00000,0x0000000022f00000)]
  0x000000002bba0000 JavaThread "jar transforms Thread 104" [_thread_blocked, id=10768, stack(0x0000000022d00000,0x0000000022e00000)]
  0x000000002bb98800 JavaThread "jar transforms Thread 103" [_thread_blocked, id=9724, stack(0x0000000022c00000,0x0000000022d00000)]
  0x000000002bb9f800 JavaThread "jar transforms Thread 102" [_thread_blocked, id=12552, stack(0x0000000022b00000,0x0000000022c00000)]
  0x000000002bb9e800 JavaThread "jar transforms Thread 101" [_thread_blocked, id=6228, stack(0x0000000022a00000,0x0000000022b00000)]
  0x000000002bb9a000 JavaThread "jar transforms Thread 100" [_thread_blocked, id=7932, stack(0x0000000022690000,0x0000000022790000)]
  0x000000002bb9d000 JavaThread "jar transforms Thread 99" [_thread_blocked, id=11908, stack(0x00000000209d0000,0x0000000020ad0000)]
  0x000000002bb9e000 JavaThread "jar transforms Thread 98" [_thread_blocked, id=13168, stack(0x00000000208d0000,0x00000000209d0000)]
  0x000000002bb95800 JavaThread "jar transforms Thread 97" [_thread_blocked, id=9060, stack(0x00000000204d0000,0x00000000205d0000)]
  0x000000002bb99000 JavaThread "jar transforms Thread 96" [_thread_blocked, id=11868, stack(0x000000001d830000,0x000000001d930000)]
  0x000000002bb97000 JavaThread "jar transforms Thread 95" [_thread_blocked, id=9872, stack(0x000000001d730000,0x000000001d830000)]
  0x000000002bb9c800 JavaThread "jar transforms Thread 94" [_thread_blocked, id=12140, stack(0x000000001d630000,0x000000001d730000)]
  0x000000002bb9b800 JavaThread "jar transforms Thread 93" [_thread_blocked, id=2008, stack(0x000000001d530000,0x000000001d630000)]
  0x000000002bb94800 JavaThread "Daemon worker Thread 2" [_thread_blocked, id=13024, stack(0x000000001caf0000,0x000000001cbf0000)]
  0x000000002bb91800 JavaThread "Daemon Thread 2" [_thread_blocked, id=8012, stack(0x00000000013a0000,0x00000000014a0000)]
  0x000000001e224800 JavaThread "Cache worker for Java compile cache (C:\Users\Administrator\.gradle\caches\6.5\javaCompile)" [_thread_blocked, id=4792, stack(0x000000002bd70000,0x000000002be70000)]
  0x000000001e21c800 JavaThread "Memory manager" [_thread_blocked, id=8992, stack(0x0000000029ef0000,0x0000000029ff0000)]
  0x000000001ab78000 JavaThread "Cache worker for file content cache (C:\Users\Administrator\.gradle\caches\6.5\fileContent)" [_thread_blocked, id=6784, stack(0x0000000020d20000,0x0000000020e20000)]
  0x000000001ba58000 JavaThread "Cache worker for execution history cache (C:\Users\Administrator\.gradle\caches\6.5\executionHistory)" [_thread_blocked, id=13120, stack(0x00000000207d0000,0x00000000208d0000)]
  0x000000001ba5b000 JavaThread "Cache worker for file hash cache (C:\Users\Administrator\.gradle\caches\6.5\fileHashes)" [_thread_blocked, id=10188, stack(0x000000001de30000,0x000000001df30000)]
  0x000000001ba57000 JavaThread "File lock request listener" [_thread_in_native, id=8184, stack(0x000000001dd30000,0x000000001de30000)]
  0x000000001ba5c800 JavaThread "Cache worker for journal cache (C:\Users\Administrator\.gradle\caches\journal-1)" [_thread_blocked, id=12516, stack(0x000000001db30000,0x000000001dc30000)]
  0x000000001b7bc800 JavaThread "Daemon periodic checks" [_thread_blocked, id=8668, stack(0x000000001cf30000,0x000000001d030000)]
  0x000000001b749800 JavaThread "Incoming local TCP Connector on port 51706" [_thread_in_native, id=4720, stack(0x000000001ccf0000,0x000000001cdf0000)]
  0x000000001b718800 JavaThread "Daemon health stats" [_thread_blocked, id=8960, stack(0x000000001c6b0000,0x000000001c7b0000)]
  0x0000000019515800 JavaThread "Service Thread" daemon [_thread_blocked, id=9124, stack(0x0000000019b10000,0x0000000019c10000)]
  0x0000000019512800 JavaThread "C1 CompilerThread2" daemon [_thread_blocked, id=1480, stack(0x0000000019a10000,0x0000000019b10000)]
  0x0000000017e0d800 JavaThread "C2 CompilerThread1" daemon [_thread_in_native, id=2628, stack(0x0000000019910000,0x0000000019a10000)]
=>0x0000000017db8000 JavaThread "C2 CompilerThread0" daemon [_thread_in_native, id=9780, stack(0x0000000019410000,0x0000000019510000)]
  0x0000000017db5800 JavaThread "Attach Listener" daemon [_thread_blocked, id=12380, stack(0x0000000019310000,0x0000000019410000)]
  0x0000000017db4000 JavaThread "Signal Dispatcher" daemon [_thread_blocked, id=8360, stack(0x0000000019210000,0x0000000019310000)]
  0x000000000318b800 JavaThread "Finalizer" daemon [_thread_blocked, id=13260, stack(0x0000000019010000,0x0000000019110000)]
  0x0000000017d99000 JavaThread "Reference Handler" daemon [_thread_blocked, id=13012, stack(0x0000000018f10000,0x0000000019010000)]
  0x000000000307e800 JavaThread "main" [_thread_blocked, id=6548, stack(0x0000000002f20000,0x0000000003020000)]

Other Threads:
  0x0000000017d76800 VMThread [stack: 0x0000000018e10000,0x0000000018f10000] [id=2844]
  0x0000000019517000 WatcherThread [stack: 0x0000000019c10000,0x0000000019d10000] [id=7340]

VM state:not at safepoint (normal execution)

VM Mutex/Monitor currently owned by a thread: None

heap address: 0x0000000080000000, size: 2048 MB, Compressed Oops mode: 32-bit
Narrow klass base: 0x0000000000000000, Narrow klass shift: 3
Compressed class space size: 1073741824 Address: 0x0000000100000000

Heap:
 PSYoungGen      total 338944K, used 41734K [0x00000000d5580000, 0x00000000ee480000, 0x0000000100000000)
  eden space 304128K, 5% used [0x00000000d5580000,0x00000000d6553210,0x00000000e7e80000)
  from space 34816K, 73% used [0x00000000e7e80000,0x00000000e976e798,0x00000000ea080000)
  to   space 36864K, 0% used [0x00000000ec080000,0x00000000ec080000,0x00000000ee480000)
 ParOldGen       total 186880K, used 52396K [0x0000000080000000, 0x000000008b680000, 0x00000000d5580000)
  object space 186880K, 28% used [0x0000000080000000,0x000000008332b0e8,0x000000008b680000)
 Metaspace       used 107532K, capacity 113446K, committed 113688K, reserved 1148928K
  class space    used 13963K, capacity 15076K, committed 15152K, reserved 1048576K

Card table byte_map: [0x0000000012550000,0x0000000012960000] byte_map_base: 0x0000000012150000

Marking Bits: (ParMarkBitMap*) 0x0000000071ddf030
 Begin Bits: [0x0000000013010000, 0x0000000015010000)
 End Bits:   [0x0000000015010000, 0x0000000017010000)

Polling page: 0x00000000011c0000

CodeCache: size=245760Kb used=54405Kb max_used=54415Kb free=191354Kb
 bounds [0x0000000003190000, 0x00000000066f0000, 0x0000000012190000]
 total_blobs=17015 nmethods=16001 adapters=923
 compilation: enabled

Compilation events (10 events):
Event: 420.960 Thread 0x0000000019512800 19045   !   3       java.util.concurrent.ArrayBlockingQueue::poll (38 bytes)
Event: 420.961 Thread 0x0000000019512800 nmethod 19045 0x00000000066e1550 code [0x00000000066e1700, 0x00000000066e1e18]
Event: 420.961 Thread 0x0000000019512800 19046   !   3       java.util.concurrent.ArrayBlockingQueue::offer (55 bytes)
Event: 420.961 Thread 0x0000000019512800 nmethod 19046 0x00000000066de6d0 code [0x00000000066de8c0, 0x00000000066df298]
Event: 420.965 Thread 0x0000000017db8000 nmethod 19042 0x00000000066ea550 code [0x00000000066ea700, 0x00000000066eac18]
Event: 420.965 Thread 0x0000000017db8000 19041       4       java.util.stream.FindOps$FindOp::getOpFlags (19 bytes)
Event: 420.965 Thread 0x0000000017db8000 nmethod 19041 0x00000000066d4b50 code [0x00000000066d4c80, 0x00000000066d4cf8]
Event: 420.965 Thread 0x0000000017db8000 19043       4       java.util.stream.FindOps$FindSink$OfRef::get (5 bytes)
Event: 420.967 Thread 0x0000000017db8000 nmethod 19043 0x00000000066e8a10 code [0x00000000066e8b60, 0x00000000066e8c58]
Event: 420.970 Thread 0x0000000017db8000 19047       4       org.gradle.internal.snapshot.impl.DirectorySnapshotter$PathVisitor::shouldVisit (71 bytes)

GC Heap History (10 events):
Event: 365.727 GC heap before
{Heap before GC invocations=19 (full 3):
 PSYoungGen      total 259584K, used 259571K [0x00000000d5580000, 0x00000000eb500000, 0x0000000100000000)
  eden space 233984K, 100% used [0x00000000d5580000,0x00000000e3a00000,0x00000000e3a00000)
  from space 25600K, 99% used [0x00000000e3a00000,0x00000000e52fcdf8,0x00000000e5300000)
  to   space 36864K, 0% used [0x00000000e9100000,0x00000000e9100000,0x00000000eb500000)
 ParOldGen       total 119296K, used 53726K [0x0000000080000000, 0x0000000087480000, 0x00000000d5580000)
  object space 119296K, 45% used [0x0000000080000000,0x0000000083477a58,0x0000000087480000)
 Metaspace       used 92549K, capacity 97764K, committed 98072K, reserved 1134592K
  class space    used 12254K, capacity 13268K, committed 13360K, reserved 1048576K
Event: 365.776 GC heap after
Heap after GC invocations=19 (full 3):
 PSYoungGen      total 300544K, used 12773K [0x00000000d5580000, 0x00000000ea800000, 0x0000000100000000)
  eden space 276992K, 0% used [0x00000000d5580000,0x00000000d5580000,0x00000000e6400000)
  from space 23552K, 54% used [0x00000000e9100000,0x00000000e9d79540,0x00000000ea800000)
  to   space 34816K, 0% used [0x00000000e6400000,0x00000000e6400000,0x00000000e8600000)
 ParOldGen       total 119296K, used 75429K [0x0000000080000000, 0x0000000087480000, 0x00000000d5580000)
  object space 119296K, 63% used [0x0000000080000000,0x00000000849a9448,0x0000000087480000)
 Metaspace       used 92549K, capacity 97764K, committed 98072K, reserved 1134592K
  class space    used 12254K, capacity 13268K, committed 13360K, reserved 1048576K
}
Event: 397.687 GC heap before
{Heap before GC invocations=20 (full 3):
 PSYoungGen      total 300544K, used 47279K [0x00000000d5580000, 0x00000000ea800000, 0x0000000100000000)
  eden space 276992K, 12% used [0x00000000d5580000,0x00000000d77326f0,0x00000000e6400000)
  from space 23552K, 54% used [0x00000000e9100000,0x00000000e9d79540,0x00000000ea800000)
  to   space 34816K, 0% used [0x00000000e6400000,0x00000000e6400000,0x00000000e8600000)
 ParOldGen       total 119296K, used 75429K [0x0000000080000000, 0x0000000087480000, 0x00000000d5580000)
  object space 119296K, 63% used [0x0000000080000000,0x00000000849a9448,0x0000000087480000)
 Metaspace       used 93094K, capacity 98504K, committed 98600K, reserved 1134592K
  class space    used 12319K, capacity 13395K, committed 13488K, reserved 1048576K
Event: 397.700 GC heap after
Heap after GC invocations=20 (full 3):
 PSYoungGen      total 311808K, used 8151K [0x00000000d5580000, 0x00000000ec180000, 0x0000000100000000)
  eden space 276992K, 0% used [0x00000000d5580000,0x00000000d5580000,0x00000000e6400000)
  from space 34816K, 23% used [0x00000000e6400000,0x00000000e6bf5ef0,0x00000000e8600000)
  to   space 33792K, 0% used [0x00000000ea080000,0x00000000ea080000,0x00000000ec180000)
 ParOldGen       total 119296K, used 75437K [0x0000000080000000, 0x0000000087480000, 0x00000000d5580000)
  object space 119296K, 63% used [0x0000000080000000,0x00000000849ab448,0x0000000087480000)
 Metaspace       used 93094K, capacity 98504K, committed 98600K, reserved 1134592K
  class space    used 12319K, capacity 13395K, committed 13488K, reserved 1048576K
}
Event: 397.701 GC heap before
{Heap before GC invocations=21 (full 4):
 PSYoungGen      total 311808K, used 8151K [0x00000000d5580000, 0x00000000ec180000, 0x0000000100000000)
  eden space 276992K, 0% used [0x00000000d5580000,0x00000000d5580000,0x00000000e6400000)
  from space 34816K, 23% used [0x00000000e6400000,0x00000000e6bf5ef0,0x00000000e8600000)
  to   space 33792K, 0% used [0x00000000ea080000,0x00000000ea080000,0x00000000ec180000)
 ParOldGen       total 119296K, used 75437K [0x0000000080000000, 0x0000000087480000, 0x00000000d5580000)
  object space 119296K, 63% used [0x0000000080000000,0x00000000849ab448,0x0000000087480000)
 Metaspace       used 93094K, capacity 98504K, committed 98600K, reserved 1134592K
  class space    used 12319K, capacity 13395K, committed 13488K, reserved 1048576K
Event: 397.922 GC heap after
Heap after GC invocations=21 (full 4):
 PSYoungGen      total 311808K, used 0K [0x00000000d5580000, 0x00000000ec180000, 0x0000000100000000)
  eden space 276992K, 0% used [0x00000000d5580000,0x00000000d5580000,0x00000000e6400000)
  from space 34816K, 0% used [0x00000000e6400000,0x00000000e6400000,0x00000000e8600000)
  to   space 33792K, 0% used [0x00000000ea080000,0x00000000ea080000,0x00000000ec180000)
 ParOldGen       total 186880K, used 52380K [0x0000000080000000, 0x000000008b680000, 0x00000000d5580000)
  object space 186880K, 28% used [0x0000000080000000,0x00000000833270e8,0x000000008b680000)
 Metaspace       used 92612K, capacity 97476K, committed 98600K, reserved 1134592K
  class space    used 12146K, capacity 13096K, committed 13488K, reserved 1048576K
}
Event: 401.225 GC heap before
{Heap before GC invocations=22 (full 4):
 PSYoungGen      total 311808K, used 276992K [0x00000000d5580000, 0x00000000ec180000, 0x0000000100000000)
  eden space 276992K, 100% used [0x00000000d5580000,0x00000000e6400000,0x00000000e6400000)
  from space 34816K, 0% used [0x00000000e6400000,0x00000000e6400000,0x00000000e8600000)
  to   space 33792K, 0% used [0x00000000ea080000,0x00000000ea080000,0x00000000ec180000)
 ParOldGen       total 186880K, used 52380K [0x0000000080000000, 0x000000008b680000, 0x00000000d5580000)
  object space 186880K, 28% used [0x0000000080000000,0x00000000833270e8,0x000000008b680000)
 Metaspace       used 101447K, capacity 106846K, committed 107160K, reserved 1142784K
  class space    used 13337K, capacity 14352K, committed 14512K, reserved 1048576K
Event: 401.256 GC heap after
Heap after GC invocations=22 (full 4):
 PSYoungGen      total 337920K, used 20855K [0x00000000d5580000, 0x00000000ec800000, 0x0000000100000000)
  eden space 304128K, 0% used [0x00000000d5580000,0x00000000d5580000,0x00000000e7e80000)
  from space 33792K, 61% used [0x00000000ea080000,0x00000000eb4ddea8,0x00000000ec180000)
  to   space 34816K, 0% used [0x00000000e7e80000,0x00000000e7e80000,0x00000000ea080000)
 ParOldGen       total 186880K, used 52388K [0x0000000080000000, 0x000000008b680000, 0x00000000d5580000)
  object space 186880K, 28% used [0x0000000080000000,0x00000000833290e8,0x000000008b680000)
 Metaspace       used 101447K, capacity 106846K, committed 107160K, reserved 1142784K
  class space    used 13337K, capacity 14352K, committed 14512K, reserved 1048576K
}
Event: 420.562 GC heap before
{Heap before GC invocations=23 (full 4):
 PSYoungGen      total 337920K, used 324983K [0x00000000d5580000, 0x00000000ec800000, 0x0000000100000000)
  eden space 304128K, 100% used [0x00000000d5580000,0x00000000e7e80000,0x00000000e7e80000)
  from space 33792K, 61% used [0x00000000ea080000,0x00000000eb4ddea8,0x00000000ec180000)
  to   space 34816K, 0% used [0x00000000e7e80000,0x00000000e7e80000,0x00000000ea080000)
 ParOldGen       total 186880K, used 52388K [0x0000000080000000, 0x000000008b680000, 0x00000000d5580000)
  object space 186880K, 28% used [0x0000000080000000,0x00000000833290e8,0x000000008b680000)
 Metaspace       used 107247K, capacity 113092K, committed 113432K, reserved 1146880K
  class space    used 13936K, capacity 15069K, committed 15152K, reserved 1048576K
Event: 420.602 GC heap after
Heap after GC invocations=23 (full 4):
 PSYoungGen      total 338944K, used 25529K [0x00000000d5580000, 0x00000000ee480000, 0x0000000100000000)
  eden space 304128K, 0% used [0x00000000d5580000,0x00000000d5580000,0x00000000e7e80000)
  from space 34816K, 73% used [0x00000000e7e80000,0x00000000e976e798,0x00000000ea080000)
  to   space 36864K, 0% used [0x00000000ec080000,0x00000000ec080000,0x00000000ee480000)
 ParOldGen       total 186880K, used 52396K [0x0000000080000000, 0x000000008b680000, 0x00000000d5580000)
  object space 186880K, 28% used [0x0000000080000000,0x000000008332b0e8,0x000000008b680000)
 Metaspace       used 107247K, capacity 113092K, committed 113432K, reserved 1146880K
  class space    used 13936K, capacity 15069K, committed 15152K, reserved 1048576K
}

Deoptimization events (10 events):
Event: 420.322 Thread 0x000000002bb94800 Uncommon trap: reason=bimorphic action=maybe_recompile pc=0x0000000006393e54 method=com.sun.org.apache.xerces.internal.dom.NodeImpl.getUserData(Ljava/lang/String;)Ljava/lang/Object; @ 1
Event: 420.665 Thread 0x000000002bb94800 Uncommon trap: reason=class_check action=maybe_recompile pc=0x0000000005232ff0 method=java.util.HashMap$EntrySpliterator.forEachRemaining(Ljava/util/function/Consumer;)V @ 142
Event: 420.666 Thread 0x000000002bb94800 Uncommon trap: reason=unstable_if action=reinterpret pc=0x0000000006566dc8 method=com.sun.org.apache.xerces.internal.dom.ParentNode.internalInsertBefore(Lorg/w3c/dom/Node;Lorg/w3c/dom/Node;Z)Lorg/w3c/dom/Node; @ 572
Event: 420.666 Thread 0x000000002bb94800 Uncommon trap: reason=speculate_class_check action=maybe_recompile pc=0x0000000003cd8154 method=com.sun.org.apache.xerces.internal.dom.ElementImpl.getNodeName()Ljava/lang/String; @ 8
Event: 420.722 Thread 0x000000002bb94800 Uncommon trap: reason=unstable_if action=reinterpret pc=0x0000000005d40fbc method=java.lang.Class.getSimpleName()Ljava/lang/String; @ 4
Event: 420.774 Thread 0x000000002bb94800 Uncommon trap: reason=unstable_if action=reinterpret pc=0x0000000006299204 method=com.sun.org.apache.xerces.internal.impl.XMLDocumentFragmentScannerImpl.getString()Lcom/sun/org/apache/xerces/internal/xni/XMLString; @ 8
Event: 420.779 Thread 0x000000002bb94800 Uncommon trap: reason=bimorphic action=maybe_recompile pc=0x0000000004cb0768 method=java.io.Writer.append(Ljava/lang/CharSequence;)Ljava/io/Writer; @ 20
Event: 420.779 Thread 0x000000002bb94800 Uncommon trap: reason=unstable_if action=reinterpret pc=0x0000000003614618 method=sun.nio.cs.SingleByte$Encoder.encodeArrayLoop(Ljava/nio/CharBuffer;Ljava/nio/ByteBuffer;)Ljava/nio/charset/CoderResult; @ 70
Event: 420.827 Thread 0x000000002bb94800 Uncommon trap: reason=unstable_if action=reinterpret pc=0x0000000005f29520 method=org.gradle.internal.operations.DefaultBuildOperationExecutor$3.stop()V @ 61
Event: 420.841 Thread 0x000000002bb94800 Uncommon trap: reason=unstable_if action=reinterpret pc=0x0000000005f29520 method=org.gradle.internal.operations.DefaultBuildOperationExecutor$3.stop()V @ 61

Classes redefined (0 events):
No events

Internal exceptions (10 events):
Event: 418.929 Thread 0x000000001ba59800 Exception <a 'java/lang/NoSuchMethodError': <clinit>> (0x00000000e62fef20) thrown at [C:\src\AOSP-openjdk-git\hotspot\src\share\vm\prims\jni.cpp, line 1615]
Event: 418.932 Thread 0x000000001ba59800 Exception <a 'java/lang/NoSuchMethodError': <clinit>> (0x00000000e6313620) thrown at [C:\src\AOSP-openjdk-git\hotspot\src\share\vm\prims\jni.cpp, line 1615]
Event: 420.181 Thread 0x000000002bb94800 Exception <a 'sun/nio/fs/WindowsException'> (0x00000000e714b510) thrown at [C:\src\AOSP-openjdk-git\hotspot\src\share\vm\prims\jni.cpp, line 710]
Event: 420.181 Thread 0x000000002bb94800 Exception <a 'sun/nio/fs/WindowsException'> (0x00000000e714d110) thrown at [C:\src\AOSP-openjdk-git\hotspot\src\share\vm\prims\jni.cpp, line 710]
Event: 420.181 Thread 0x000000002bb94800 Exception <a 'sun/nio/fs/WindowsException'> (0x00000000e714e1b0) thrown at [C:\src\AOSP-openjdk-git\hotspot\src\share\vm\prims\jni.cpp, line 710]
Event: 420.181 Thread 0x000000002bb94800 Exception <a 'sun/nio/fs/WindowsException'> (0x00000000e714fd78) thrown at [C:\src\AOSP-openjdk-git\hotspot\src\share\vm\prims\jni.cpp, line 710]
Event: 420.181 Thread 0x000000002bb94800 Exception <a 'sun/nio/fs/WindowsException'> (0x00000000e7150dd0) thrown at [C:\src\AOSP-openjdk-git\hotspot\src\share\vm\prims\jni.cpp, line 710]
Event: 420.181 Thread 0x000000002bb94800 Exception <a 'sun/nio/fs/WindowsException'> (0x00000000e7152980) thrown at [C:\src\AOSP-openjdk-git\hotspot\src\share\vm\prims\jni.cpp, line 710]
Event: 420.826 Thread 0x000000002bb94800 Exception <a 'java/io/IOException'> (0x00000000d5c23aa0) thrown at [C:\src\AOSP-openjdk-git\hotspot\src\share\vm\prims\jni.cpp, line 710]
Event: 420.826 Thread 0x000000002bb94800 Exception <a 'java/lang/reflect/InvocationTargetException'> (0x00000000d5c24838) thrown at [C:\src\AOSP-openjdk-git\hotspot\src\share\vm\runtime\reflection.cpp, line 1092]

Events (10 events):
Event: 420.779 Thread 0x000000002bb94800 DEOPT UNPACKING pc=0x00000000031d557b sp=0x000000001cbe8b00 mode 2
Event: 420.779 Thread 0x000000002bb94800 Uncommon trap: trap_request=0xffffff65 fr.pc=0x0000000003614618
Event: 420.779 Thread 0x000000002bb94800 DEOPT PACKING pc=0x0000000003614618 sp=0x000000001cbe87f0
Event: 420.780 Thread 0x000000002bb94800 DEOPT UNPACKING pc=0x00000000031d557b sp=0x000000001cbe8778 mode 2
Event: 420.826 Thread 0x000000002bb94800 Uncommon trap: trap_request=0xffffff65 fr.pc=0x0000000005f29520
Event: 420.827 Thread 0x000000002bb94800 DEOPT PACKING pc=0x0000000005f29520 sp=0x000000001cbe9db0
Event: 420.827 Thread 0x000000002bb94800 DEOPT UNPACKING pc=0x00000000031d557b sp=0x000000001cbe9d70 mode 2
Event: 420.841 Thread 0x000000002bb94800 Uncommon trap: trap_request=0xffffff65 fr.pc=0x0000000005f29520
Event: 420.841 Thread 0x000000002bb94800 DEOPT PACKING pc=0x0000000005f29520 sp=0x000000001cbebfc0
Event: 420.841 Thread 0x000000002bb94800 DEOPT UNPACKING pc=0x00000000031d557b sp=0x000000001cbebf80 mode 2


Dynamic libraries:
0x00007ff6ed0a0000 - 0x00007ff6ed0d1000 	C:\Program Files\Android\Android Studio\jre\bin\java.exe
0x00007ff8339d0000 - 0x00007ff833bc6000 	C:\WINDOWS\SYSTEM32\ntdll.dll
0x00007ff8335d0000 - 0x00007ff83368d000 	C:\WINDOWS\System32\KERNEL32.DLL
0x00007ff8312d0000 - 0x00007ff831598000 	C:\WINDOWS\System32\KERNELBASE.dll
0x00007ff8338d0000 - 0x00007ff83397c000 	C:\WINDOWS\System32\ADVAPI32.dll
0x00007ff833470000 - 0x00007ff83350e000 	C:\WINDOWS\System32\msvcrt.dll
0x00007ff832f60000 - 0x00007ff832ffb000 	C:\WINDOWS\System32\sechost.dll
0x00007ff832c70000 - 0x00007ff832d94000 	C:\WINDOWS\System32\RPCRT4.dll
0x00007ff831e20000 - 0x00007ff831fc0000 	C:\WINDOWS\System32\USER32.dll
0x00007ff831980000 - 0x00007ff8319a2000 	C:\WINDOWS\System32\win32u.dll
0x00007ff832f20000 - 0x00007ff832f4a000 	C:\WINDOWS\System32\GDI32.dll
0x00007ff8311c0000 - 0x00007ff8312c9000 	C:\WINDOWS\System32\gdi32full.dll
0x00007ff8315a0000 - 0x00007ff83163d000 	C:\WINDOWS\System32\msvcp_win.dll
0x00007ff8317a0000 - 0x00007ff8318a0000 	C:\WINDOWS\System32\ucrtbase.dll
0x00007ff81e820000 - 0x00007ff81eabb000 	C:\WINDOWS\WinSxS\amd64_microsoft.windows.common-controls_6595b64144ccf1df_6.0.19041.488_none_ca04af081b815d21\COMCTL32.dll
0x00007ff8338a0000 - 0x00007ff8338d0000 	C:\WINDOWS\System32\IMM32.DLL
0x0000000071450000 - 0x0000000071522000 	C:\Program Files\Android\Android Studio\jre\jre\bin\msvcr100.dll
0x0000000071610000 - 0x0000000071e5b000 	C:\Program Files\Android\Android Studio\jre\jre\bin\server\jvm.dll
0x00007ff8335c0000 - 0x00007ff8335c8000 	C:\WINDOWS\System32\PSAPI.DLL
0x00007ff81e550000 - 0x00007ff81e577000 	C:\WINDOWS\SYSTEM32\WINMM.dll
0x00007ff827270000 - 0x00007ff82727a000 	C:\WINDOWS\SYSTEM32\VERSION.dll
0x00007ff81a500000 - 0x00007ff81a509000 	C:\WINDOWS\SYSTEM32\WSOCK32.dll
0x00007ff832dc0000 - 0x00007ff832e2b000 	C:\WINDOWS\System32\WS2_32.dll
0x00007ff82bb80000 - 0x00007ff82bb8f000 	C:\Program Files\Android\Android Studio\jre\jre\bin\verify.dll
0x00007ff82a340000 - 0x00007ff82a369000 	C:\Program Files\Android\Android Studio\jre\jre\bin\java.dll
0x00007ff82bb60000 - 0x00007ff82bb76000 	C:\Program Files\Android\Android Studio\jre\jre\bin\zip.dll
0x00007ff832440000 - 0x00007ff832b81000 	C:\WINDOWS\System32\SHELL32.dll
0x00007ff82ee90000 - 0x00007ff82f625000 	C:\WINDOWS\SYSTEM32\windows.storage.dll
0x00007ff831fc0000 - 0x00007ff832315000 	C:\WINDOWS\System32\combase.dll
0x00007ff830ab0000 - 0x00007ff830adc000 	C:\WINDOWS\SYSTEM32\Wldp.dll
0x00007ff833510000 - 0x00007ff8335be000 	C:\WINDOWS\System32\SHCORE.dll
0x00007ff831b00000 - 0x00007ff831b55000 	C:\WINDOWS\System32\shlwapi.dll
0x00007ff831040000 - 0x00007ff831066000 	C:\WINDOWS\SYSTEM32\profapi.dll
0x00007ff8254a0000 - 0x00007ff8254ba000 	C:\Program Files\Android\Android Studio\jre\jre\bin\net.dll
0x00007ff830830000 - 0x00007ff83089a000 	C:\WINDOWS\system32\mswsock.dll
0x00007ff81e2f0000 - 0x00007ff81e303000 	C:\Program Files\Android\Android Studio\jre\jre\bin\nio.dll
0x00007ff81d170000 - 0x00007ff81d197000 	C:\Users\Administrator\.gradle\native\f6784746aeab05261644944871eae4fe03e0ef1612fff0a4a95f87b438bc6780\windows-amd64\native-platform.dll
0x00007ff82bb30000 - 0x00007ff82bb3d000 	C:\Program Files\Android\Android Studio\jre\jre\bin\management.dll
0x00007ff830a00000 - 0x00007ff830a18000 	C:\WINDOWS\SYSTEM32\CRYPTSP.dll
0x00007ff8301c0000 - 0x00007ff8301f4000 	C:\WINDOWS\system32\rsaenh.dll
0x00007ff8318a0000 - 0x00007ff8318c7000 	C:\WINDOWS\System32\bcrypt.dll
0x00007ff831000000 - 0x00007ff83102e000 	C:\WINDOWS\SYSTEM32\USERENV.dll
0x00007ff8319b0000 - 0x00007ff831a2f000 	C:\WINDOWS\System32\bcryptprimitives.dll
0x00007ff830a20000 - 0x00007ff830a2c000 	C:\WINDOWS\SYSTEM32\CRYPTBASE.dll
0x00007ff830520000 - 0x00007ff83055b000 	C:\WINDOWS\SYSTEM32\IPHLPAPI.DLL
0x00007ff833980000 - 0x00007ff833988000 	C:\WINDOWS\System32\NSI.dll
0x00007ff826390000 - 0x00007ff8263a7000 	C:\WINDOWS\SYSTEM32\dhcpcsvc6.DLL
0x00007ff8272c0000 - 0x00007ff8272dd000 	C:\WINDOWS\SYSTEM32\dhcpcsvc.DLL
0x00007ff830560000 - 0x00007ff83062b000 	C:\WINDOWS\SYSTEM32\DNSAPI.dll
0x00007ff829210000 - 0x00007ff82921b000 	C:\WINDOWS\SYSTEM32\WINNSI.DLL
0x00007ff81cd80000 - 0x00007ff81cf1c000 	C:\Program Files\Android\Android Studio\jre\jre\bin\awt.dll
0x00007ff831a30000 - 0x00007ff831afd000 	C:\WINDOWS\System32\OLEAUT32.dll
0x00007ff82eba0000 - 0x00007ff82ebcf000 	C:\WINDOWS\SYSTEM32\dwmapi.dll
0x00007ff82cb40000 - 0x00007ff82d100000 	C:\WINDOWS\SYSTEM32\d2d1.dll
0x00007ff82e0d0000 - 0x00007ff82e160000 	C:\WINDOWS\SYSTEM32\apphelp.dll
0x00007ff82e7f0000 - 0x00007ff82e88e000 	C:\WINDOWS\system32\uxtheme.dll

VM Arguments:
jvm_args: -Xmx2048m -Dfile.encoding=windows-1252 -Duser.country=US -Duser.language=en -Duser.variant 
java_command: org.gradle.launcher.daemon.bootstrap.GradleDaemon 6.5
java_class_path (initial): C:\Users\Administrator\.gradle\wrapper\dists\gradle-6.5-bin\6nifqtx7604sqp1q6g8wikw7p\gradle-6.5\lib\gradle-launcher-6.5.jar
Launcher Type: SUN_STANDARD

Environment Variables:
PATH=C:\WINDOWS\system32;C:\WINDOWS;C:\WINDOWS\System32\Wbem;C:\WINDOWS\System32\WindowsPowerShell\v1.0\;C:\WINDOWS\System32\OpenSSH\;C:\Program Files\dotnet\;C:\Program Files (x86)\Intel\Intel(R) Management Engine Components\DAL;C:\Program Files\Intel\Intel(R) Management Engine Components\DAL;C:\Program Files (x86)\Microsoft SQL Server\100\Tools\Binn\;C:\Program Files\Microsoft SQL Server\100\Tools\Binn\;C:\Program Files\Microsoft SQL Server\100\DTS\Binn\;C:\Program Files (x86)\Microsoft SQL Server\100\Tools\Binn\VSShell\Common7\IDE\;C:\Program Files (x86)\Microsoft SQL Server\100\DTS\Binn\;C:\Users\Administrator\AppData\Local\Microsoft\WindowsApps;C:\Users\Administrator\.dotnet\tools;C:\Users\Administrator\AppData\Local\Programs\Microsoft VS Code\bin;
USERNAME=Truc
OS=Windows_NT
PROCESSOR_IDENTIFIER=Intel64 Family 6 Model 142 Stepping 9, GenuineIntel



---------------  S Y S T E M  ---------------

OS: Windows 10.0 , 64 bit Build 19041 (10.0.19041.546)

CPU:total 4 (initial active 4) (2 cores per cpu, 2 threads per core) family 6 model 142 stepping 9, cmov, cx8, fxsr, mmx, sse, sse2, sse3, ssse3, sse4.1, sse4.2, popcnt, avx, avx2, aes, clmul, erms, 3dnowpref, lzcnt, ht, tsc, tscinvbit, bmi1, bmi2, adx

Memory: 4k page, physical 8251204k(1024520k free), swap 10199876k(500k free)

vm_info: OpenJDK 64-Bit Server VM (25.242-b01) for windows-amd64 JRE (1.8.0_242-release-1644-b01), built by "builder" with MS VC++ 10.0 (VS2010)

time: Sun Nov 29 21:04:15 2020
timezone: SE Asia Standard Time
elapsed time: 420 seconds (0d 0h 7m 0s)

