#
# There is insufficient memory for the Java Runtime Environment to continue.
# Native memory allocation (malloc) failed to allocate 913776 bytes for Chunk::new
# Possible reasons:
#   The system is out of physical RAM or swap space
#   The process is running with CompressedOops enabled, and the Java Heap may be blocking the growth of the native heap
# Possible solutions:
#   Reduce memory load on the system
#   Increase physical memory or swap space
#   Check if swap backing store is full
#   Decrease Java heap size (-Xmx/-Xms)
#   Decrease number of Java threads
#   Decrease Java thread stack sizes (-Xss)
#   Set larger code cache with -XX:ReservedCodeCacheSize=
#   JVM is running with Unscaled Compressed Oops mode in which the Java heap is
#     placed in the first 4GB address space. The Java Heap base address is the
#     maximum limit for the native heap growth. Please use -XX:HeapBaseMinAddress
#     to set the Java Heap base and to place the Java Heap above 4GB virtual address.
# This output file may be truncated or incomplete.
#
#  Out of Memory Error (allocation.cpp:389), pid=10520, tid=0x00000000000015a8
#
# JRE version: OpenJDK Runtime Environment (8.0_242-b01) (build 1.8.0_242-release-1644-b01)
# Java VM: OpenJDK 64-Bit Server VM (25.242-b01 mixed mode windows-amd64 compressed oops)
# Failed to write core dump. Minidumps are not enabled by default on client versions of Windows
#

---------------  T H R E A D  ---------------

Current thread (0x0000000017afb800):  JavaThread "C2 CompilerThread1" daemon [_thread_in_native, id=5544, stack(0x0000000019250000,0x0000000019350000)]

Stack: [0x0000000019250000,0x0000000019350000]
[error occurred during error reporting (printing stack bounds), id 0xc0000005]

Native frames: (J=compiled Java code, j=interpreted, Vv=VM code, C=native code)


Current CompileTask:
C2: 124877 14678       4       com.sun.tools.javac.comp.Resolve::findInheritedMemberType (202 bytes)


---------------  P R O C E S S  ---------------

Java Threads: ( => current thread )
  0x000000001e82d800 JavaThread "Cache worker for Java compile cache (E:\DoAn_WeatherAndroid\.gradle\6.5\javaCompile)" [_thread_in_native, id=8624, stack(0x000000002c300000,0x000000002c400000)]
  0x000000001e82d000 JavaThread "Cache worker for Java compile cache (C:\Users\Administrator\.gradle\caches\6.5\javaCompile)" [_thread_in_Java, id=8052, stack(0x000000002a8c0000,0x000000002a9c0000)]
  0x000000001e832000 JavaThread "stdout" [_thread_in_native, id=10496, stack(0x000000002c200000,0x000000002c300000)]
  0x000000001e830800 JavaThread "stderr" [_thread_in_native, id=8080, stack(0x000000002c100000,0x000000002c200000)]
  0x000000001e825800 JavaThread "stdout" [_thread_in_native, id=7620, stack(0x000000002c000000,0x000000002c100000)]
  0x000000001e82c000 JavaThread "stderr" [_thread_in_native, id=7888, stack(0x000000002bf00000,0x000000002c000000)]
  0x000000001e824800 JavaThread "stdout" [_thread_in_native, id=5816, stack(0x000000002be00000,0x000000002bf00000)]
  0x000000001e82b800 JavaThread "stderr" [_thread_in_native, id=8084, stack(0x000000002bd00000,0x000000002be00000)]
  0x000000001e824000 JavaThread "stdout" [_thread_in_native, id=7268, stack(0x000000002bc00000,0x000000002bd00000)]
  0x000000001e82a800 JavaThread "stderr" [_thread_in_native, id=6732, stack(0x000000002bb00000,0x000000002bc00000)]
  0x000000001e82a000 JavaThread "pool-6-thread-1" [_thread_blocked, id=3760, stack(0x000000002ba00000,0x000000002bb00000)]
  0x000000001e829000 JavaThread "WorkerExecutor Queue Thread 5" [_thread_blocked, id=992, stack(0x000000002b900000,0x000000002ba00000)]
  0x000000001e827000 JavaThread "MarlinRenderer Disposer" daemon [_thread_blocked, id=5224, stack(0x000000002b800000,0x000000002b900000)]
  0x000000001e828800 JavaThread "Java2D Disposer" daemon [_thread_blocked, id=5472, stack(0x000000002b450000,0x000000002b550000)]
  0x000000001e823000 JavaThread "WorkerExecutor Queue Thread 4" [_thread_blocked, id=10696, stack(0x000000002a9c0000,0x000000002aac0000)]
  0x000000001ad5e000 JavaThread "WorkerExecutor Queue Thread 2" [_thread_blocked, id=6524, stack(0x000000002a7c0000,0x000000002a8c0000)]
  0x000000001ad5c800 JavaThread "WorkerExecutor Queue" [_thread_blocked, id=4612, stack(0x000000002a2c0000,0x000000002a3c0000)]
  0x000000001ad54800 JavaThread "Cache worker for execution history cache (E:\DoAn_WeatherAndroid\.gradle\6.5\executionHistory)" [_thread_blocked, id=4592, stack(0x000000002a1c0000,0x000000002a2c0000)]
  0x000000001ad53800 JavaThread "Execution worker for ':' Thread 3" [_thread_blocked, id=3236, stack(0x000000002a0c0000,0x000000002a1c0000)]
  0x000000001ad5a800 JavaThread "Execution worker for ':' Thread 2" [_thread_blocked, id=6820, stack(0x0000000029fc0000,0x000000002a0c0000)]
  0x000000001ad52000 JavaThread "Execution worker for ':'" [_thread_blocked, id=7532, stack(0x0000000028cf0000,0x0000000028df0000)]
  0x000000001ad57800 JavaThread "Cache worker for file content cache (E:\DoAn_WeatherAndroid\.gradle\6.5\fileContent)" [_thread_blocked, id=2572, stack(0x00000000276a0000,0x00000000277a0000)]
  0x000000001ad51800 JavaThread "Cache worker for Build Output Cleanup Cache (E:\DoAn_WeatherAndroid\.gradle\buildOutputCleanup)" [_thread_blocked, id=9856, stack(0x00000000273a0000,0x00000000274a0000)]
  0x000000001ad53000 JavaThread "Build operations Thread 4" [_thread_blocked, id=5068, stack(0x00000000216a0000,0x00000000217a0000)]
  0x000000001ad58000 JavaThread "Build operations Thread 3" [_thread_blocked, id=10196, stack(0x00000000215a0000,0x00000000216a0000)]
  0x000000001ad56000 JavaThread "Build operations Thread 2" [_thread_blocked, id=10652, stack(0x0000000020da0000,0x0000000020ea0000)]
  0x000000001f358000 JavaThread "Build operations" [_thread_blocked, id=10716, stack(0x000000001f140000,0x000000001f240000)]
  0x000000001f357800 JavaThread "Cache worker for cache directory md-rule (C:\Users\Administrator\.gradle\caches\6.5\md-rule)" [_thread_blocked, id=4120, stack(0x000000001ee40000,0x000000001ef40000)]
  0x000000001f355000 JavaThread "Cache worker for cache directory md-supplier (C:\Users\Administrator\.gradle\caches\6.5\md-supplier)" [_thread_blocked, id=6944, stack(0x000000001d570000,0x000000001d670000)]
  0x000000001f359800 JavaThread "Cache worker for checksums cache (E:\DoAn_WeatherAndroid\.gradle\checksums)" [_thread_blocked, id=3664, stack(0x000000001d470000,0x000000001d570000)]
  0x000000001f356800 JavaThread "Cache worker for file hash cache (E:\DoAn_WeatherAndroid\.gradle\6.5\fileHashes)" [_thread_blocked, id=8756, stack(0x000000001d370000,0x000000001d470000)]
  0x000000001f354800 JavaThread "Thread-240" [_thread_blocked, id=4032, stack(0x000000001d270000,0x000000001d370000)]
  0x000000001f359000 JavaThread "Stdin handler" [_thread_blocked, id=9452, stack(0x000000001d170000,0x000000001d270000)]
  0x000000001f356000 JavaThread "Asynchronous log dispatcher for DefaultDaemonConnection: socket connection from /127.0.0.1:64992 to /127.0.0.1:65125" [_thread_blocked, id=9120, stack(0x000000001d070000,0x000000001d170000)]
  0x000000001f34d000 JavaThread "Cancel handler" [_thread_blocked, id=1004, stack(0x0000000001330000,0x0000000001430000)]
  0x000000001f353800 JavaThread "Handler for socket connection from /127.0.0.1:64992 to /127.0.0.1:65125" [_thread_in_native, id=2428, stack(0x0000000001230000,0x0000000001330000)]
  0x000000001f353000 JavaThread "jar transforms Thread 184" [_thread_blocked, id=6216, stack(0x00000000272a0000,0x00000000273a0000)]
  0x000000001f352000 JavaThread "jar transforms Thread 183" [_thread_blocked, id=3700, stack(0x00000000271a0000,0x00000000272a0000)]
  0x000000001f34f000 JavaThread "jar transforms Thread 182" [_thread_blocked, id=2996, stack(0x00000000270a0000,0x00000000271a0000)]
  0x000000001f350800 JavaThread "jar transforms Thread 181" [_thread_blocked, id=8492, stack(0x0000000026fa0000,0x00000000270a0000)]
  0x000000001f34d800 JavaThread "jar transforms Thread 180" [_thread_blocked, id=6784, stack(0x0000000026ea0000,0x0000000026fa0000)]
  0x000000001f34e800 JavaThread "jar transforms Thread 179" [_thread_blocked, id=9708, stack(0x0000000026da0000,0x0000000026ea0000)]
  0x000000001f34c000 JavaThread "jar transforms Thread 178" [_thread_blocked, id=8608, stack(0x0000000026ca0000,0x0000000026da0000)]
  0x000000001f34a800 JavaThread "jar transforms Thread 177" [_thread_blocked, id=3692, stack(0x0000000026ba0000,0x0000000026ca0000)]
  0x000000001f351800 JavaThread "jar transforms Thread 176" [_thread_blocked, id=8864, stack(0x0000000026aa0000,0x0000000026ba0000)]
  0x000000001f34b800 JavaThread "jar transforms Thread 175" [_thread_blocked, id=7212, stack(0x00000000269a0000,0x0000000026aa0000)]
  0x000000001f350000 JavaThread "jar transforms Thread 174" [_thread_blocked, id=10064, stack(0x00000000268a0000,0x00000000269a0000)]
  0x000000001f703000 JavaThread "jar transforms Thread 173" [_thread_blocked, id=8320, stack(0x00000000267a0000,0x00000000268a0000)]
  0x000000001f702800 JavaThread "jar transforms Thread 172" [_thread_blocked, id=5616, stack(0x00000000266a0000,0x00000000267a0000)]
  0x000000001f701000 JavaThread "jar transforms Thread 171" [_thread_blocked, id=10424, stack(0x00000000265a0000,0x00000000266a0000)]
  0x000000001f700000 JavaThread "jar transforms Thread 170" [_thread_blocked, id=10400, stack(0x00000000264a0000,0x00000000265a0000)]
  0x000000001f701800 JavaThread "jar transforms Thread 169" [_thread_blocked, id=3992, stack(0x00000000263a0000,0x00000000264a0000)]
  0x000000001f6ff800 JavaThread "jar transforms Thread 168" [_thread_blocked, id=6988, stack(0x00000000262a0000,0x00000000263a0000)]
  0x000000001f706000 JavaThread "jar transforms Thread 167" [_thread_blocked, id=204, stack(0x00000000261a0000,0x00000000262a0000)]
  0x000000001f705800 JavaThread "jar transforms Thread 166" [_thread_blocked, id=264, stack(0x00000000260a0000,0x00000000261a0000)]
  0x000000001f704800 JavaThread "jar transforms Thread 165" [_thread_blocked, id=7148, stack(0x0000000025fa0000,0x00000000260a0000)]
  0x000000001f704000 JavaThread "jar transforms Thread 164" [_thread_blocked, id=7748, stack(0x0000000025ea0000,0x0000000025fa0000)]
  0x000000001f6f8000 JavaThread "jar transforms Thread 163" [_thread_blocked, id=3204, stack(0x0000000025da0000,0x0000000025ea0000)]
  0x000000001f6fe800 JavaThread "jar transforms Thread 162" [_thread_blocked, id=4904, stack(0x0000000025ca0000,0x0000000025da0000)]
  0x000000001f6f7000 JavaThread "jar transforms Thread 161" [_thread_blocked, id=7384, stack(0x0000000025ba0000,0x0000000025ca0000)]
  0x000000001f6fd000 JavaThread "jar transforms Thread 160" [_thread_blocked, id=7908, stack(0x0000000025aa0000,0x0000000025ba0000)]
  0x000000001f6fb000 JavaThread "jar transforms Thread 159" [_thread_blocked, id=9716, stack(0x00000000259a0000,0x0000000025aa0000)]
  0x000000001f6fa000 JavaThread "jar transforms Thread 158" [_thread_blocked, id=8188, stack(0x00000000258a0000,0x00000000259a0000)]
  0x000000001f6fc800 JavaThread "jar transforms Thread 157" [_thread_blocked, id=3684, stack(0x00000000257a0000,0x00000000258a0000)]
  0x000000001f6f9800 JavaThread "jar transforms Thread 156" [_thread_blocked, id=1032, stack(0x00000000256a0000,0x00000000257a0000)]
  0x000000001f6fe000 JavaThread "jar transforms Thread 155" [_thread_blocked, id=7304, stack(0x00000000255a0000,0x00000000256a0000)]
  0x000000001f6fb800 JavaThread "jar transforms Thread 154" [_thread_blocked, id=8976, stack(0x00000000254a0000,0x00000000255a0000)]
  0x000000001f6f8800 JavaThread "jar transforms Thread 153" [_thread_blocked, id=8688, stack(0x00000000253a0000,0x00000000254a0000)]
  0x000000001b677000 JavaThread "jar transforms Thread 152" [_thread_blocked, id=3004, stack(0x00000000252a0000,0x00000000253a0000)]
  0x000000001b676000 JavaThread "jar transforms Thread 151" [_thread_blocked, id=5764, stack(0x00000000251a0000,0x00000000252a0000)]
  0x000000001b675800 JavaThread "jar transforms Thread 150" [_thread_blocked, id=1684, stack(0x00000000250a0000,0x00000000251a0000)]
  0x000000001b674800 JavaThread "jar transforms Thread 149" [_thread_blocked, id=7484, stack(0x0000000024fa0000,0x00000000250a0000)]
  0x000000001b674000 JavaThread "jar transforms Thread 148" [_thread_blocked, id=7540, stack(0x0000000024ea0000,0x0000000024fa0000)]
  0x000000001b673000 JavaThread "jar transforms Thread 147" [_thread_blocked, id=9860, stack(0x0000000024da0000,0x0000000024ea0000)]
  0x000000001b672800 JavaThread "jar transforms Thread 146" [_thread_blocked, id=2436, stack(0x0000000024ca0000,0x0000000024da0000)]
  0x000000001b66a800 JavaThread "jar transforms Thread 145" [_thread_blocked, id=2340, stack(0x0000000024ba0000,0x0000000024ca0000)]
  0x000000001b671800 JavaThread "jar transforms Thread 144" [_thread_blocked, id=8724, stack(0x0000000024aa0000,0x0000000024ba0000)]
  0x000000001b66a000 JavaThread "jar transforms Thread 143" [_thread_blocked, id=7492, stack(0x00000000249a0000,0x0000000024aa0000)]
  0x000000001b671000 JavaThread "jar transforms Thread 142" [_thread_blocked, id=4528, stack(0x00000000248a0000,0x00000000249a0000)]
  0x000000001b66d000 JavaThread "jar transforms Thread 141" [_thread_blocked, id=532, stack(0x00000000247a0000,0x00000000248a0000)]
  0x000000001b670000 JavaThread "jar transforms Thread 140" [_thread_blocked, id=7932, stack(0x00000000246a0000,0x00000000247a0000)]
  0x000000001b66f800 JavaThread "jar transforms Thread 139" [_thread_blocked, id=248, stack(0x00000000245a0000,0x00000000246a0000)]
  0x000000001b66e800 JavaThread "jar transforms Thread 138" [_thread_blocked, id=8356, stack(0x00000000244a0000,0x00000000245a0000)]
  0x000000001b668800 JavaThread "jar transforms Thread 137" [_thread_blocked, id=6916, stack(0x00000000243a0000,0x00000000244a0000)]
  0x000000001b66c800 JavaThread "jar transforms Thread 136" [_thread_blocked, id=6424, stack(0x00000000242a0000,0x00000000243a0000)]
  0x000000001b669000 JavaThread "jar transforms Thread 135" [_thread_blocked, id=6532, stack(0x00000000241a0000,0x00000000242a0000)]
  0x000000001b667800 JavaThread "jar transforms Thread 134" [_thread_blocked, id=3256, stack(0x00000000240a0000,0x00000000241a0000)]
  0x000000001b66b800 JavaThread "jar transforms Thread 133" [_thread_blocked, id=4624, stack(0x0000000023fa0000,0x00000000240a0000)]
  0x000000001b66e000 JavaThread "jar transforms Thread 132" [_thread_blocked, id=7968, stack(0x0000000023ea0000,0x0000000023fa0000)]
  0x0000000017b0b800 JavaThread "jar transforms Thread 131" [_thread_blocked, id=7224, stack(0x0000000023da0000,0x0000000023ea0000)]
  0x0000000017b10800 JavaThread "jar transforms Thread 130" [_thread_blocked, id=4828, stack(0x0000000023ca0000,0x0000000023da0000)]
  0x0000000017b0d800 JavaThread "jar transforms Thread 129" [_thread_blocked, id=2552, stack(0x0000000023ba0000,0x0000000023ca0000)]
  0x0000000017b0e800 JavaThread "jar transforms Thread 128" [_thread_blocked, id=7252, stack(0x0000000023aa0000,0x0000000023ba0000)]
  0x0000000017b10000 JavaThread "jar transforms Thread 127" [_thread_blocked, id=9164, stack(0x00000000239a0000,0x0000000023aa0000)]
  0x000000001fe21000 JavaThread "jar transforms Thread 126" [_thread_blocked, id=10372, stack(0x00000000238a0000,0x00000000239a0000)]
  0x000000001fe20000 JavaThread "jar transforms Thread 125" [_thread_blocked, id=6312, stack(0x00000000237a0000,0x00000000238a0000)]
  0x000000001fe1f800 JavaThread "jar transforms Thread 124" [_thread_blocked, id=6968, stack(0x00000000236a0000,0x00000000237a0000)]
  0x000000001fe1e800 JavaThread "jar transforms Thread 123" [_thread_blocked, id=9224, stack(0x00000000235a0000,0x00000000236a0000)]
  0x000000001fe22800 JavaThread "jar transforms Thread 122" [_thread_blocked, id=6452, stack(0x00000000234a0000,0x00000000235a0000)]
  0x000000001fe1d000 JavaThread "jar transforms Thread 121" [_thread_blocked, id=10940, stack(0x00000000233a0000,0x00000000234a0000)]
  0x000000001fe21800 JavaThread "jar transforms Thread 120" [_thread_blocked, id=2588, stack(0x00000000232a0000,0x00000000233a0000)]
  0x000000001fe15800 JavaThread "jar transforms Thread 119" [_thread_blocked, id=9456, stack(0x00000000231a0000,0x00000000232a0000)]
  0x000000001fe19800 JavaThread "jar transforms Thread 118" [_thread_blocked, id=9176, stack(0x00000000230a0000,0x00000000231a0000)]
  0x000000001fe15000 JavaThread "jar transforms Thread 117" [_thread_blocked, id=11084, stack(0x0000000022fa0000,0x00000000230a0000)]
  0x000000001fe18800 JavaThread "jar transforms Thread 116" [_thread_blocked, id=1180, stack(0x0000000022ea0000,0x0000000022fa0000)]
  0x000000001fe18000 JavaThread "jar transforms Thread 115" [_thread_blocked, id=8796, stack(0x0000000022da0000,0x0000000022ea0000)]
  0x000000001fe14000 JavaThread "jar transforms Thread 114" [_thread_blocked, id=8672, stack(0x0000000022ca0000,0x0000000022da0000)]
  0x000000001fe1a000 JavaThread "jar transforms Thread 113" [_thread_blocked, id=11092, stack(0x0000000022ba0000,0x0000000022ca0000)]
  0x000000001fe16800 JavaThread "jar transforms Thread 112" [_thread_blocked, id=3312, stack(0x0000000022aa0000,0x0000000022ba0000)]
  0x000000001a4af800 JavaThread "jar transforms Thread 111" [_thread_blocked, id=9528, stack(0x00000000229a0000,0x0000000022aa0000)]
  0x000000001a4b6800 JavaThread "jar transforms Thread 110" [_thread_blocked, id=8196, stack(0x00000000228a0000,0x00000000229a0000)]
  0x000000001a4b5000 JavaThread "jar transforms Thread 109" [_thread_blocked, id=3720, stack(0x00000000227a0000,0x00000000228a0000)]
  0x000000001a4b5800 JavaThread "jar transforms Thread 108" [_thread_blocked, id=5368, stack(0x00000000226a0000,0x00000000227a0000)]
  0x000000001a4b4000 JavaThread "jar transforms Thread 107" [_thread_blocked, id=1464, stack(0x00000000225a0000,0x00000000226a0000)]
  0x000000001a4b3800 JavaThread "jar transforms Thread 106" [_thread_blocked, id=3424, stack(0x00000000224a0000,0x00000000225a0000)]
  0x000000001a4b2000 JavaThread "jar transforms Thread 105" [_thread_blocked, id=10356, stack(0x00000000223a0000,0x00000000224a0000)]
  0x000000001a4b1000 JavaThread "jar transforms Thread 104" [_thread_blocked, id=7736, stack(0x00000000222a0000,0x00000000223a0000)]
  0x000000001a4b2800 JavaThread "jar transforms Thread 103" [_thread_blocked, id=4040, stack(0x00000000221a0000,0x00000000222a0000)]
  0x000000001a4b0800 JavaThread "jar transforms Thread 102" [_thread_blocked, id=5160, stack(0x00000000220a0000,0x00000000221a0000)]
  0x000000001a4a8000 JavaThread "jar transforms Thread 101" [_thread_blocked, id=7844, stack(0x0000000021fa0000,0x00000000220a0000)]
  0x000000001a4aa800 JavaThread "jar transforms Thread 100" [_thread_blocked, id=10900, stack(0x0000000021ea0000,0x0000000021fa0000)]
  0x000000001a4ac800 JavaThread "jar transforms Thread 99" [_thread_blocked, id=8720, stack(0x0000000021da0000,0x0000000021ea0000)]
  0x000000001a4a9800 JavaThread "jar transforms Thread 98" [_thread_blocked, id=8804, stack(0x0000000021ca0000,0x0000000021da0000)]
  0x000000001a4af000 JavaThread "jar transforms Thread 97" [_thread_blocked, id=6248, stack(0x0000000021ba0000,0x0000000021ca0000)]
  0x000000001a4ad800 JavaThread "jar transforms Thread 96" [_thread_blocked, id=6492, stack(0x0000000021aa0000,0x0000000021ba0000)]
  0x000000001ad5c000 JavaThread "jar transforms Thread 95" [_thread_blocked, id=7100, stack(0x00000000219a0000,0x0000000021aa0000)]
  0x000000001ad5b000 JavaThread "jar transforms Thread 94" [_thread_blocked, id=2308, stack(0x00000000218a0000,0x00000000219a0000)]
  0x000000001ad60800 JavaThread "jar transforms Thread 93" [_thread_blocked, id=4712, stack(0x00000000217a0000,0x00000000218a0000)]
  0x000000001ad56800 JavaThread "Daemon worker Thread 2" [_thread_blocked, id=11124, stack(0x000000001cf70000,0x000000001d070000)]
  0x000000001ad55000 JavaThread "Daemon Thread 2" [_thread_blocked, id=3400, stack(0x0000000001130000,0x0000000001230000)]
  0x000000001ad5f800 JavaThread "Memory manager" [_thread_blocked, id=10828, stack(0x0000000027da0000,0x0000000027ea0000)]
  0x000000001a4a7800 JavaThread "Cache worker for file content cache (C:\Users\Administrator\.gradle\caches\6.5\fileContent)" [_thread_blocked, id=7328, stack(0x0000000020ea0000,0x0000000020fa0000)]
  0x0000000017b11800 JavaThread "Cache worker for execution history cache (C:\Users\Administrator\.gradle\caches\6.5\executionHistory)" [_thread_blocked, id=10928, stack(0x00000000206a0000,0x00000000207a0000)]
  0x0000000017b0d000 JavaThread "Cache worker for file hash cache (C:\Users\Administrator\.gradle\caches\6.5\fileHashes)" [_thread_blocked, id=4708, stack(0x000000001db70000,0x000000001dc70000)]
  0x0000000017b0f000 JavaThread "File lock request listener" [_thread_in_native, id=6052, stack(0x000000001da70000,0x000000001db70000)]
  0x000000001a801000 JavaThread "Cache worker for journal cache (C:\Users\Administrator\.gradle\caches\journal-1)" [_thread_blocked, id=7460, stack(0x000000001d870000,0x000000001d970000)]
  0x000000001b536000 JavaThread "Daemon periodic checks" [_thread_blocked, id=10604, stack(0x000000001cc70000,0x000000001cd70000)]
  0x000000001b4f3800 JavaThread "Incoming local TCP Connector on port 64992" [_thread_in_native, id=7276, stack(0x000000001ca30000,0x000000001cb30000)]
  0x000000001957f000 JavaThread "Daemon health stats" [_thread_blocked, id=9272, stack(0x000000001c3f0000,0x000000001c4f0000)]
  0x0000000017b4d000 JavaThread "Service Thread" daemon [_thread_blocked, id=8716, stack(0x0000000019850000,0x0000000019950000)]
  0x0000000017b0c000 JavaThread "C1 CompilerThread2" daemon [_thread_blocked, id=10404, stack(0x0000000019350000,0x0000000019450000)]
=>0x0000000017afb800 JavaThread "C2 CompilerThread1" daemon [_thread_in_native, id=5544, stack(0x0000000019250000,0x0000000019350000)]
  0x0000000017af8000 JavaThread "C2 CompilerThread0" daemon [_thread_in_native, id=3272, stack(0x0000000019150000,0x0000000019250000)]
  0x0000000017af5800 JavaThread "Attach Listener" daemon [_thread_blocked, id=9232, stack(0x0000000019050000,0x0000000019150000)]
  0x0000000017af4800 JavaThread "Signal Dispatcher" daemon [_thread_blocked, id=2024, stack(0x0000000018f50000,0x0000000019050000)]
  0x0000000002ecc800 JavaThread "Finalizer" daemon [_thread_blocked, id=2648, stack(0x0000000018d50000,0x0000000018e50000)]
  0x0000000017ad9000 JavaThread "Reference Handler" daemon [_thread_blocked, id=388, stack(0x0000000018c50000,0x0000000018d50000)]
  0x0000000002c9e800 JavaThread "main" [_thread_blocked, id=3844, stack(0x0000000002cd0000,0x0000000002dd0000)]

Other Threads:
  0x0000000017ab6800 VMThread [stack: 0x0000000018b50000,0x0000000018c50000] [id=6840]
  0x0000000019493800 WatcherThread [stack: 0x0000000019950000,0x0000000019a50000] [id=488]

VM state:at safepoint (normal execution)

VM Mutex/Monitor currently owned by a thread:  ([mutex/lock_event])
[0x0000000002c9de40] Safepoint_lock - owner thread: 0x0000000017ab6800
[0x0000000002c9dfc0] Threads_lock - owner thread: 0x0000000017ab6800
[0x0000000002dd0d50] Compile_lock - owner thread: 0x000000001ad56000

heap address: 0x0000000080000000, size: 2048 MB, Compressed Oops mode: 32-bit
Narrow klass base: 0x0000000000000000, Narrow klass shift: 3
Compressed class space size: 1073741824 Address: 0x0000000100000000

Heap:
 PSYoungGen      total 303104K, used 211565K [0x00000000d5580000, 0x00000000ed700000, 0x0000000100000000)
  eden space 263680K, 69% used [0x00000000d5580000,0x00000000e09b0908,0x00000000e5700000)
  from space 39424K, 68% used [0x00000000e5700000,0x00000000e716adf8,0x00000000e7d80000)
  to   space 41472K, 0% used [0x00000000eae80000,0x00000000eae80000,0x00000000ed700000)
 ParOldGen       total 136192K, used 77519K [0x0000000080000000, 0x0000000088500000, 0x00000000d5580000)
  object space 136192K, 56% used [0x0000000080000000,0x0000000084bb3e40,0x0000000088500000)
 Metaspace       used 86103K, capacity 89940K, committed 90264K, reserved 1128448K
  class space    used 11134K, capacity 11842K, committed 11952K, reserved 1048576K

Card table byte_map: [0x0000000012290000,0x00000000126a0000] byte_map_base: 0x0000000011e90000

Marking Bits: (ParMarkBitMap*) 0x000000007706f030
 Begin Bits: [0x0000000012d50000, 0x0000000014d50000)
 End Bits:   [0x0000000014d50000, 0x0000000016d50000)

Polling page: 0x0000000002bf0000

CodeCache: size=245760Kb used=40500Kb max_used=40500Kb free=205259Kb
 bounds [0x0000000002ed0000, 0x00000000056a0000, 0x0000000011ed0000]
 total_blobs=13273 nmethods=12304 adapters=880
 compilation: enabled

Compilation events (10 events):
Event: 124.850 Thread 0x0000000017af8000 nmethod 14780 0x000000000567ff10 code [0x0000000005680060, 0x0000000005680208]
Event: 124.850 Thread 0x0000000017af8000 14789       4       com.sun.tools.javac.util.Assert::checkNonNull (9 bytes)
Event: 124.851 Thread 0x0000000017b0c000 14795       2       org.gradle.internal.work.DefaultWorkerLeaseService$DefaultWorkerLease::createChild (9 bytes)
Event: 124.851 Thread 0x0000000017af8000 nmethod 14789 0x000000000410d1d0 code [0x000000000410d300, 0x000000000410d358]
Event: 124.851 Thread 0x0000000017af8000 14785       4       com.sun.tools.javac.jvm.Pool::put (127 bytes)
Event: 124.852 Thread 0x0000000017b0c000 nmethod 14795 0x0000000005676f50 code [0x00000000056770c0, 0x00000000056773e8]
Event: 124.852 Thread 0x0000000017b0c000 14797   !   3       com.google.common.cache.LocalCache$Segment::reclaimValue (257 bytes)
Event: 124.854 Thread 0x0000000017b0c000 nmethod 14797 0x00000000056846d0 code [0x0000000005684ae0, 0x0000000005687eb8]
Event: 124.855 Thread 0x0000000017b0c000 14796       2       org.gradle.internal.work.DefaultWorkerLeaseService::access$800 (6 bytes)
Event: 124.855 Thread 0x0000000017b0c000 nmethod 14796 0x0000000005676950 code [0x0000000005676ac0, 0x0000000005676dc8]

GC Heap History (10 events):
Event: 30.424 GC heap before
{Heap before GC invocations=12 (full 3):
 PSYoungGen      total 217088K, used 14844K [0x00000000d5580000, 0x00000000e6380000, 0x0000000100000000)
  eden space 202240K, 0% used [0x00000000d5580000,0x00000000d5580000,0x00000000e1b00000)
  from space 14848K, 99% used [0x00000000e1b00000,0x00000000e297f320,0x00000000e2980000)
  to   space 22016K, 0% used [0x00000000e4e00000,0x00000000e4e00000,0x00000000e6380000)
 ParOldGen       total 85504K, used 29503K [0x0000000080000000, 0x0000000085380000, 0x00000000d5580000)
  object space 85504K, 34% used [0x0000000080000000,0x0000000081ccfff8,0x0000000085380000)
 Metaspace       used 56759K, capacity 59038K, committed 59160K, reserved 1099776K
  class space    used 7751K, capacity 8216K, committed 8240K, reserved 1048576K
Event: 30.698 GC heap after
Heap after GC invocations=12 (full 3):
 PSYoungGen      total 217088K, used 0K [0x00000000d5580000, 0x00000000e6380000, 0x0000000100000000)
  eden space 202240K, 0% used [0x00000000d5580000,0x00000000d5580000,0x00000000e1b00000)
  from space 14848K, 0% used [0x00000000e1b00000,0x00000000e1b00000,0x00000000e2980000)
  to   space 22016K, 0% used [0x00000000e4e00000,0x00000000e4e00000,0x00000000e6380000)
 ParOldGen       total 136192K, used 38969K [0x0000000080000000, 0x0000000088500000, 0x00000000d5580000)
  object space 136192K, 28% used [0x0000000080000000,0x000000008260e428,0x0000000088500000)
 Metaspace       used 56759K, capacity 59038K, committed 59160K, reserved 1099776K
  class space    used 7751K, capacity 8216K, committed 8240K, reserved 1048576K
}
Event: 34.846 GC heap before
{Heap before GC invocations=13 (full 3):
 PSYoungGen      total 217088K, used 202240K [0x00000000d5580000, 0x00000000e6380000, 0x0000000100000000)
  eden space 202240K, 100% used [0x00000000d5580000,0x00000000e1b00000,0x00000000e1b00000)
  from space 14848K, 0% used [0x00000000e1b00000,0x00000000e1b00000,0x00000000e2980000)
  to   space 22016K, 0% used [0x00000000e4e00000,0x00000000e4e00000,0x00000000e6380000)
 ParOldGen       total 136192K, used 38969K [0x0000000080000000, 0x0000000088500000, 0x00000000d5580000)
  object space 136192K, 28% used [0x0000000080000000,0x000000008260e428,0x0000000088500000)
 Metaspace       used 64665K, capacity 67526K, committed 67864K, reserved 1107968K
  class space    used 8897K, capacity 9456K, committed 9520K, reserved 1048576K
Event: 34.909 GC heap after
Heap after GC invocations=13 (full 3):
 PSYoungGen      total 247296K, used 22001K [0x00000000d5580000, 0x00000000e7e00000, 0x0000000100000000)
  eden space 225280K, 0% used [0x00000000d5580000,0x00000000d5580000,0x00000000e3180000)
  from space 22016K, 99% used [0x00000000e4e00000,0x00000000e637c4e0,0x00000000e6380000)
  to   space 29184K, 0% used [0x00000000e3180000,0x00000000e3180000,0x00000000e4e00000)
 ParOldGen       total 136192K, used 49861K [0x0000000080000000, 0x0000000088500000, 0x00000000d5580000)
  object space 136192K, 36% used [0x0000000080000000,0x00000000830b1578,0x0000000088500000)
 Metaspace       used 64665K, capacity 67526K, committed 67864K, reserved 1107968K
  class space    used 8897K, capacity 9456K, committed 9520K, reserved 1048576K
}
Event: 41.600 GC heap before
{Heap before GC invocations=14 (full 3):
 PSYoungGen      total 247296K, used 247281K [0x00000000d5580000, 0x00000000e7e00000, 0x0000000100000000)
  eden space 225280K, 100% used [0x00000000d5580000,0x00000000e3180000,0x00000000e3180000)
  from space 22016K, 99% used [0x00000000e4e00000,0x00000000e637c4e0,0x00000000e6380000)
  to   space 29184K, 0% used [0x00000000e3180000,0x00000000e3180000,0x00000000e4e00000)
 ParOldGen       total 136192K, used 49861K [0x0000000080000000, 0x0000000088500000, 0x00000000d5580000)
  object space 136192K, 36% used [0x0000000080000000,0x00000000830b1578,0x0000000088500000)
 Metaspace       used 69642K, capacity 72814K, committed 73112K, reserved 1112064K
  class space    used 9475K, capacity 10092K, committed 10160K, reserved 1048576K
Event: 41.659 GC heap after
Heap after GC invocations=14 (full 3):
 PSYoungGen      total 254464K, used 29165K [0x00000000d5580000, 0x00000000ea780000, 0x0000000100000000)
  eden space 225280K, 0% used [0x00000000d5580000,0x00000000d5580000,0x00000000e3180000)
  from space 29184K, 99% used [0x00000000e3180000,0x00000000e4dfb520,0x00000000e4e00000)
  to   space 37376K, 0% used [0x00000000e8300000,0x00000000e8300000,0x00000000ea780000)
 ParOldGen       total 136192K, used 59144K [0x0000000080000000, 0x0000000088500000, 0x00000000d5580000)
  object space 136192K, 43% used [0x0000000080000000,0x00000000839c21e8,0x0000000088500000)
 Metaspace       used 69642K, capacity 72814K, committed 73112K, reserved 1112064K
  class space    used 9475K, capacity 10092K, committed 10160K, reserved 1048576K
}
Event: 110.593 GC heap before
{Heap before GC invocations=15 (full 3):
 PSYoungGen      total 254464K, used 254445K [0x00000000d5580000, 0x00000000ea780000, 0x0000000100000000)
  eden space 225280K, 100% used [0x00000000d5580000,0x00000000e3180000,0x00000000e3180000)
  from space 29184K, 99% used [0x00000000e3180000,0x00000000e4dfb520,0x00000000e4e00000)
  to   space 37376K, 0% used [0x00000000e8300000,0x00000000e8300000,0x00000000ea780000)
 ParOldGen       total 136192K, used 59144K [0x0000000080000000, 0x0000000088500000, 0x00000000d5580000)
  object space 136192K, 43% used [0x0000000080000000,0x00000000839c21e8,0x0000000088500000)
 Metaspace       used 75244K, capacity 78624K, committed 78744K, reserved 1118208K
  class space    used 9927K, capacity 10603K, committed 10672K, reserved 1048576K
Event: 110.659 GC heap after
Heap after GC invocations=15 (full 3):
 PSYoungGen      total 297472K, used 27226K [0x00000000d5580000, 0x00000000ea400000, 0x0000000100000000)
  eden space 263680K, 0% used [0x00000000d5580000,0x00000000d5580000,0x00000000e5700000)
  from space 33792K, 80% used [0x00000000e8300000,0x00000000e9d96ad0,0x00000000ea400000)
  to   space 39424K, 0% used [0x00000000e5700000,0x00000000e5700000,0x00000000e7d80000)
 ParOldGen       total 136192K, used 77511K [0x0000000080000000, 0x0000000088500000, 0x00000000d5580000)
  object space 136192K, 56% used [0x0000000080000000,0x0000000084bb1e40,0x0000000088500000)
 Metaspace       used 75244K, capacity 78624K, committed 78744K, reserved 1118208K
  class space    used 9927K, capacity 10603K, committed 10672K, reserved 1048576K
}
Event: 118.045 GC heap before
{Heap before GC invocations=16 (full 3):
 PSYoungGen      total 297472K, used 290906K [0x00000000d5580000, 0x00000000ea400000, 0x0000000100000000)
  eden space 263680K, 100% used [0x00000000d5580000,0x00000000e5700000,0x00000000e5700000)
  from space 33792K, 80% used [0x00000000e8300000,0x00000000e9d96ad0,0x00000000ea400000)
  to   space 39424K, 0% used [0x00000000e5700000,0x00000000e5700000,0x00000000e7d80000)
 ParOldGen       total 136192K, used 77511K [0x0000000080000000, 0x0000000088500000, 0x00000000d5580000)
  object space 136192K, 56% used [0x0000000080000000,0x0000000084bb1e40,0x0000000088500000)
 Metaspace       used 79773K, capacity 83464K, committed 83608K, reserved 1122304K
  class space    used 10390K, capacity 11073K, committed 11184K, reserved 1048576K
Event: 118.139 GC heap after
Heap after GC invocations=16 (full 3):
 PSYoungGen      total 303104K, used 27051K [0x00000000d5580000, 0x00000000ed700000, 0x0000000100000000)
  eden space 263680K, 0% used [0x00000000d5580000,0x00000000d5580000,0x00000000e5700000)
  from space 39424K, 68% used [0x00000000e5700000,0x00000000e716adf8,0x00000000e7d80000)
  to   space 41472K, 0% used [0x00000000eae80000,0x00000000eae80000,0x00000000ed700000)
 ParOldGen       total 136192K, used 77519K [0x0000000080000000, 0x0000000088500000, 0x00000000d5580000)
  object space 136192K, 56% used [0x0000000080000000,0x0000000084bb3e40,0x0000000088500000)
 Metaspace       used 79773K, capacity 83464K, committed 83608K, reserved 1122304K
  class space    used 10390K, capacity 11073K, committed 11184K, reserved 1048576K
}

Deoptimization events (10 events):
Event: 124.598 Thread 0x000000001ad52000 Uncommon trap: reason=unstable_if action=reinterpret pc=0x00000000041339d8 method=com.sun.tools.javac.util.ListBuffer.append(Ljava/lang/Object;)Lcom/sun/tools/javac/util/ListBuffer; @ 9
Event: 124.723 Thread 0x000000001ad52000 Uncommon trap: reason=class_check action=maybe_recompile pc=0x000000000554dfd8 method=com.sun.tools.javac.code.Types.rank(Lcom/sun/tools/javac/code/Type;)I @ 1
Event: 124.724 Thread 0x000000001ad52000 Uncommon trap: reason=class_check action=maybe_recompile pc=0x000000000554dfd8 method=com.sun.tools.javac.code.Types.rank(Lcom/sun/tools/javac/code/Type;)I @ 1
Event: 124.725 Thread 0x000000001ad52000 Uncommon trap: reason=class_check action=maybe_recompile pc=0x000000000561e038 method=com.sun.tools.javac.code.Types$14.visitClassType(Lcom/sun/tools/javac/code/Type$ClassType;Lcom/sun/tools/javac/code/Symbol;)Lcom/sun/tools/javac/code/Type; @ 82
Event: 124.725 Thread 0x000000001ad52000 Uncommon trap: reason=class_check action=maybe_recompile pc=0x000000000561e038 method=com.sun.tools.javac.code.Types$14.visitClassType(Lcom/sun/tools/javac/code/Type$ClassType;Lcom/sun/tools/javac/code/Symbol;)Lcom/sun/tools/javac/code/Type; @ 82
Event: 124.725 Thread 0x000000001ad52000 Uncommon trap: reason=class_check action=maybe_recompile pc=0x000000000561e038 method=com.sun.tools.javac.code.Types$14.visitClassType(Lcom/sun/tools/javac/code/Type$ClassType;Lcom/sun/tools/javac/code/Symbol;)Lcom/sun/tools/javac/code/Type; @ 82
Event: 124.748 Thread 0x000000001ad52000 Uncommon trap: reason=class_check action=maybe_recompile pc=0x000000000561e038 method=com.sun.tools.javac.code.Types$14.visitClassType(Lcom/sun/tools/javac/code/Type$ClassType;Lcom/sun/tools/javac/code/Symbol;)Lcom/sun/tools/javac/code/Type; @ 82
Event: 124.748 Thread 0x000000001ad52000 Uncommon trap: reason=class_check action=maybe_recompile pc=0x00000000056259d0 method=com.sun.tools.javac.code.Types$14.visitClassType(Lcom/sun/tools/javac/code/Type$ClassType;Lcom/sun/tools/javac/code/Symbol;)Lcom/sun/tools/javac/code/Type; @ 82
Event: 124.764 Thread 0x000000001ad52000 Uncommon trap: reason=unstable_if action=reinterpret pc=0x00000000041b59e0 method=com.sun.tools.javac.util.IntHashTable.putAtIndex(Ljava/lang/Object;II)I @ 18
Event: 124.855 Thread 0x000000001ad58000 Uncommon trap: reason=bimorphic action=maybe_recompile pc=0x0000000004649a78 method=org.gradle.internal.vfs.impl.DefaultVirtualFileSystem.read(Ljava/lang/String;Ljava/util/function/Function;)Ljava/lang/Object; @ 6

Classes redefined (0 events):
No events

Internal exceptions (10 events):
Event: 118.538 Thread 0x000000001ad5e000 Implicit null exception at 0x00000000041093f0 to 0x0000000004109400
Event: 121.050 Thread 0x000000001e829000 Exception <a 'sun/nio/fs/WindowsException'> (0x00000000da4891f0) thrown at [C:\src\AOSP-openjdk-git\hotspot\src\share\vm\prims\jni.cpp, line 710]
Event: 121.050 Thread 0x000000001e829000 Exception <a 'sun/nio/fs/WindowsException'> (0x00000000da4899d0) thrown at [C:\src\AOSP-openjdk-git\hotspot\src\share\vm\prims\jni.cpp, line 710]
Event: 121.050 Thread 0x000000001e829000 Exception <a 'sun/nio/fs/WindowsException'> (0x00000000da489e78) thrown at [C:\src\AOSP-openjdk-git\hotspot\src\share\vm\prims\jni.cpp, line 710]
Event: 121.404 Thread 0x000000001ad52000 Exception <a 'sun/nio/fs/WindowsException'> (0x00000000dc54ccd8) thrown at [C:\src\AOSP-openjdk-git\hotspot\src\share\vm\prims\jni.cpp, line 710]
Event: 121.404 Thread 0x000000001ad52000 Exception <a 'sun/nio/fs/WindowsException'> (0x00000000dc54d9a0) thrown at [C:\src\AOSP-openjdk-git\hotspot\src\share\vm\prims\jni.cpp, line 710]
Event: 121.405 Thread 0x000000001ad52000 Exception <a 'sun/nio/fs/WindowsException'> (0x00000000dc554298) thrown at [C:\src\AOSP-openjdk-git\hotspot\src\share\vm\prims\jni.cpp, line 710]
Event: 121.405 Thread 0x000000001ad52000 Exception <a 'sun/nio/fs/WindowsException'> (0x00000000dc554fa0) thrown at [C:\src\AOSP-openjdk-git\hotspot\src\share\vm\prims\jni.cpp, line 710]
Event: 121.406 Thread 0x000000001ad52000 Exception <a 'sun/nio/fs/WindowsException'> (0x00000000dc556da0) thrown at [C:\src\AOSP-openjdk-git\hotspot\src\share\vm\prims\jni.cpp, line 710]
Event: 121.406 Thread 0x000000001ad52000 Exception <a 'sun/nio/fs/WindowsException'> (0x00000000dc557ab8) thrown at [C:\src\AOSP-openjdk-git\hotspot\src\share\vm\prims\jni.cpp, line 710]

Events (10 events):
Event: 124.857 loading class org/gradle/internal/Factory
Event: 124.857 loading class org/gradle/internal/Factory done
Event: 124.857 loading class org/gradle/internal/Factory
Event: 124.857 loading class org/gradle/internal/Factory done
Event: 124.857 loading class org/gradle/api/internal/tasks/compile/incremental/classpath/ClasspathEntrySnapshotData
Event: 124.857 loading class org/gradle/api/internal/tasks/compile/incremental/classpath/ClasspathEntrySnapshotData done
Event: 124.857 loading class org/gradle/internal/Factory
Event: 124.857 loading class org/gradle/internal/Factory done
Event: 124.857 loading class org/gradle/internal/Factory
Event: 124.857 loading class org/gradle/internal/Factory done


Dynamic libraries:
0x00007ff6ecc90000 - 0x00007ff6eccc1000 	C:\Program Files\Android\Android Studio\jre\bin\java.exe
0x00007ffaa46d0000 - 0x00007ffaa48c6000 	C:\WINDOWS\SYSTEM32\ntdll.dll
0x00007ffaa2c00000 - 0x00007ffaa2cbd000 	C:\WINDOWS\System32\KERNEL32.DLL
0x00007ffaa20a0000 - 0x00007ffaa2368000 	C:\WINDOWS\System32\KERNELBASE.dll
0x00007ffaa2880000 - 0x00007ffaa292c000 	C:\WINDOWS\System32\ADVAPI32.dll
0x00007ffaa35b0000 - 0x00007ffaa364e000 	C:\WINDOWS\System32\msvcrt.dll
0x00007ffaa2cd0000 - 0x00007ffaa2d6b000 	C:\WINDOWS\System32\sechost.dll
0x00007ffaa4560000 - 0x00007ffaa4684000 	C:\WINDOWS\System32\RPCRT4.dll
0x00007ffaa2950000 - 0x00007ffaa2af0000 	C:\WINDOWS\System32\USER32.dll
0x00007ffaa2700000 - 0x00007ffaa2722000 	C:\WINDOWS\System32\win32u.dll
0x00007ffaa3aa0000 - 0x00007ffaa3aca000 	C:\WINDOWS\System32\GDI32.dll
0x00007ffaa23c0000 - 0x00007ffaa24c9000 	C:\WINDOWS\System32\gdi32full.dll
0x00007ffaa1e10000 - 0x00007ffaa1ead000 	C:\WINDOWS\System32\msvcp_win.dll
0x00007ffaa2550000 - 0x00007ffaa2650000 	C:\WINDOWS\System32\ucrtbase.dll
0x00007ffa8d6e0000 - 0x00007ffa8d97b000 	C:\WINDOWS\WinSxS\amd64_microsoft.windows.common-controls_6595b64144ccf1df_6.0.19041.488_none_ca04af081b815d21\COMCTL32.dll
0x00007ffaa2bd0000 - 0x00007ffaa2c00000 	C:\WINDOWS\System32\IMM32.DLL
0x0000000077460000 - 0x0000000077532000 	C:\Program Files\Android\Android Studio\jre\jre\bin\msvcr100.dll
0x00000000768a0000 - 0x00000000770eb000 	C:\Program Files\Android\Android Studio\jre\jre\bin\server\jvm.dll
0x00007ffaa2cc0000 - 0x00007ffaa2cc8000 	C:\WINDOWS\System32\PSAPI.DLL
0x00007ffa96880000 - 0x00007ffa9688a000 	C:\WINDOWS\SYSTEM32\VERSION.dll
0x00007ffa8f540000 - 0x00007ffa8f567000 	C:\WINDOWS\SYSTEM32\WINMM.dll
0x00007ffa8a6d0000 - 0x00007ffa8a6d9000 	C:\WINDOWS\SYSTEM32\WSOCK32.dll
0x00007ffaa3370000 - 0x00007ffaa33db000 	C:\WINDOWS\System32\WS2_32.dll
0x00007ffa9a5c0000 - 0x00007ffa9a5cf000 	C:\Program Files\Android\Android Studio\jre\jre\bin\verify.dll
0x00007ffa8dca0000 - 0x00007ffa8dcc9000 	C:\Program Files\Android\Android Studio\jre\jre\bin\java.dll
0x00007ffa9a4b0000 - 0x00007ffa9a4c6000 	C:\Program Files\Android\Android Studio\jre\jre\bin\zip.dll
0x00007ffaa3e00000 - 0x00007ffaa4541000 	C:\WINDOWS\System32\SHELL32.dll
0x00007ffa9fb90000 - 0x00007ffaa0325000 	C:\WINDOWS\SYSTEM32\windows.storage.dll
0x00007ffaa3650000 - 0x00007ffaa39a5000 	C:\WINDOWS\System32\combase.dll
0x00007ffaa17b0000 - 0x00007ffaa17dc000 	C:\WINDOWS\SYSTEM32\Wldp.dll
0x00007ffaa3d50000 - 0x00007ffaa3dfe000 	C:\WINDOWS\System32\SHCORE.dll
0x00007ffaa3ae0000 - 0x00007ffaa3b35000 	C:\WINDOWS\System32\shlwapi.dll
0x00007ffaa1d40000 - 0x00007ffaa1d66000 	C:\WINDOWS\SYSTEM32\profapi.dll
0x00007ffa99e60000 - 0x00007ffa99e7a000 	C:\Program Files\Android\Android Studio\jre\jre\bin\net.dll
0x00007ffaa1530000 - 0x00007ffaa159a000 	C:\WINDOWS\system32\mswsock.dll
0x00007ffa8ed60000 - 0x00007ffa8ed73000 	C:\Program Files\Android\Android Studio\jre\jre\bin\nio.dll
0x00007ffa7fdf0000 - 0x00007ffa7fe17000 	C:\Users\Administrator\.gradle\native\f6784746aeab05261644944871eae4fe03e0ef1612fff0a4a95f87b438bc6780\windows-amd64\native-platform.dll
0x00007ffa9a480000 - 0x00007ffa9a48d000 	C:\Program Files\Android\Android Studio\jre\jre\bin\management.dll
0x00007ffaa1700000 - 0x00007ffaa1718000 	C:\WINDOWS\SYSTEM32\CRYPTSP.dll
0x00007ffaa0ec0000 - 0x00007ffaa0ef4000 	C:\WINDOWS\system32\rsaenh.dll
0x00007ffaa2010000 - 0x00007ffaa2037000 	C:\WINDOWS\System32\bcrypt.dll
0x00007ffaa1d00000 - 0x00007ffaa1d2e000 	C:\WINDOWS\SYSTEM32\USERENV.dll
0x00007ffaa24d0000 - 0x00007ffaa254f000 	C:\WINDOWS\System32\bcryptprimitives.dll
0x00007ffaa1720000 - 0x00007ffaa172c000 	C:\WINDOWS\SYSTEM32\CRYPTBASE.dll
0x00007ffaa1220000 - 0x00007ffaa125b000 	C:\WINDOWS\SYSTEM32\IPHLPAPI.DLL
0x00007ffaa4550000 - 0x00007ffaa4558000 	C:\WINDOWS\System32\NSI.dll
0x00007ffa92c40000 - 0x00007ffa92c57000 	C:\WINDOWS\SYSTEM32\dhcpcsvc6.DLL
0x00007ffa968b0000 - 0x00007ffa968cd000 	C:\WINDOWS\SYSTEM32\dhcpcsvc.DLL
0x00007ffaa1260000 - 0x00007ffaa132b000 	C:\WINDOWS\SYSTEM32\DNSAPI.dll
0x00007ffa98c40000 - 0x00007ffa98c4b000 	C:\WINDOWS\SYSTEM32\WINNSI.DLL
0x00007ffa7fee0000 - 0x00007ffa8007c000 	C:\Program Files\Android\Android Studio\jre\jre\bin\awt.dll
0x00007ffaa27b0000 - 0x00007ffaa287d000 	C:\WINDOWS\System32\OLEAUT32.dll
0x00007ffa9f8a0000 - 0x00007ffa9f8cf000 	C:\WINDOWS\SYSTEM32\dwmapi.dll
0x00007ffa9d710000 - 0x00007ffa9dcd0000 	C:\WINDOWS\SYSTEM32\d2d1.dll
0x00007ffa9ebd0000 - 0x00007ffa9ec60000 	C:\WINDOWS\SYSTEM32\apphelp.dll
0x00007ffa9ef80000 - 0x00007ffa9f01e000 	C:\WINDOWS\system32\uxtheme.dll

VM Arguments:
jvm_args: -Xmx2048m -Dfile.encoding=windows-1252 -Duser.country=US -Duser.language=en -Duser.variant 
java_command: org.gradle.launcher.daemon.bootstrap.GradleDaemon 6.5
java_class_path (initial): C:\Users\Administrator\.gradle\wrapper\dists\gradle-6.5-bin\6nifqtx7604sqp1q6g8wikw7p\gradle-6.5\lib\gradle-launcher-6.5.jar
Launcher Type: SUN_STANDARD

Environment Variables:
PATH=C:\WINDOWS\system32;C:\WINDOWS;C:\WINDOWS\System32\Wbem;C:\WINDOWS\System32\WindowsPowerShell\v1.0\;C:\WINDOWS\System32\OpenSSH\;C:\Program Files\dotnet\;C:\Program Files (x86)\Intel\Intel(R) Management Engine Components\DAL;C:\Program Files\Intel\Intel(R) Management Engine Components\DAL;C:\Program Files (x86)\Microsoft SQL Server\100\Tools\Binn\;C:\Program Files\Microsoft SQL Server\100\Tools\Binn\;C:\Program Files\Microsoft SQL Server\100\DTS\Binn\;C:\Program Files (x86)\Microsoft SQL Server\100\Tools\Binn\VSShell\Common7\IDE\;C:\Program Files (x86)\Microsoft SQL Server\100\DTS\Binn\;C:\Users\Administrator\AppData\Local\Microsoft\WindowsApps;C:\Users\Administrator\.dotnet\tools;C:\Users\Administrator\AppData\Local\Programs\Microsoft VS Code\bin;
USERNAME=Truc
OS=Windows_NT
PROCESSOR_IDENTIFIER=Intel64 Family 6 Model 142 Stepping 9, GenuineIntel



---------------  S Y S T E M  ---------------

OS: Windows 10.0 , 64 bit Build 19041 (10.0.19041.546)

CPU:total 4 (initial active 4) (2 cores per cpu, 2 threads per core) family 6 model 142 stepping 9, cmov, cx8, fxsr, mmx, sse, sse2, sse3, ssse3, sse4.1, sse4.2, popcnt, avx, avx2, aes, clmul, erms, 3dnowpref, lzcnt, ht, tsc, tscinvbit, bmi1, bmi2, adx

Memory: 4k page, physical 8251204k(573196k free), swap 10199876k(8076k free)

vm_info: OpenJDK 64-Bit Server VM (25.242-b01) for windows-amd64 JRE (1.8.0_242-release-1644-b01), built by "builder" with MS VC++ 10.0 (VS2010)

time: Thu Dec 03 19:17:50 2020
timezone: SE Asia Standard Time
elapsed time: 124 seconds (0d 0h 2m 4s)

