#
# There is insufficient memory for the Java Runtime Environment to continue.
# Native memory allocation (malloc) failed to allocate 1752976 bytes for Chunk::new
# Possible reasons:
#   The system is out of physical RAM or swap space
#   The process is running with CompressedOops enabled, and the Java Heap may be blocking the growth of the native heap
# Possible solutions:
#   Reduce memory load on the system
#   Increase physical memory or swap space
#   Check if swap backing store is full
#   Decrease Java heap size (-Xmx/-Xms)
#   Decrease number of Java threads
#   Decrease Java thread stack sizes (-Xss)
#   Set larger code cache with -XX:ReservedCodeCacheSize=
#   JVM is running with Unscaled Compressed Oops mode in which the Java heap is
#     placed in the first 4GB address space. The Java Heap base address is the
#     maximum limit for the native heap growth. Please use -XX:HeapBaseMinAddress
#     to set the Java Heap base and to place the Java Heap above 4GB virtual address.
# This output file may be truncated or incomplete.
#
#  Out of Memory Error (allocation.cpp:389), pid=10028, tid=0x0000000000002688
#
# JRE version: OpenJDK Runtime Environment (8.0_242-b01) (build 1.8.0_242-release-1644-b01)
# Java VM: OpenJDK 64-Bit Server VM (25.242-b01 mixed mode windows-amd64 compressed oops)
# Failed to write core dump. Minidumps are not enabled by default on client versions of Windows
#

---------------  T H R E A D  ---------------

Current thread (0x00000000176b7000):  JavaThread "C2 CompilerThread0" daemon [_thread_in_native, id=9864, stack(0x0000000018d10000,0x0000000018e10000)]

Stack: [0x0000000018d10000,0x0000000018e10000]
[error occurred during error reporting (printing stack bounds), id 0xc0000005]

Native frames: (J=compiled Java code, j=interpreted, Vv=VM code, C=native code)


Current CompileTask:
C2: 271380 18444       4       com.android.tools.r8.dex.n::a (910 bytes)


---------------  P R O C E S S  ---------------

Java Threads: ( => current thread )
  0x000000001b43c800 JavaThread "ForkJoinPool-4-worker-0" daemon [_thread_blocked, id=8688, stack(0x000000002f8f0000,0x000000002f9f0000)]
  0x000000001eb4a800 JavaThread "ForkJoinPool-4-worker-3" daemon [_thread_in_Java, id=3180, stack(0x000000002f7f0000,0x000000002f8f0000)]
  0x000000001eb49000 JavaThread "ForkJoinPool-4-worker-2" daemon [_thread_in_Java, id=8740, stack(0x000000002f6f0000,0x000000002f7f0000)]
  0x000000001eb48000 JavaThread "ForkJoinPool-4-worker-1" daemon [_thread_blocked, id=3764, stack(0x000000002c8b0000,0x000000002c9b0000)]
  0x000000001eb46800 JavaThread "stdout" [_thread_in_native, id=5784, stack(0x000000002f3e0000,0x000000002f4e0000)]
  0x000000001eb46000 JavaThread "stderr" [_thread_in_native, id=8148, stack(0x000000002f2e0000,0x000000002f3e0000)]
  0x000000001eb47800 JavaThread "stdout" [_thread_in_native, id=1256, stack(0x000000002f1e0000,0x000000002f2e0000)]
  0x000000001eb3e000 JavaThread "stderr" [_thread_in_native, id=5208, stack(0x000000002f0e0000,0x000000002f1e0000)]
  0x000000001eb45000 JavaThread "stdout" [_thread_in_native, id=2684, stack(0x000000002efe0000,0x000000002f0e0000)]
  0x000000001eb3d800 JavaThread "stderr" [_thread_in_native, id=9752, stack(0x000000002eee0000,0x000000002efe0000)]
  0x000000001eb44800 JavaThread "stdout" [_thread_in_native, id=5684, stack(0x000000002de10000,0x000000002df10000)]
  0x000000001eb3f000 JavaThread "stderr" [_thread_in_native, id=11148, stack(0x000000002dc10000,0x000000002dd10000)]
  0x000000001eb41800 JavaThread "pool-6-thread-1" [_thread_blocked, id=7744, stack(0x000000002bfb0000,0x000000002c0b0000)]
  0x000000001eb3c000 JavaThread "MarlinRenderer Disposer" daemon [_thread_blocked, id=7456, stack(0x000000002bdb0000,0x000000002beb0000)]
  0x000000001eb3c800 JavaThread "Java2D Disposer" daemon [_thread_blocked, id=9256, stack(0x000000002b7a0000,0x000000002b8a0000)]
  0x000000001eb42000 JavaThread "WorkerExecutor Queue Thread 4" [_thread_blocked, id=5444, stack(0x000000002b4a0000,0x000000002b5a0000)]
  0x000000001eb40000 JavaThread "WorkerExecutor Queue Thread 3" [_thread_in_Java, id=9280, stack(0x000000002b3a0000,0x000000002b4a0000)]
  0x000000001eb43000 JavaThread "WorkerExecutor Queue Thread 2" [_thread_blocked, id=508, stack(0x000000002b2a0000,0x000000002b3a0000)]
  0x000000001f297000 JavaThread "WorkerExecutor Queue" [_thread_blocked, id=9060, stack(0x000000002acf0000,0x000000002adf0000)]
  0x000000001f299000 JavaThread "Cache worker for execution history cache (E:\DoAn_WeatherAndroid\.gradle\6.5\executionHistory)" [_thread_blocked, id=9428, stack(0x000000002abf0000,0x000000002acf0000)]
  0x000000001f29c000 JavaThread "Execution worker for ':' Thread 3" [_thread_blocked, id=8576, stack(0x0000000029ad0000,0x0000000029bd0000)]
  0x000000001f296000 JavaThread "Execution worker for ':' Thread 2" [_thread_blocked, id=7888, stack(0x00000000295d0000,0x00000000296d0000)]
  0x000000001f294800 JavaThread "Execution worker for ':'" [_thread_blocked, id=3004, stack(0x0000000028fd0000,0x00000000290d0000)]
  0x000000001f29a800 JavaThread "Cache worker for file content cache (E:\DoAn_WeatherAndroid\.gradle\6.5\fileContent)" [_thread_blocked, id=2616, stack(0x0000000028ed0000,0x0000000028fd0000)]
  0x000000001f29a000 JavaThread "Cache worker for Build Output Cleanup Cache (E:\DoAn_WeatherAndroid\.gradle\buildOutputCleanup)" [_thread_blocked, id=3220, stack(0x0000000028dd0000,0x0000000028ed0000)]
  0x000000001f297800 JavaThread "jar transforms Thread 276" [_thread_blocked, id=3144, stack(0x0000000028cd0000,0x0000000028dd0000)]
  0x000000001f298800 JavaThread "jar transforms Thread 275" [_thread_blocked, id=7828, stack(0x0000000028bd0000,0x0000000028cd0000)]
  0x000000001f28d000 JavaThread "jar transforms Thread 274" [_thread_blocked, id=3332, stack(0x0000000028ad0000,0x0000000028bd0000)]
  0x000000001f290000 JavaThread "jar transforms Thread 273" [_thread_blocked, id=4224, stack(0x00000000289d0000,0x0000000028ad0000)]
  0x000000001f291800 JavaThread "jar transforms Thread 272" [_thread_blocked, id=4280, stack(0x00000000288d0000,0x00000000289d0000)]
  0x000000001f291000 JavaThread "jar transforms Thread 271" [_thread_blocked, id=10620, stack(0x00000000287d0000,0x00000000288d0000)]
  0x000000001f28f800 JavaThread "jar transforms Thread 270" [_thread_blocked, id=6516, stack(0x00000000286d0000,0x00000000287d0000)]
  0x000000001f294000 JavaThread "jar transforms Thread 269" [_thread_blocked, id=10816, stack(0x00000000285d0000,0x00000000286d0000)]
  0x000000001f292800 JavaThread "jar transforms Thread 268" [_thread_blocked, id=5804, stack(0x00000000284d0000,0x00000000285d0000)]
  0x000000001f28e800 JavaThread "jar transforms Thread 267" [_thread_blocked, id=1512, stack(0x00000000283d0000,0x00000000284d0000)]
  0x000000001f28e000 JavaThread "jar transforms Thread 266" [_thread_blocked, id=8704, stack(0x00000000282d0000,0x00000000283d0000)]
  0x000000001f293000 JavaThread "jar transforms Thread 265" [_thread_blocked, id=1476, stack(0x00000000281d0000,0x00000000282d0000)]
  0x000000001b3e2800 JavaThread "jar transforms Thread 264" [_thread_blocked, id=1424, stack(0x00000000280d0000,0x00000000281d0000)]
  0x000000001b3dd800 JavaThread "jar transforms Thread 263" [_thread_blocked, id=9192, stack(0x0000000027fd0000,0x00000000280d0000)]
  0x000000001b3e1000 JavaThread "jar transforms Thread 262" [_thread_blocked, id=9808, stack(0x0000000027ed0000,0x0000000027fd0000)]
  0x000000001b3dc000 JavaThread "jar transforms Thread 261" [_thread_blocked, id=6612, stack(0x0000000027dd0000,0x0000000027ed0000)]
  0x000000001b3dc800 JavaThread "jar transforms Thread 260" [_thread_blocked, id=7980, stack(0x0000000027cd0000,0x0000000027dd0000)]
  0x000000001b3de000 JavaThread "jar transforms Thread 259" [_thread_blocked, id=2748, stack(0x0000000027bd0000,0x0000000027cd0000)]
  0x000000001b3e0800 JavaThread "jar transforms Thread 258" [_thread_blocked, id=10960, stack(0x0000000027ad0000,0x0000000027bd0000)]
  0x000000001b3df000 JavaThread "jar transforms Thread 257" [_thread_blocked, id=10164, stack(0x00000000279d0000,0x0000000027ad0000)]
  0x000000001b3db000 JavaThread "jar transforms Thread 256" [_thread_blocked, id=2440, stack(0x00000000278d0000,0x00000000279d0000)]
  0x000000001b3df800 JavaThread "jar transforms Thread 255" [_thread_blocked, id=7608, stack(0x00000000277d0000,0x00000000278d0000)]
  0x000000001b3e2000 JavaThread "jar transforms Thread 254" [_thread_blocked, id=7892, stack(0x00000000276d0000,0x00000000277d0000)]
  0x000000001b3d3800 JavaThread "jar transforms Thread 253" [_thread_blocked, id=964, stack(0x00000000275d0000,0x00000000276d0000)]
  0x000000001b3d9800 JavaThread "jar transforms Thread 252" [_thread_blocked, id=6872, stack(0x00000000274d0000,0x00000000275d0000)]
  0x000000001b3da800 JavaThread "jar transforms Thread 251" [_thread_blocked, id=2704, stack(0x00000000273d0000,0x00000000274d0000)]
  0x000000001b3d4800 JavaThread "jar transforms Thread 250" [_thread_blocked, id=124, stack(0x00000000272d0000,0x00000000273d0000)]
  0x000000001b3d8000 JavaThread "jar transforms Thread 249" [_thread_blocked, id=8912, stack(0x00000000271d0000,0x00000000272d0000)]
  0x000000001b3d7800 JavaThread "jar transforms Thread 248" [_thread_blocked, id=9152, stack(0x00000000270d0000,0x00000000271d0000)]
  0x000000001b3d6000 JavaThread "jar transforms Thread 247" [_thread_blocked, id=3384, stack(0x0000000026fd0000,0x00000000270d0000)]
  0x000000001b3d5000 JavaThread "jar transforms Thread 246" [_thread_blocked, id=9548, stack(0x0000000026ed0000,0x0000000026fd0000)]
  0x000000001b3d6800 JavaThread "jar transforms Thread 245" [_thread_blocked, id=2232, stack(0x0000000026dd0000,0x0000000026ed0000)]
  0x000000001b3d9000 JavaThread "jar transforms Thread 244" [_thread_blocked, id=6276, stack(0x0000000026cd0000,0x0000000026dd0000)]
  0x000000001a9b2800 JavaThread "jar transforms Thread 243" [_thread_blocked, id=9984, stack(0x0000000026bd0000,0x0000000026cd0000)]
  0x000000001a9b6800 JavaThread "jar transforms Thread 242" [_thread_blocked, id=9116, stack(0x0000000026ad0000,0x0000000026bd0000)]
  0x000000001a9b9800 JavaThread "jar transforms Thread 241" [_thread_blocked, id=8712, stack(0x00000000269d0000,0x0000000026ad0000)]
  0x000000001a9b8800 JavaThread "jar transforms Thread 240" [_thread_blocked, id=5352, stack(0x00000000268d0000,0x00000000269d0000)]
  0x000000001a9b5800 JavaThread "jar transforms Thread 239" [_thread_blocked, id=4580, stack(0x00000000267d0000,0x00000000268d0000)]
  0x000000001a9b7000 JavaThread "jar transforms Thread 238" [_thread_blocked, id=9320, stack(0x00000000266d0000,0x00000000267d0000)]
  0x000000001a9b2000 JavaThread "jar transforms Thread 237" [_thread_blocked, id=6288, stack(0x00000000265d0000,0x00000000266d0000)]
  0x000000001a9b8000 JavaThread "jar transforms Thread 236" [_thread_blocked, id=3128, stack(0x00000000264d0000,0x00000000265d0000)]
  0x000000001a9b4000 JavaThread "jar transforms Thread 235" [_thread_blocked, id=10796, stack(0x00000000263d0000,0x00000000264d0000)]
  0x000000001a9b3800 JavaThread "jar transforms Thread 234" [_thread_blocked, id=6624, stack(0x00000000262d0000,0x00000000263d0000)]
  0x000000001a9b5000 JavaThread "jar transforms Thread 233" [_thread_blocked, id=2320, stack(0x00000000261d0000,0x00000000262d0000)]
  0x000000001a9aa800 JavaThread "jar transforms Thread 232" [_thread_blocked, id=11080, stack(0x00000000260d0000,0x00000000261d0000)]
  0x000000001a9ac800 JavaThread "jar transforms Thread 231" [_thread_blocked, id=10160, stack(0x0000000025fd0000,0x00000000260d0000)]
  0x000000001a9b0800 JavaThread "jar transforms Thread 230" [_thread_blocked, id=10600, stack(0x0000000025ed0000,0x0000000025fd0000)]
  0x000000001a9ac000 JavaThread "jar transforms Thread 229" [_thread_blocked, id=5556, stack(0x0000000025dd0000,0x0000000025ed0000)]
  0x000000001a9af800 JavaThread "jar transforms Thread 228" [_thread_blocked, id=2312, stack(0x0000000025cd0000,0x0000000025dd0000)]
  0x000000001a9af000 JavaThread "jar transforms Thread 227" [_thread_blocked, id=10964, stack(0x0000000025bd0000,0x0000000025cd0000)]
  0x000000001a9ae000 JavaThread "jar transforms Thread 226" [_thread_blocked, id=6316, stack(0x0000000025ad0000,0x0000000025bd0000)]
  0x000000001a9ab000 JavaThread "jar transforms Thread 225" [_thread_blocked, id=4372, stack(0x00000000259d0000,0x0000000025ad0000)]
  0x000000001a9ad800 JavaThread "jar transforms Thread 224" [_thread_blocked, id=8592, stack(0x00000000258d0000,0x00000000259d0000)]
  0x000000001a9b1000 JavaThread "jar transforms Thread 223" [_thread_blocked, id=10632, stack(0x00000000257d0000,0x00000000258d0000)]
  0x000000001aa2c800 JavaThread "jar transforms Thread 222" [_thread_blocked, id=2660, stack(0x00000000256d0000,0x00000000257d0000)]
  0x000000001aa2a800 JavaThread "jar transforms Thread 221" [_thread_blocked, id=1320, stack(0x00000000255d0000,0x00000000256d0000)]
  0x000000001aa2b000 JavaThread "jar transforms Thread 220" [_thread_blocked, id=9492, stack(0x00000000254d0000,0x00000000255d0000)]
  0x000000001aa29800 JavaThread "jar transforms Thread 219" [_thread_blocked, id=9008, stack(0x00000000253d0000,0x00000000254d0000)]
  0x000000001aa2c000 JavaThread "jar transforms Thread 218" [_thread_blocked, id=7780, stack(0x00000000252d0000,0x00000000253d0000)]
  0x000000001aa29000 JavaThread "jar transforms Thread 217" [_thread_blocked, id=10400, stack(0x00000000251d0000,0x00000000252d0000)]
  0x000000001aa26800 JavaThread "jar transforms Thread 216" [_thread_blocked, id=10504, stack(0x00000000250d0000,0x00000000251d0000)]
  0x000000001aa2d800 JavaThread "jar transforms Thread 215" [_thread_blocked, id=9156, stack(0x0000000024fd0000,0x00000000250d0000)]
  0x000000001aa28000 JavaThread "jar transforms Thread 214" [_thread_blocked, id=4276, stack(0x0000000024ed0000,0x0000000024fd0000)]
  0x000000001aa27800 JavaThread "jar transforms Thread 213" [_thread_blocked, id=11104, stack(0x0000000024dd0000,0x0000000024ed0000)]
  0x000000001af36800 JavaThread "jar transforms Thread 212" [_thread_blocked, id=3552, stack(0x0000000024cd0000,0x0000000024dd0000)]
  0x000000001af35800 JavaThread "jar transforms Thread 211" [_thread_blocked, id=1716, stack(0x0000000024bd0000,0x0000000024cd0000)]
  0x000000001af35000 JavaThread "jar transforms Thread 210" [_thread_blocked, id=5016, stack(0x0000000024ad0000,0x0000000024bd0000)]
  0x000000001af31000 JavaThread "jar transforms Thread 209" [_thread_blocked, id=10556, stack(0x00000000249d0000,0x0000000024ad0000)]
  0x000000001af33800 JavaThread "jar transforms Thread 208" [_thread_blocked, id=4308, stack(0x00000000248d0000,0x00000000249d0000)]
  0x000000001af37000 JavaThread "jar transforms Thread 207" [_thread_blocked, id=7196, stack(0x00000000247d0000,0x00000000248d0000)]
  0x000000001af32800 JavaThread "jar transforms Thread 206" [_thread_blocked, id=9324, stack(0x00000000246d0000,0x00000000247d0000)]
  0x0000000019d6a000 JavaThread "jar transforms Thread 205" [_thread_blocked, id=4608, stack(0x00000000245d0000,0x00000000246d0000)]
  0x0000000019d69000 JavaThread "jar transforms Thread 204" [_thread_blocked, id=1944, stack(0x00000000244d0000,0x00000000245d0000)]
  0x0000000019d6a800 JavaThread "jar transforms Thread 203" [_thread_blocked, id=10280, stack(0x00000000243d0000,0x00000000244d0000)]
  0x0000000019d68800 JavaThread "jar transforms Thread 202" [_thread_blocked, id=6524, stack(0x00000000242d0000,0x00000000243d0000)]
  0x0000000019d6c000 JavaThread "jar transforms Thread 201" [_thread_blocked, id=7116, stack(0x00000000241d0000,0x00000000242d0000)]
  0x0000000019d6d000 JavaThread "jar transforms Thread 200" [_thread_blocked, id=5572, stack(0x00000000240d0000,0x00000000241d0000)]
  0x0000000019d6b800 JavaThread "jar transforms Thread 199" [_thread_blocked, id=3048, stack(0x0000000023fd0000,0x00000000240d0000)]
  0x0000000019d60000 JavaThread "jar transforms Thread 198" [_thread_blocked, id=7960, stack(0x0000000023ed0000,0x0000000023fd0000)]
  0x0000000019d66000 JavaThread "jar transforms Thread 197" [_thread_blocked, id=9108, stack(0x0000000023dd0000,0x0000000023ed0000)]
  0x0000000019d64800 JavaThread "jar transforms Thread 196" [_thread_blocked, id=10248, stack(0x0000000023cd0000,0x0000000023dd0000)]
  0x0000000019d64000 JavaThread "jar transforms Thread 195" [_thread_blocked, id=2532, stack(0x0000000023bd0000,0x0000000023cd0000)]
  0x0000000019d63000 JavaThread "jar transforms Thread 194" [_thread_blocked, id=7504, stack(0x0000000023ad0000,0x0000000023bd0000)]
  0x000000001bbbc000 JavaThread "jar transforms Thread 193" [_thread_blocked, id=5412, stack(0x00000000239d0000,0x0000000023ad0000)]
  0x000000001bbb4800 JavaThread "jar transforms Thread 192" [_thread_blocked, id=3204, stack(0x00000000238d0000,0x00000000239d0000)]
  0x000000001bbb7800 JavaThread "jar transforms Thread 191" [_thread_blocked, id=10780, stack(0x00000000237d0000,0x00000000238d0000)]
  0x000000001bbb9800 JavaThread "jar transforms Thread 190" [_thread_blocked, id=3492, stack(0x00000000236d0000,0x00000000237d0000)]
  0x000000001bbad000 JavaThread "jar transforms Thread 189" [_thread_blocked, id=9760, stack(0x00000000235d0000,0x00000000236d0000)]
  0x000000001bbb3800 JavaThread "jar transforms Thread 188" [_thread_blocked, id=8556, stack(0x00000000234d0000,0x00000000235d0000)]
  0x000000001bbb1800 JavaThread "jar transforms Thread 187" [_thread_blocked, id=10176, stack(0x00000000233d0000,0x00000000234d0000)]
  0x000000001bbb0800 JavaThread "jar transforms Thread 186" [_thread_blocked, id=6504, stack(0x00000000232d0000,0x00000000233d0000)]
  0x000000001bbb0000 JavaThread "jar transforms Thread 185" [_thread_blocked, id=7000, stack(0x00000000231d0000,0x00000000232d0000)]
  0x000000001bbb2000 JavaThread "Build operations Thread 4" [_thread_blocked, id=3040, stack(0x0000000021a00000,0x0000000021b00000)]
  0x000000001bbaf000 JavaThread "Build operations Thread 3" [_thread_blocked, id=6656, stack(0x000000001fef0000,0x000000001fff0000)]
  0x000000001bbae800 JavaThread "Build operations Thread 2" [_thread_blocked, id=6968, stack(0x000000001fdf0000,0x000000001fef0000)]
  0x0000000019eb3800 JavaThread "Build operations" [_thread_blocked, id=952, stack(0x000000001fcf0000,0x000000001fdf0000)]
  0x0000000019eb5000 JavaThread "Cache worker for cache directory md-rule (C:\Users\Administrator\.gradle\caches\6.5\md-rule)" [_thread_blocked, id=1504, stack(0x000000001f9f0000,0x000000001faf0000)]
  0x0000000019eb1800 JavaThread "Cache worker for cache directory md-supplier (C:\Users\Administrator\.gradle\caches\6.5\md-supplier)" [_thread_blocked, id=8432, stack(0x000000001d150000,0x000000001d250000)]
  0x0000000019eb4800 JavaThread "Cache worker for checksums cache (E:\DoAn_WeatherAndroid\.gradle\checksums)" [_thread_blocked, id=8060, stack(0x000000001d050000,0x000000001d150000)]
  0x0000000019ea9000 JavaThread "Cache worker for file hash cache (E:\DoAn_WeatherAndroid\.gradle\6.5\fileHashes)" [_thread_blocked, id=8416, stack(0x000000001cf50000,0x000000001d050000)]
  0x0000000019eb0000 JavaThread "Thread-244" [_thread_blocked, id=4436, stack(0x000000001ce50000,0x000000001cf50000)]
  0x0000000019eab800 JavaThread "Stdin handler" [_thread_blocked, id=3368, stack(0x000000001cb50000,0x000000001cc50000)]
  0x0000000019ea8800 JavaThread "Asynchronous log dispatcher for DefaultDaemonConnection: socket connection from /127.0.0.1:50101 to /127.0.0.1:50270" [_thread_blocked, id=10644, stack(0x000000001c510000,0x000000001c610000)]
  0x0000000019eaf000 JavaThread "Daemon worker Thread 2" [_thread_blocked, id=3900, stack(0x000000001c410000,0x000000001c510000)]
  0x0000000019eaa800 JavaThread "Cancel handler" [_thread_blocked, id=2916, stack(0x0000000002720000,0x0000000002820000)]
  0x0000000019ead000 JavaThread "Handler for socket connection from /127.0.0.1:50101 to /127.0.0.1:50270" [_thread_in_native, id=5576, stack(0x0000000000de0000,0x0000000000ee0000)]
  0x0000000019ea7800 JavaThread "Daemon Thread 2" [_thread_blocked, id=11100, stack(0x0000000000ce0000,0x0000000000de0000)]
  0x000000001bbb5000 JavaThread "Cache worker for Java compile cache (C:\Users\Administrator\.gradle\caches\6.5\javaCompile)" [_thread_blocked, id=6324, stack(0x000000002beb0000,0x000000002bfb0000)]
  0x0000000019ead800 JavaThread "Memory manager" [_thread_blocked, id=9516, stack(0x00000000294d0000,0x00000000295d0000)]
  0x0000000019d65800 JavaThread "Cache worker for file content cache (C:\Users\Administrator\.gradle\caches\6.5\fileContent)" [_thread_blocked, id=8724, stack(0x0000000021b00000,0x0000000021c00000)]
  0x0000000019d61000 JavaThread "Cache worker for execution history cache (C:\Users\Administrator\.gradle\caches\6.5\executionHistory)" [_thread_blocked, id=5076, stack(0x0000000021300000,0x0000000021400000)]
  0x0000000019d5e800 JavaThread "Cache worker for file hash cache (C:\Users\Administrator\.gradle\caches\6.5\fileHashes)" [_thread_blocked, id=8560, stack(0x000000001d750000,0x000000001d850000)]
  0x0000000019d61800 JavaThread "File lock request listener" [_thread_in_native, id=8296, stack(0x000000001d650000,0x000000001d750000)]
  0x0000000019d5e000 JavaThread "Cache worker for journal cache (C:\Users\Administrator\.gradle\caches\journal-1)" [_thread_blocked, id=10208, stack(0x000000001d450000,0x000000001d550000)]
  0x000000001af30800 JavaThread "Daemon periodic checks" [_thread_blocked, id=10480, stack(0x000000001c850000,0x000000001c950000)]
  0x000000001af32000 JavaThread "Incoming local TCP Connector on port 50101" [_thread_in_native, id=7132, stack(0x000000001c610000,0x000000001c710000)]
  0x000000001af34000 JavaThread "Daemon health stats" [_thread_blocked, id=9956, stack(0x000000001bfd0000,0x000000001c0d0000)]
  0x0000000019032800 JavaThread "Service Thread" daemon [_thread_blocked, id=6168, stack(0x0000000019410000,0x0000000019510000)]
  0x00000000176c2800 JavaThread "C1 CompilerThread2" daemon [_thread_in_vm, id=5592, stack(0x0000000018f10000,0x0000000019010000)]
  0x00000000176ba800 JavaThread "C2 CompilerThread1" daemon [_thread_in_native, id=4940, stack(0x0000000018e10000,0x0000000018f10000)]
=>0x00000000176b7000 JavaThread "C2 CompilerThread0" daemon [_thread_in_native, id=9864, stack(0x0000000018d10000,0x0000000018e10000)]
  0x00000000176b4800 JavaThread "Attach Listener" daemon [_thread_blocked, id=10812, stack(0x0000000018c10000,0x0000000018d10000)]
  0x00000000176b3800 JavaThread "Signal Dispatcher" daemon [_thread_blocked, id=8544, stack(0x0000000018b10000,0x0000000018c10000)]
  0x0000000002a4b800 JavaThread "Finalizer" daemon [_thread_blocked, id=2388, stack(0x0000000018900000,0x0000000018a00000)]
  0x0000000017699000 JavaThread "Reference Handler" daemon [_thread_blocked, id=6936, stack(0x0000000018800000,0x0000000018900000)]
  0x000000000282e800 JavaThread "main" [_thread_blocked, id=10668, stack(0x0000000002830000,0x0000000002930000)]

Other Threads:
  0x0000000017676800 VMThread [stack: 0x0000000018700000,0x0000000018800000] [id=3632]
  0x0000000019043800 WatcherThread [stack: 0x0000000019510000,0x0000000019610000] [id=2920]

VM state:not at safepoint (normal execution)

VM Mutex/Monitor currently owned by a thread:  ([mutex/lock_event])
[0x000000000282ce70] CodeCache_lock - owner thread: 0x00000000176c2800

heap address: 0x0000000080000000, size: 2048 MB, Compressed Oops mode: 32-bit
Narrow klass base: 0x0000000000000000, Narrow klass shift: 3
Compressed class space size: 1073741824 Address: 0x0000000100000000

Heap:
 PSYoungGen      total 407040K, used 252048K [0x00000000d5580000, 0x00000000f2380000, 0x0000000100000000)
  eden space 363520K, 64% used [0x00000000d5580000,0x00000000e397ce80,0x00000000eb880000)
  from space 43520K, 42% used [0x00000000ef900000,0x00000000f0b27478,0x00000000f2380000)
  to   space 54784K, 0% used [0x00000000eb880000,0x00000000eb880000,0x00000000eee00000)
 ParOldGen       total 258560K, used 130373K [0x0000000080000000, 0x000000008fc80000, 0x00000000d5580000)
  object space 258560K, 50% used [0x0000000080000000,0x0000000087f51560,0x000000008fc80000)
 Metaspace       used 96239K, capacity 100886K, committed 101400K, reserved 1136640K
  class space    used 12513K, capacity 13373K, committed 13616K, reserved 1048576K

Card table byte_map: [0x0000000011e20000,0x0000000012230000] byte_map_base: 0x0000000011a20000

Marking Bits: (ParMarkBitMap*) 0x000000006101f030
 Begin Bits: [0x00000000128e0000, 0x00000000148e0000)
 End Bits:   [0x00000000148e0000, 0x00000000168e0000)

Polling page: 0x0000000002930000

CodeCache: size=245760Kb used=48969Kb max_used=50180Kb free=196790Kb
 bounds [0x0000000002a60000, 0x0000000005ba0000, 0x0000000011a60000]
 total_blobs=15812 nmethods=14820 adapters=902
 compilation: enabled

Compilation events (10 events):
Event: 271.351 Thread 0x00000000176c2800 nmethod 18548 0x00000000041da490 code [0x00000000041da600, 0x00000000041da898]
Event: 271.353 Thread 0x00000000176c2800 18549       2       com.android.tools.r8.code.v::<init> (7 bytes)
Event: 271.353 Thread 0x00000000176c2800 nmethod 18549 0x0000000005552190 code [0x00000000055522e0, 0x0000000005552490]
Event: 271.359 Thread 0x00000000176ba800 nmethod 18371 0x0000000002e9cb90 code [0x0000000002e9cce0, 0x0000000002e9cd88]
Event: 271.360 Thread 0x00000000176ba800 18542       4       com.android.tools.r8.dex.n::d (498 bytes)
Event: 271.373 Thread 0x00000000176c2800 18550       2       org.gradle.api.internal.artifacts.ivyservice.ivyresolve.strategy.StaticVersionComparator::compare (328 bytes)
Event: 271.375 Thread 0x00000000176c2800 nmethod 18550 0x00000000056f2690 code [0x00000000056f28c0, 0x00000000056f32a8]
Event: 271.376 Thread 0x00000000176c2800 18551       1       org.gradle.internal.component.model.LocalComponentDependencyMetadata::isFromLock (5 bytes)
Event: 271.376 Thread 0x00000000176c2800 nmethod 18551 0x0000000003c9ea50 code [0x0000000003c9eba0, 0x0000000003c9ecb0]
Event: 271.377 Thread 0x00000000176c2800 18552       1       org.gradle.internal.component.model.LocalComponentDependencyMetadata::getReason (5 bytes)

GC Heap History (10 events):
Event: 34.266 GC heap before
{Heap before GC invocations=18 (full 3):
 PSYoungGen      total 284672K, used 280741K [0x00000000d5580000, 0x00000000e8c80000, 0x0000000100000000)
  eden space 262144K, 100% used [0x00000000d5580000,0x00000000e5580000,0x00000000e5580000)
  from space 22528K, 82% used [0x00000000e7680000,0x00000000e88a94f8,0x00000000e8c80000)
  to   space 28160K, 0% used [0x00000000e5580000,0x00000000e5580000,0x00000000e7100000)
 ParOldGen       total 120320K, used 71430K [0x0000000080000000, 0x0000000087580000, 0x00000000d5580000)
  object space 120320K, 59% used [0x0000000080000000,0x00000000845c1ae0,0x0000000087580000)
 Metaspace       used 83951K, capacity 88334K, committed 88600K, reserved 1126400K
  class space    used 11414K, capacity 12275K, committed 12336K, reserved 1048576K
Event: 34.408 GC heap after
Heap after GC invocations=18 (full 3):
 PSYoungGen      total 290304K, used 28153K [0x00000000d5580000, 0x00000000eec00000, 0x0000000100000000)
  eden space 262144K, 0% used [0x00000000d5580000,0x00000000d5580000,0x00000000e5580000)
  from space 28160K, 99% used [0x00000000e5580000,0x00000000e70fe5e0,0x00000000e7100000)
  to   space 37376K, 0% used [0x00000000ec780000,0x00000000ec780000,0x00000000eec00000)
 ParOldGen       total 120320K, used 84478K [0x0000000080000000, 0x0000000087580000, 0x00000000d5580000)
  object space 120320K, 70% used [0x0000000080000000,0x000000008527fb10,0x0000000087580000)
 Metaspace       used 83951K, capacity 88334K, committed 88600K, reserved 1126400K
  class space    used 11414K, capacity 12275K, committed 12336K, reserved 1048576K
}
Event: 38.410 GC heap before
{Heap before GC invocations=19 (full 3):
 PSYoungGen      total 290304K, used 290297K [0x00000000d5580000, 0x00000000eec00000, 0x0000000100000000)
  eden space 262144K, 100% used [0x00000000d5580000,0x00000000e5580000,0x00000000e5580000)
  from space 28160K, 99% used [0x00000000e5580000,0x00000000e70fe5e0,0x00000000e7100000)
  to   space 37376K, 0% used [0x00000000ec780000,0x00000000ec780000,0x00000000eec00000)
 ParOldGen       total 120320K, used 84478K [0x0000000080000000, 0x0000000087580000, 0x00000000d5580000)
  object space 120320K, 70% used [0x0000000080000000,0x000000008527fb10,0x0000000087580000)
 Metaspace       used 86780K, capacity 91698K, committed 91928K, reserved 1128448K
  class space    used 11832K, capacity 12801K, committed 12848K, reserved 1048576K
Event: 38.615 GC heap after
Heap after GC invocations=19 (full 3):
 PSYoungGen      total 355328K, used 37349K [0x00000000d5580000, 0x00000000f2200000, 0x0000000100000000)
  eden space 317952K, 0% used [0x00000000d5580000,0x00000000d5580000,0x00000000e8c00000)
  from space 37376K, 99% used [0x00000000ec780000,0x00000000eebf9470,0x00000000eec00000)
  to   space 60928K, 0% used [0x00000000e8c00000,0x00000000e8c00000,0x00000000ec780000)
 ParOldGen       total 132096K, used 132049K [0x0000000080000000, 0x0000000088100000, 0x00000000d5580000)
  object space 132096K, 99% used [0x0000000080000000,0x00000000880f4648,0x0000000088100000)
 Metaspace       used 86780K, capacity 91698K, committed 91928K, reserved 1128448K
  class space    used 11832K, capacity 12801K, committed 12848K, reserved 1048576K
}
Event: 38.615 GC heap before
{Heap before GC invocations=20 (full 4):
 PSYoungGen      total 355328K, used 37349K [0x00000000d5580000, 0x00000000f2200000, 0x0000000100000000)
  eden space 317952K, 0% used [0x00000000d5580000,0x00000000d5580000,0x00000000e8c00000)
  from space 37376K, 99% used [0x00000000ec780000,0x00000000eebf9470,0x00000000eec00000)
  to   space 60928K, 0% used [0x00000000e8c00000,0x00000000e8c00000,0x00000000ec780000)
 ParOldGen       total 132096K, used 132049K [0x0000000080000000, 0x0000000088100000, 0x00000000d5580000)
  object space 132096K, 99% used [0x0000000080000000,0x00000000880f4648,0x0000000088100000)
 Metaspace       used 86780K, capacity 91698K, committed 91928K, reserved 1128448K
  class space    used 11832K, capacity 12801K, committed 12848K, reserved 1048576K
Event: 39.815 GC heap after
Heap after GC invocations=20 (full 4):
 PSYoungGen      total 355328K, used 0K [0x00000000d5580000, 0x00000000f2200000, 0x0000000100000000)
  eden space 317952K, 0% used [0x00000000d5580000,0x00000000d5580000,0x00000000e8c00000)
  from space 37376K, 0% used [0x00000000ec780000,0x00000000ec780000,0x00000000eec00000)
  to   space 60928K, 0% used [0x00000000e8c00000,0x00000000e8c00000,0x00000000ec780000)
 ParOldGen       total 258560K, used 130357K [0x0000000080000000, 0x000000008fc80000, 0x00000000d5580000)
  object space 258560K, 50% used [0x0000000080000000,0x0000000087f4d560,0x000000008fc80000)
 Metaspace       used 86239K, capacity 90442K, committed 91928K, reserved 1128448K
  class space    used 11636K, capacity 12451K, committed 12848K, reserved 1048576K
}
Event: 93.627 GC heap before
{Heap before GC invocations=21 (full 4):
 PSYoungGen      total 355328K, used 317952K [0x00000000d5580000, 0x00000000f2200000, 0x0000000100000000)
  eden space 317952K, 100% used [0x00000000d5580000,0x00000000e8c00000,0x00000000e8c00000)
  from space 37376K, 0% used [0x00000000ec780000,0x00000000ec780000,0x00000000eec00000)
  to   space 60928K, 0% used [0x00000000e8c00000,0x00000000e8c00000,0x00000000ec780000)
 ParOldGen       total 258560K, used 130357K [0x0000000080000000, 0x000000008fc80000, 0x00000000d5580000)
  object space 258560K, 50% used [0x0000000080000000,0x0000000087f4d560,0x000000008fc80000)
 Metaspace       used 90859K, capacity 95178K, committed 96408K, reserved 1132544K
  class space    used 12022K, capacity 12851K, committed 13232K, reserved 1048576K
Event: 93.667 GC heap after
Heap after GC invocations=21 (full 4):
 PSYoungGen      total 378880K, used 22991K [0x00000000d5580000, 0x00000000f3100000, 0x0000000100000000)
  eden space 317952K, 0% used [0x00000000d5580000,0x00000000d5580000,0x00000000e8c00000)
  from space 60928K, 37% used [0x00000000e8c00000,0x00000000ea273db8,0x00000000ec780000)
  to   space 57344K, 0% used [0x00000000ef900000,0x00000000ef900000,0x00000000f3100000)
 ParOldGen       total 258560K, used 130365K [0x0000000080000000, 0x000000008fc80000, 0x00000000d5580000)
  object space 258560K, 50% used [0x0000000080000000,0x0000000087f4f560,0x000000008fc80000)
 Metaspace       used 90859K, capacity 95178K, committed 96408K, reserved 1132544K
  class space    used 12022K, capacity 12851K, committed 13232K, reserved 1048576K
}
Event: 267.220 GC heap before
{Heap before GC invocations=22 (full 4):
 PSYoungGen      total 378880K, used 340943K [0x00000000d5580000, 0x00000000f3100000, 0x0000000100000000)
  eden space 317952K, 100% used [0x00000000d5580000,0x00000000e8c00000,0x00000000e8c00000)
  from space 60928K, 37% used [0x00000000e8c00000,0x00000000ea273db8,0x00000000ec780000)
  to   space 57344K, 0% used [0x00000000ef900000,0x00000000ef900000,0x00000000f3100000)
 ParOldGen       total 258560K, used 130365K [0x0000000080000000, 0x000000008fc80000, 0x00000000d5580000)
  object space 258560K, 50% used [0x0000000080000000,0x0000000087f4f560,0x000000008fc80000)
 Metaspace       used 95341K, capacity 99824K, committed 100504K, reserved 1136640K
  class space    used 12415K, capacity 13252K, committed 13488K, reserved 1048576K
Event: 267.302 GC heap after
Heap after GC invocations=22 (full 4):
 PSYoungGen      total 407040K, used 18589K [0x00000000d5580000, 0x00000000f2380000, 0x0000000100000000)
  eden space 363520K, 0% used [0x00000000d5580000,0x00000000d5580000,0x00000000eb880000)
  from space 43520K, 42% used [0x00000000ef900000,0x00000000f0b27478,0x00000000f2380000)
  to   space 54784K, 0% used [0x00000000eb880000,0x00000000eb880000,0x00000000eee00000)
 ParOldGen       total 258560K, used 130373K [0x0000000080000000, 0x000000008fc80000, 0x00000000d5580000)
  object space 258560K, 50% used [0x0000000080000000,0x0000000087f51560,0x000000008fc80000)
 Metaspace       used 95341K, capacity 99824K, committed 100504K, reserved 1136640K
  class space    used 12415K, capacity 13252K, committed 13488K, reserved 1048576K
}

Deoptimization events (10 events):
Event: 268.539 Thread 0x000000001eb40000 Uncommon trap: reason=unstable_if action=reinterpret pc=0x0000000004cb3c20 method=java.util.regex.Pattern$LastNode.match(Ljava/util/regex/Matcher;ILjava/lang/CharSequence;)Z @ 13
Event: 268.893 Thread 0x000000001eb40000 Uncommon trap: reason=unstable_if action=reinterpret pc=0x000000000379b254 method=java.util.regex.Pattern.newSlice([IIZ)Ljava/util/regex/Pattern$Node; @ 10
Event: 268.993 Thread 0x000000001eb40000 Uncommon trap: reason=unstable_if action=reinterpret pc=0x00000000052a9c84 method=sun.nio.fs.WindowsPathParser.nextNonSlash(Ljava/lang/String;II)I @ 2
Event: 270.567 Thread 0x000000001eb40000 Uncommon trap: reason=unstable_if action=reinterpret pc=0x00000000044b7fe8 method=java.util.TreeSet.add(Ljava/lang/Object;)Z @ 13
Event: 270.720 Thread 0x000000001eb40000 Uncommon trap: reason=class_check action=maybe_recompile pc=0x0000000003094770 method=java.util.zip.InflaterInputStream.read([BII)I @ 100
Event: 270.720 Thread 0x000000001eb40000 Uncommon trap: reason=class_check action=maybe_recompile pc=0x0000000003094770 method=java.util.zip.InflaterInputStream.read([BII)I @ 100
Event: 270.720 Thread 0x000000001eb40000 Uncommon trap: reason=class_check action=maybe_recompile pc=0x0000000003094770 method=java.util.zip.InflaterInputStream.read([BII)I @ 100
Event: 270.720 Thread 0x000000001eb40000 Uncommon trap: reason=class_check action=maybe_recompile pc=0x0000000003094770 method=java.util.zip.InflaterInputStream.read([BII)I @ 100
Event: 270.807 Thread 0x000000001f296000 Uncommon trap: reason=unstable_if action=reinterpret pc=0x00000000041c23fc method=com.google.common.cache.LocalCache$Segment.recordWrite(Lcom/google/common/cache/ReferenceEntry;IJ)V @ 22
Event: 271.179 Thread 0x000000001b43c800 Uncommon trap: reason=unstable_if action=reinterpret pc=0x0000000003e936ac method=java.util.concurrent.ConcurrentLinkedQueue.offer(Ljava/lang/Object;)Z @ 91

Classes redefined (0 events):
No events

Internal exceptions (10 events):
Event: 266.509 Thread 0x000000001f296000 Exception <a 'sun/nio/fs/WindowsException'> (0x00000000e7a58200) thrown at [C:\src\AOSP-openjdk-git\hotspot\src\share\vm\prims\jni.cpp, line 710]
Event: 266.509 Thread 0x000000001f296000 Exception <a 'sun/nio/fs/WindowsException'> (0x00000000e7a59240) thrown at [C:\src\AOSP-openjdk-git\hotspot\src\share\vm\prims\jni.cpp, line 710]
Event: 268.411 Thread 0x000000001f294800 Exception <a 'sun/nio/fs/WindowsException'> (0x00000000d73001a0) thrown at [C:\src\AOSP-openjdk-git\hotspot\src\share\vm\prims\jni.cpp, line 710]
Event: 268.411 Thread 0x000000001f294800 Exception <a 'sun/nio/fs/WindowsException'> (0x00000000d7300e98) thrown at [C:\src\AOSP-openjdk-git\hotspot\src\share\vm\prims\jni.cpp, line 710]
Event: 268.414 Thread 0x000000001f294800 Exception <a 'sun/nio/fs/WindowsException'> (0x00000000d730c5a0) thrown at [C:\src\AOSP-openjdk-git\hotspot\src\share\vm\prims\jni.cpp, line 710]
Event: 268.414 Thread 0x000000001f294800 Exception <a 'sun/nio/fs/WindowsException'> (0x00000000d730d5d8) thrown at [C:\src\AOSP-openjdk-git\hotspot\src\share\vm\prims\jni.cpp, line 710]
Event: 268.428 Thread 0x000000001f294800 Exception <a 'java/lang/NoSuchMethodError': <clinit>> (0x00000000d73956e8) thrown at [C:\src\AOSP-openjdk-git\hotspot\src\share\vm\prims\jni.cpp, line 1615]
Event: 268.432 Thread 0x000000001f294800 Exception <a 'java/lang/NoSuchMethodError': <clinit>> (0x00000000d73b27e8) thrown at [C:\src\AOSP-openjdk-git\hotspot\src\share\vm\prims\jni.cpp, line 1615]
Event: 268.437 Thread 0x000000001eb40000 Exception <a 'sun/nio/fs/WindowsException'> (0x00000000d6246730) thrown at [C:\src\AOSP-openjdk-git\hotspot\src\share\vm\prims\jni.cpp, line 710]
Event: 270.665 Thread 0x000000001eb43000 Exception <a 'sun/nio/fs/WindowsException'> (0x00000000db0d7918) thrown at [C:\src\AOSP-openjdk-git\hotspot\src\share\vm\prims\jni.cpp, line 710]

Events (10 events):
Event: 271.360 Thread 0x00000000176ba800 flushing nmethod 0x0000000003ee8490
Event: 271.360 Thread 0x00000000176ba800 flushing nmethod 0x0000000003ef08d0
Event: 271.360 Thread 0x00000000176ba800 flushing nmethod 0x0000000003f375d0
Event: 271.360 Thread 0x00000000176ba800 flushing nmethod 0x0000000003f5be50
Event: 271.375 Thread 0x00000000176c2800 flushing nmethod 0x00000000040117d0
Event: 271.375 Thread 0x00000000176c2800 flushing nmethod 0x000000000405a890
Event: 271.375 Thread 0x00000000176c2800 flushing nmethod 0x000000000412a950
Event: 271.377 Thread 0x00000000176c2800 flushing nmethod 0x00000000042da550
Event: 271.377 Thread 0x00000000176c2800 flushing nmethod 0x0000000004312990
Event: 271.377 Thread 0x00000000176c2800 flushing nmethod 0x0000000004313a90


Dynamic libraries:
0x00007ff658e50000 - 0x00007ff658e81000 	C:\Program Files\Android\Android Studio\jre\bin\java.exe
0x00007ffb85250000 - 0x00007ffb85446000 	C:\WINDOWS\SYSTEM32\ntdll.dll
0x00007ffb845a0000 - 0x00007ffb8465d000 	C:\WINDOWS\System32\KERNEL32.DLL
0x00007ffb82bb0000 - 0x00007ffb82e78000 	C:\WINDOWS\System32\KERNELBASE.dll
0x00007ffb83400000 - 0x00007ffb834ac000 	C:\WINDOWS\System32\ADVAPI32.dll
0x00007ffb83360000 - 0x00007ffb833fe000 	C:\WINDOWS\System32\msvcrt.dll
0x00007ffb84790000 - 0x00007ffb8482b000 	C:\WINDOWS\System32\sechost.dll
0x00007ffb839e0000 - 0x00007ffb83b04000 	C:\WINDOWS\System32\RPCRT4.dll
0x00007ffb83bd0000 - 0x00007ffb83d70000 	C:\WINDOWS\System32\USER32.dll
0x00007ffb829e0000 - 0x00007ffb82a02000 	C:\WINDOWS\System32\win32u.dll
0x00007ffb839b0000 - 0x00007ffb839da000 	C:\WINDOWS\System32\GDI32.dll
0x00007ffb830f0000 - 0x00007ffb831f9000 	C:\WINDOWS\System32\gdi32full.dll
0x00007ffb82b10000 - 0x00007ffb82bad000 	C:\WINDOWS\System32\msvcp_win.dll
0x00007ffb82a10000 - 0x00007ffb82b10000 	C:\WINDOWS\System32\ucrtbase.dll
0x00007ffb71680000 - 0x00007ffb7191b000 	C:\WINDOWS\WinSxS\amd64_microsoft.windows.common-controls_6595b64144ccf1df_6.0.19041.488_none_ca04af081b815d21\COMCTL32.dll
0x00007ffb83ba0000 - 0x00007ffb83bd0000 	C:\WINDOWS\System32\IMM32.DLL
0x0000000060690000 - 0x0000000060762000 	C:\Program Files\Android\Android Studio\jre\jre\bin\msvcr100.dll
0x0000000060850000 - 0x000000006109b000 	C:\Program Files\Android\Android Studio\jre\jre\bin\server\jvm.dll
0x00007ffb84b50000 - 0x00007ffb84b58000 	C:\WINDOWS\System32\PSAPI.DLL
0x00007ffb710e0000 - 0x00007ffb71107000 	C:\WINDOWS\SYSTEM32\WINMM.dll
0x00007ffb76e60000 - 0x00007ffb76e6a000 	C:\WINDOWS\SYSTEM32\VERSION.dll
0x00007ffb72ca0000 - 0x00007ffb72ca9000 	C:\WINDOWS\SYSTEM32\WSOCK32.dll
0x00007ffb851a0000 - 0x00007ffb8520b000 	C:\WINDOWS\System32\WS2_32.dll
0x00007ffb7bb40000 - 0x00007ffb7bb4f000 	C:\Program Files\Android\Android Studio\jre\jre\bin\verify.dll
0x00007ffb7a160000 - 0x00007ffb7a189000 	C:\Program Files\Android\Android Studio\jre\jre\bin\java.dll
0x00007ffb7a140000 - 0x00007ffb7a156000 	C:\Program Files\Android\Android Studio\jre\jre\bin\zip.dll
0x00007ffb83e40000 - 0x00007ffb84581000 	C:\WINDOWS\System32\SHELL32.dll
0x00007ffb80710000 - 0x00007ffb80ea5000 	C:\WINDOWS\SYSTEM32\windows.storage.dll
0x00007ffb834b0000 - 0x00007ffb83805000 	C:\WINDOWS\System32\combase.dll
0x00007ffb82330000 - 0x00007ffb8235c000 	C:\WINDOWS\SYSTEM32\Wldp.dll
0x00007ffb850f0000 - 0x00007ffb8519e000 	C:\WINDOWS\System32\SHCORE.dll
0x00007ffb84a40000 - 0x00007ffb84a95000 	C:\WINDOWS\System32\shlwapi.dll
0x00007ffb828c0000 - 0x00007ffb828e6000 	C:\WINDOWS\SYSTEM32\profapi.dll
0x00007ffb7a120000 - 0x00007ffb7a13a000 	C:\Program Files\Android\Android Studio\jre\jre\bin\net.dll
0x00007ffb820b0000 - 0x00007ffb8211a000 	C:\WINDOWS\system32\mswsock.dll
0x00007ffb7a100000 - 0x00007ffb7a113000 	C:\Program Files\Android\Android Studio\jre\jre\bin\nio.dll
0x00007ffb79dd0000 - 0x00007ffb79df7000 	C:\Users\Administrator\.gradle\native\f6784746aeab05261644944871eae4fe03e0ef1612fff0a4a95f87b438bc6780\windows-amd64\native-platform.dll
0x00007ffb7a0f0000 - 0x00007ffb7a0fd000 	C:\Program Files\Android\Android Studio\jre\jre\bin\management.dll
0x00007ffb82280000 - 0x00007ffb82298000 	C:\WINDOWS\SYSTEM32\CRYPTSP.dll
0x00007ffb81a40000 - 0x00007ffb81a74000 	C:\WINDOWS\system32\rsaenh.dll
0x00007ffb82e80000 - 0x00007ffb82ea7000 	C:\WINDOWS\System32\bcrypt.dll
0x00007ffb82840000 - 0x00007ffb8286e000 	C:\WINDOWS\SYSTEM32\USERENV.dll
0x00007ffb83070000 - 0x00007ffb830ef000 	C:\WINDOWS\System32\bcryptprimitives.dll
0x00007ffb822a0000 - 0x00007ffb822ac000 	C:\WINDOWS\SYSTEM32\CRYPTBASE.dll
0x00007ffb81da0000 - 0x00007ffb81ddb000 	C:\WINDOWS\SYSTEM32\IPHLPAPI.DLL
0x00007ffb83330000 - 0x00007ffb83338000 	C:\WINDOWS\System32\NSI.dll
0x00007ffb75170000 - 0x00007ffb75187000 	C:\WINDOWS\SYSTEM32\dhcpcsvc6.DLL
0x00007ffb785c0000 - 0x00007ffb785dd000 	C:\WINDOWS\SYSTEM32\dhcpcsvc.DLL
0x00007ffb81de0000 - 0x00007ffb81eab000 	C:\WINDOWS\SYSTEM32\DNSAPI.dll
0x00007ffb79780000 - 0x00007ffb7978b000 	C:\WINDOWS\SYSTEM32\WINNSI.DLL
0x00007ffb4bbd0000 - 0x00007ffb4bd6c000 	C:\Program Files\Android\Android Studio\jre\jre\bin\awt.dll
0x00007ffb83d70000 - 0x00007ffb83e3d000 	C:\WINDOWS\System32\OLEAUT32.dll
0x00007ffb7fb60000 - 0x00007ffb7fb8f000 	C:\WINDOWS\SYSTEM32\dwmapi.dll
0x00007ffb7e080000 - 0x00007ffb7e640000 	C:\WINDOWS\SYSTEM32\d2d1.dll
0x00007ffb7f2d0000 - 0x00007ffb7f360000 	C:\WINDOWS\SYSTEM32\apphelp.dll
0x00007ffb7f7e0000 - 0x00007ffb7f87e000 	C:\WINDOWS\system32\uxtheme.dll

VM Arguments:
jvm_args: -Xmx2048m -Dfile.encoding=windows-1252 -Duser.country=US -Duser.language=en -Duser.variant 
java_command: org.gradle.launcher.daemon.bootstrap.GradleDaemon 6.5
java_class_path (initial): C:\Users\Administrator\.gradle\wrapper\dists\gradle-6.5-bin\6nifqtx7604sqp1q6g8wikw7p\gradle-6.5\lib\gradle-launcher-6.5.jar
Launcher Type: SUN_STANDARD

Environment Variables:
PATH=C:\WINDOWS\system32;C:\WINDOWS;C:\WINDOWS\System32\Wbem;C:\WINDOWS\System32\WindowsPowerShell\v1.0\;C:\WINDOWS\System32\OpenSSH\;C:\Program Files\dotnet\;C:\Program Files (x86)\Intel\Intel(R) Management Engine Components\DAL;C:\Program Files\Intel\Intel(R) Management Engine Components\DAL;C:\Program Files (x86)\Microsoft SQL Server\100\Tools\Binn\;C:\Program Files\Microsoft SQL Server\100\Tools\Binn\;C:\Program Files\Microsoft SQL Server\100\DTS\Binn\;C:\Program Files (x86)\Microsoft SQL Server\100\Tools\Binn\VSShell\Common7\IDE\;C:\Program Files (x86)\Microsoft SQL Server\100\DTS\Binn\;C:\Users\Administrator\AppData\Local\Microsoft\WindowsApps;C:\Users\Administrator\.dotnet\tools;C:\Users\Administrator\AppData\Local\Programs\Microsoft VS Code\bin;
USERNAME=Truc
OS=Windows_NT
PROCESSOR_IDENTIFIER=Intel64 Family 6 Model 142 Stepping 9, GenuineIntel



---------------  S Y S T E M  ---------------

OS: Windows 10.0 , 64 bit Build 19041 (10.0.19041.546)

CPU:total 4 (initial active 4) (2 cores per cpu, 2 threads per core) family 6 model 142 stepping 9, cmov, cx8, fxsr, mmx, sse, sse2, sse3, ssse3, sse4.1, sse4.2, popcnt, avx, avx2, aes, clmul, erms, 3dnowpref, lzcnt, ht, tsc, tscinvbit, bmi1, bmi2, adx

Memory: 4k page, physical 8251204k(580168k free), swap 10199876k(5584k free)

vm_info: OpenJDK 64-Bit Server VM (25.242-b01) for windows-amd64 JRE (1.8.0_242-release-1644-b01), built by "builder" with MS VC++ 10.0 (VS2010)

time: Sun Nov 29 12:28:35 2020
timezone: SE Asia Standard Time
elapsed time: 271 seconds (0d 0h 4m 31s)

