#
# There is insufficient memory for the Java Runtime Environment to continue.
# Native memory allocation (malloc) failed to allocate 992256 bytes for Chunk::new
# Possible reasons:
#   The system is out of physical RAM or swap space
#   The process is running with CompressedOops enabled, and the Java Heap may be blocking the growth of the native heap
# Possible solutions:
#   Reduce memory load on the system
#   Increase physical memory or swap space
#   Check if swap backing store is full
#   Decrease Java heap size (-Xmx/-Xms)
#   Decrease number of Java threads
#   Decrease Java thread stack sizes (-Xss)
#   Set larger code cache with -XX:ReservedCodeCacheSize=
#   JVM is running with Unscaled Compressed Oops mode in which the Java heap is
#     placed in the first 4GB address space. The Java Heap base address is the
#     maximum limit for the native heap growth. Please use -XX:HeapBaseMinAddress
#     to set the Java Heap base and to place the Java Heap above 4GB virtual address.
# This output file may be truncated or incomplete.
#
#  Out of Memory Error (allocation.cpp:389), pid=240, tid=0x000000000000022c
#
# JRE version: OpenJDK Runtime Environment (8.0_242-b01) (build 1.8.0_242-release-1644-b01)
# Java VM: OpenJDK 64-Bit Server VM (25.242-b01 mixed mode windows-amd64 compressed oops)
# Failed to write core dump. Minidumps are not enabled by default on client versions of Windows
#

---------------  T H R E A D  ---------------

Current thread (0x0000000017987000):  JavaThread "C2 CompilerThread0" daemon [_thread_in_native, id=556, stack(0x0000000018fe0000,0x00000000190e0000)]

Stack: [0x0000000018fe0000,0x00000000190e0000]
[error occurred during error reporting (printing stack bounds), id 0xc0000005]

Native frames: (J=compiled Java code, j=interpreted, Vv=VM code, C=native code)


Current CompileTask:
C2:  11522 2603       4       groovy.lang.MetaClassImpl$1MOPIter::methodNameAction (325 bytes)


---------------  P R O C E S S  ---------------

Java Threads: ( => current thread )
  0x000000001a7e4000 JavaThread "Cache worker for file content cache (C:\Users\Administrator\.gradle\caches\6.5\fileContent)" [_thread_blocked, id=1484, stack(0x0000000021e10000,0x0000000021f10000)]
  0x000000001a7e9000 JavaThread "jar transforms" [_thread_blocked, id=1408, stack(0x0000000021d10000,0x0000000021e10000)]
  0x000000001a7e6000 JavaThread "Cache worker for execution history cache (C:\Users\Administrator\.gradle\caches\6.5\executionHistory)" [_thread_blocked, id=10140, stack(0x0000000021610000,0x0000000021710000)]
  0x000000001a7e8800 JavaThread "Cache worker for cache directory md-rule (C:\Users\Administrator\.gradle\caches\6.5\md-rule)" [_thread_blocked, id=5604, stack(0x0000000021510000,0x0000000021610000)]
  0x000000001a7e7000 JavaThread "Cache worker for cache directory md-supplier (C:\Users\Administrator\.gradle\caches\6.5\md-supplier)" [_thread_blocked, id=564, stack(0x0000000021410000,0x0000000021510000)]
  0x000000001a7e7800 JavaThread "Cache worker for checksums cache (E:\DoAn_WeatherAndroid\.gradle\checksums)" [_thread_blocked, id=9904, stack(0x0000000020060000,0x0000000020160000)]
  0x000000001a7ea800 JavaThread "Cache worker for file hash cache (E:\DoAn_WeatherAndroid\.gradle\6.5\fileHashes)" [_thread_blocked, id=4608, stack(0x000000001ecd0000,0x000000001edd0000)]
  0x000000001a7e4800 JavaThread "Cache worker for file hash cache (C:\Users\Administrator\.gradle\caches\6.5\fileHashes)" [_thread_blocked, id=7376, stack(0x000000001da00000,0x000000001db00000)]
  0x000000001a7ea000 JavaThread "File lock request listener" [_thread_in_native, id=9784, stack(0x000000001d900000,0x000000001da00000)]
  0x000000001a7e5800 JavaThread "Cache worker for journal cache (C:\Users\Administrator\.gradle\caches\journal-1)" [_thread_blocked, id=5968, stack(0x000000001d700000,0x000000001d800000)]
  0x00000000196b2000 JavaThread "Thread-9" [_thread_blocked, id=9416, stack(0x000000001d400000,0x000000001d500000)]
  0x000000001a2a5800 JavaThread "Stdin handler" [_thread_blocked, id=4584, stack(0x000000001d300000,0x000000001d400000)]
  0x000000001a2a4000 JavaThread "Asynchronous log dispatcher for DefaultDaemonConnection: socket connection from /127.0.0.1:51459 to /127.0.0.1:51460" [_thread_blocked, id=8324, stack(0x000000001d200000,0x000000001d300000)]
  0x000000001a2a2800 JavaThread "Daemon worker" [_thread_in_native, id=1684, stack(0x000000001d100000,0x000000001d200000)]
  0x0000000019b7b800 JavaThread "Cancel handler" [_thread_blocked, id=9060, stack(0x000000001d000000,0x000000001d100000)]
  0x000000001aa32000 JavaThread "Handler for socket connection from /127.0.0.1:51459 to /127.0.0.1:51460" [_thread_in_native, id=8292, stack(0x000000001cf00000,0x000000001d000000)]
  0x0000000019fdb800 JavaThread "Daemon" [_thread_blocked, id=3220, stack(0x000000001ce00000,0x000000001cf00000)]
  0x000000001aa37000 JavaThread "Daemon periodic checks" [_thread_blocked, id=5464, stack(0x000000001cb00000,0x000000001cc00000)]
  0x000000001abbc800 JavaThread "Incoming local TCP Connector on port 51459" [_thread_in_native, id=6416, stack(0x000000001c8c0000,0x000000001c9c0000)]
  0x000000001b0f4800 JavaThread "Daemon health stats" [_thread_blocked, id=10540, stack(0x000000001c280000,0x000000001c380000)]
  0x0000000019308800 JavaThread "Service Thread" daemon [_thread_blocked, id=10108, stack(0x00000000196e0000,0x00000000197e0000)]
  0x000000001799a000 JavaThread "C1 CompilerThread2" daemon [_thread_blocked, id=7572, stack(0x00000000191e0000,0x00000000192e0000)]
  0x000000001798a000 JavaThread "C2 CompilerThread1" daemon [_thread_blocked, id=1184, stack(0x00000000190e0000,0x00000000191e0000)]
=>0x0000000017987000 JavaThread "C2 CompilerThread0" daemon [_thread_in_native, id=556, stack(0x0000000018fe0000,0x00000000190e0000)]
  0x0000000017984800 JavaThread "Attach Listener" daemon [_thread_blocked, id=8448, stack(0x0000000018ee0000,0x0000000018fe0000)]
  0x0000000017983000 JavaThread "Signal Dispatcher" daemon [_thread_blocked, id=5612, stack(0x0000000018de0000,0x0000000018ee0000)]
  0x0000000002d5b800 JavaThread "Finalizer" daemon [_thread_blocked, id=7252, stack(0x0000000018be0000,0x0000000018ce0000)]
  0x0000000017969000 JavaThread "Reference Handler" daemon [_thread_blocked, id=9500, stack(0x0000000018ae0000,0x0000000018be0000)]
  0x0000000002c5e800 JavaThread "main" [_thread_blocked, id=2396, stack(0x0000000002a70000,0x0000000002b70000)]

Other Threads:
  0x0000000017946800 VMThread [stack: 0x00000000189e0000,0x0000000018ae0000] [id=6468]
  0x00000000179dd800 WatcherThread [stack: 0x00000000197e0000,0x00000000198e0000] [id=5816]

VM state:not at safepoint (normal execution)

VM Mutex/Monitor currently owned by a thread: None

heap address: 0x0000000080000000, size: 2048 MB, Compressed Oops mode: 32-bit
Narrow klass base: 0x0000000000000000, Narrow klass shift: 3
Compressed class space size: 1073741824 Address: 0x0000000100000000

Heap:
 PSYoungGen      total 142848K, used 16565K [0x00000000d5580000, 0x00000000e5c80000, 0x0000000100000000)
  eden space 131072K, 3% used [0x00000000d5580000,0x00000000d5a31968,0x00000000dd580000)
  from space 11776K, 99% used [0x00000000dd580000,0x00000000de0fbae8,0x00000000de100000)
  to   space 14848K, 0% used [0x00000000e4e00000,0x00000000e4e00000,0x00000000e5c80000)
 ParOldGen       total 50688K, used 9211K [0x0000000080000000, 0x0000000083180000, 0x00000000d5580000)
  object space 50688K, 18% used [0x0000000080000000,0x00000000808fef88,0x0000000083180000)
 Metaspace       used 33034K, capacity 34108K, committed 34352K, reserved 1079296K
  class space    used 4519K, capacity 4789K, committed 4912K, reserved 1048576K

Card table byte_map: [0x0000000012120000,0x0000000012530000] byte_map_base: 0x0000000011d20000

Marking Bits: (ParMarkBitMap*) 0x000000006101f030
 Begin Bits: [0x0000000012be0000, 0x0000000014be0000)
 End Bits:   [0x0000000014be0000, 0x0000000016be0000)

Polling page: 0x0000000000d00000

CodeCache: size=245760Kb used=9649Kb max_used=9911Kb free=236110Kb
 bounds [0x0000000002d60000, 0x0000000003720000, 0x0000000011d60000]
 total_blobs=3182 nmethods=2498 adapters=596
 compilation: enabled

Compilation events (10 events):
Event: 11.460 Thread 0x000000001799a000 nmethod 2671 0x0000000003012290 code [0x0000000003012460, 0x0000000003012cd8]
Event: 11.460 Thread 0x000000001799a000 2672       3       java.lang.invoke.DirectMethodHandle::preparedLambdaForm (230 bytes)
Event: 11.461 Thread 0x000000001799a000 nmethod 2672 0x0000000003179f10 code [0x000000000317a180, 0x000000000317b1d8]
Event: 11.461 Thread 0x000000001799a000 2673       3       java.lang.invoke.DirectMethodHandle::<init> (132 bytes)
Event: 11.461 Thread 0x000000001798a000 nmethod 2666 0x0000000002f308d0 code [0x0000000002f30a20, 0x0000000002f30d18]
Event: 11.463 Thread 0x000000001799a000 nmethod 2673 0x00000000031a20d0 code [0x00000000031a2380, 0x00000000031a3b98]
Event: 11.477 Thread 0x000000001799a000 2674       3       java.util.ArrayList::indexOf (67 bytes)
Event: 11.478 Thread 0x000000001799a000 nmethod 2674 0x0000000002e8b390 code [0x0000000002e8b520, 0x0000000002e8b9e8]
Event: 11.479 Thread 0x000000001798a000 2675       4       org.codehaus.groovy.util.LazyReference::get (44 bytes)
Event: 11.491 Thread 0x000000001798a000 nmethod 2675 0x0000000002ee6f10 code [0x0000000002ee7100, 0x0000000002ee7900]

GC Heap History (10 events):
Event: 7.064 GC heap before
{Heap before GC invocations=4 (full 0):
 PSYoungGen      total 37888K, used 37872K [0x00000000d5580000, 0x00000000d9f80000, 0x0000000100000000)
  eden space 32768K, 100% used [0x00000000d5580000,0x00000000d7580000,0x00000000d7580000)
  from space 5120K, 99% used [0x00000000d7580000,0x00000000d7a7c010,0x00000000d7a80000)
  to   space 5120K, 0% used [0x00000000d9a80000,0x00000000d9a80000,0x00000000d9f80000)
 ParOldGen       total 86016K, used 839K [0x0000000080000000, 0x0000000085400000, 0x00000000d5580000)
  object space 86016K, 0% used [0x0000000080000000,0x00000000800d1fa8,0x0000000085400000)
 Metaspace       used 14479K, capacity 14966K, committed 15232K, reserved 1062912K
  class space    used 1987K, capacity 2153K, committed 2176K, reserved 1048576K
Event: 7.075 GC heap after
Heap after GC invocations=4 (full 0):
 PSYoungGen      total 70656K, used 5108K [0x00000000d5580000, 0x00000000d9f80000, 0x0000000100000000)
  eden space 65536K, 0% used [0x00000000d5580000,0x00000000d5580000,0x00000000d9580000)
  from space 5120K, 99% used [0x00000000d9a80000,0x00000000d9f7d350,0x00000000d9f80000)
  to   space 5120K, 0% used [0x00000000d9580000,0x00000000d9580000,0x00000000d9a80000)
 ParOldGen       total 86016K, used 2995K [0x0000000080000000, 0x0000000085400000, 0x00000000d5580000)
  object space 86016K, 3% used [0x0000000080000000,0x00000000802ecd50,0x0000000085400000)
 Metaspace       used 14479K, capacity 14966K, committed 15232K, reserved 1062912K
  class space    used 1987K, capacity 2153K, committed 2176K, reserved 1048576K
}
Event: 8.685 GC heap before
{Heap before GC invocations=5 (full 0):
 PSYoungGen      total 70656K, used 70644K [0x00000000d5580000, 0x00000000d9f80000, 0x0000000100000000)
  eden space 65536K, 100% used [0x00000000d5580000,0x00000000d9580000,0x00000000d9580000)
  from space 5120K, 99% used [0x00000000d9a80000,0x00000000d9f7d350,0x00000000d9f80000)
  to   space 5120K, 0% used [0x00000000d9580000,0x00000000d9580000,0x00000000d9a80000)
 ParOldGen       total 86016K, used 2995K [0x0000000080000000, 0x0000000085400000, 0x00000000d5580000)
  object space 86016K, 3% used [0x0000000080000000,0x00000000802ecd50,0x0000000085400000)
 Metaspace       used 20265K, capacity 20936K, committed 20992K, reserved 1067008K
  class space    used 2825K, capacity 3044K, committed 3072K, reserved 1048576K
Event: 8.699 GC heap after
Heap after GC invocations=5 (full 0):
 PSYoungGen      total 70656K, used 5088K [0x00000000d5580000, 0x00000000ded80000, 0x0000000100000000)
  eden space 65536K, 0% used [0x00000000d5580000,0x00000000d5580000,0x00000000d9580000)
  from space 5120K, 99% used [0x00000000d9580000,0x00000000d9a78050,0x00000000d9a80000)
  to   space 12288K, 0% used [0x00000000de180000,0x00000000de180000,0x00000000ded80000)
 ParOldGen       total 86016K, used 9447K [0x0000000080000000, 0x0000000085400000, 0x00000000d5580000)
  object space 86016K, 10% used [0x0000000080000000,0x0000000080939c98,0x0000000085400000)
 Metaspace       used 20265K, capacity 20936K, committed 20992K, reserved 1067008K
  class space    used 2825K, capacity 3044K, committed 3072K, reserved 1048576K
}
Event: 8.779 GC heap before
{Heap before GC invocations=6 (full 0):
 PSYoungGen      total 70656K, used 11925K [0x00000000d5580000, 0x00000000ded80000, 0x0000000100000000)
  eden space 65536K, 10% used [0x00000000d5580000,0x00000000d5c2d4a0,0x00000000d9580000)
  from space 5120K, 99% used [0x00000000d9580000,0x00000000d9a78050,0x00000000d9a80000)
  to   space 12288K, 0% used [0x00000000de180000,0x00000000de180000,0x00000000ded80000)
 ParOldGen       total 86016K, used 9447K [0x0000000080000000, 0x0000000085400000, 0x00000000d5580000)
  object space 86016K, 10% used [0x0000000080000000,0x0000000080939c98,0x0000000085400000)
 Metaspace       used 20583K, capacity 21224K, committed 21296K, reserved 1067008K
  class space    used 2873K, capacity 3076K, committed 3120K, reserved 1048576K
Event: 8.786 GC heap after
Heap after GC invocations=6 (full 0):
 PSYoungGen      total 142336K, used 5477K [0x00000000d5580000, 0x00000000dec80000, 0x0000000100000000)
  eden space 131072K, 0% used [0x00000000d5580000,0x00000000d5580000,0x00000000dd580000)
  from space 11264K, 48% used [0x00000000de180000,0x00000000de6d9490,0x00000000dec80000)
  to   space 11776K, 0% used [0x00000000dd580000,0x00000000dd580000,0x00000000de100000)
 ParOldGen       total 86016K, used 9455K [0x0000000080000000, 0x0000000085400000, 0x00000000d5580000)
  object space 86016K, 10% used [0x0000000080000000,0x000000008093bc98,0x0000000085400000)
 Metaspace       used 20583K, capacity 21224K, committed 21296K, reserved 1067008K
  class space    used 2873K, capacity 3076K, committed 3120K, reserved 1048576K
}
Event: 8.786 GC heap before
{Heap before GC invocations=7 (full 1):
 PSYoungGen      total 142336K, used 5477K [0x00000000d5580000, 0x00000000dec80000, 0x0000000100000000)
  eden space 131072K, 0% used [0x00000000d5580000,0x00000000d5580000,0x00000000dd580000)
  from space 11264K, 48% used [0x00000000de180000,0x00000000de6d9490,0x00000000dec80000)
  to   space 11776K, 0% used [0x00000000dd580000,0x00000000dd580000,0x00000000de100000)
 ParOldGen       total 86016K, used 9455K [0x0000000080000000, 0x0000000085400000, 0x00000000d5580000)
  object space 86016K, 10% used [0x0000000080000000,0x000000008093bc98,0x0000000085400000)
 Metaspace       used 20583K, capacity 21224K, committed 21296K, reserved 1067008K
  class space    used 2873K, capacity 3076K, committed 3120K, reserved 1048576K
Event: 8.836 GC heap after
Heap after GC invocations=7 (full 1):
 PSYoungGen      total 142336K, used 0K [0x00000000d5580000, 0x00000000dec80000, 0x0000000100000000)
  eden space 131072K, 0% used [0x00000000d5580000,0x00000000d5580000,0x00000000dd580000)
  from space 11264K, 0% used [0x00000000de180000,0x00000000de180000,0x00000000dec80000)
  to   space 11776K, 0% used [0x00000000dd580000,0x00000000dd580000,0x00000000de100000)
 ParOldGen       total 50688K, used 6909K [0x0000000080000000, 0x0000000083180000, 0x00000000d5580000)
  object space 50688K, 13% used [0x0000000080000000,0x00000000806bf750,0x0000000083180000)
 Metaspace       used 20583K, capacity 21224K, committed 21296K, reserved 1067008K
  class space    used 2873K, capacity 3076K, committed 3120K, reserved 1048576K
}
Event: 11.423 GC heap before
{Heap before GC invocations=8 (full 1):
 PSYoungGen      total 142336K, used 131072K [0x00000000d5580000, 0x00000000dec80000, 0x0000000100000000)
  eden space 131072K, 100% used [0x00000000d5580000,0x00000000dd580000,0x00000000dd580000)
  from space 11264K, 0% used [0x00000000de180000,0x00000000de180000,0x00000000dec80000)
  to   space 11776K, 0% used [0x00000000dd580000,0x00000000dd580000,0x00000000de100000)
 ParOldGen       total 50688K, used 6909K [0x0000000080000000, 0x0000000083180000, 0x00000000d5580000)
  object space 50688K, 13% used [0x0000000080000000,0x00000000806bf750,0x0000000083180000)
 Metaspace       used 32799K, capacity 33860K, committed 33968K, reserved 1079296K
  class space    used 4480K, capacity 4750K, committed 4784K, reserved 1048576K
Event: 11.446 GC heap after
Heap after GC invocations=8 (full 1):
 PSYoungGen      total 142848K, used 11758K [0x00000000d5580000, 0x00000000e5c80000, 0x0000000100000000)
  eden space 131072K, 0% used [0x00000000d5580000,0x00000000d5580000,0x00000000dd580000)
  from space 11776K, 99% used [0x00000000dd580000,0x00000000de0fbae8,0x00000000de100000)
  to   space 14848K, 0% used [0x00000000e4e00000,0x00000000e4e00000,0x00000000e5c80000)
 ParOldGen       total 50688K, used 9211K [0x0000000080000000, 0x0000000083180000, 0x00000000d5580000)
  object space 50688K, 18% used [0x0000000080000000,0x00000000808fef88,0x0000000083180000)
 Metaspace       used 32799K, capacity 33860K, committed 33968K, reserved 1079296K
  class space    used 4480K, capacity 4750K, committed 4784K, reserved 1048576K
}

Deoptimization events (10 events):
Event: 10.195 Thread 0x000000001a2a2800 Uncommon trap: reason=unstable_if action=reinterpret pc=0x0000000003262274 method=java.lang.ClassLoader.getClassLoadingLock(Ljava/lang/String;)Ljava/lang/Object; @ 6
Event: 10.837 Thread 0x000000001a2a2800 Uncommon trap: reason=unstable_if action=reinterpret pc=0x0000000003338584 method=java.util.HashMap.getNode(ILjava/lang/Object;)Ljava/util/HashMap$Node; @ 53
Event: 10.837 Thread 0x000000001a2a2800 Uncommon trap: reason=unstable_if action=reinterpret pc=0x00000000033683b8 method=java.util.HashMap.putVal(ILjava/lang/Object;Ljava/lang/Object;ZZ)Ljava/lang/Object; @ 85
Event: 10.978 Thread 0x000000001a2a2800 Uncommon trap: reason=unstable_if action=reinterpret pc=0x000000000355aa84 method=org.gradle.internal.reflect.PropertyAccessorType.isGetGetterName(Ljava/lang/String;)Z @ 14
Event: 11.016 Thread 0x000000001a2a2800 Uncommon trap: reason=unstable_if action=reinterpret pc=0x0000000002e6d440 method=org.objectweb.asm.ByteVector.putShort(I)Lorg/objectweb/asm/ByteVector; @ 13
Event: 11.133 Thread 0x000000001a2a2800 Uncommon trap: reason=unstable_if action=reinterpret pc=0x0000000003309738 method=java.net.URLClassLoader.defineClass(Ljava/lang/String;Lsun/misc/Resource;)Ljava/lang/Class; @ 21
Event: 11.262 Thread 0x000000001a2a2800 Uncommon trap: reason=unstable_if action=reinterpret pc=0x0000000002e91a8c method=org.codehaus.groovy.runtime.metaclass.MetaMethodIndex.addMethodToList(Ljava/lang/Object;Lgroovy/lang/MetaMethod;)Ljava/lang/Object; @ 226
Event: 11.315 Thread 0x000000001a2a2800 Uncommon trap: reason=class_check action=maybe_recompile pc=0x00000000034df9a8 method=java.util.WeakHashMap.eq(Ljava/lang/Object;Ljava/lang/Object;)Z @ 7
Event: 11.447 Thread 0x0000000017969000 Uncommon trap: reason=unstable_if action=reinterpret pc=0x00000000033ab8bc method=java.lang.ref.Reference.tryHandlePending(Z)Z @ 104
Event: 11.454 Thread 0x000000001a2a2800 Uncommon trap: reason=range_check action=make_not_entrant pc=0x00000000036d0054 method=java.lang.String.charAt(I)C @ 27

Classes redefined (0 events):
No events

Internal exceptions (10 events):
Event: 11.293 Thread 0x000000001a2a2800 Exception <a 'java/lang/ClassNotFoundException': org/gradle/api/internal/DefaultNamedDomainObjectCollectionBeanInfo> (0x00000000dceda530) thrown at [C:\src\AOSP-openjdk-git\hotspot\src\share\vm\classfile\systemDictionary.cpp, line 210]
Event: 11.294 Thread 0x000000001a2a2800 Exception <a 'java/lang/ClassNotFoundException': org/gradle/api/internal/DefaultDomainObjectCollectionBeanInfo> (0x00000000dcf0e970) thrown at [C:\src\AOSP-openjdk-git\hotspot\src\share\vm\classfile\systemDictionary.cpp, line 210]
Event: 11.295 Thread 0x000000001a2a2800 Exception <a 'java/lang/ClassNotFoundException': java/util/AbstractCollectionBeanInfo> (0x00000000dcf13140) thrown at [C:\src\AOSP-openjdk-git\hotspot\src\share\vm\classfile\systemDictionary.cpp, line 210]
Event: 11.295 Thread 0x000000001a2a2800 Exception <a 'java/lang/ClassNotFoundException': java/util/AbstractCollectionCustomizer> (0x00000000dcf178a8) thrown at [C:\src\AOSP-openjdk-git\hotspot\src\share\vm\classfile\systemDictionary.cpp, line 210]
Event: 11.298 Thread 0x000000001a2a2800 Exception <a 'java/lang/ClassNotFoundException': org/gradle/api/internal/DefaultDomainObjectCollectionCustomizer> (0x00000000dcf577c8) thrown at [C:\src\AOSP-openjdk-git\hotspot\src\share\vm\classfile\systemDictionary.cpp, line 210]
Event: 11.302 Thread 0x000000001a2a2800 Exception <a 'java/lang/ClassNotFoundException': org/gradle/api/internal/DefaultNamedDomainObjectCollectionCustomizer> (0x00000000dcfb5b78) thrown at [C:\src\AOSP-openjdk-git\hotspot\src\share\vm\classfile\systemDictionary.cpp, line 210]
Event: 11.315 Thread 0x000000001a2a2800 Exception <a 'java/lang/ClassNotFoundException': org/gradle/api/internal/DefaultNamedDomainObjectListCustomizer> (0x00000000dd02a720) thrown at [C:\src\AOSP-openjdk-git\hotspot\src\share\vm\classfile\systemDictionary.cpp, line 210]
Event: 11.319 Thread 0x000000001a2a2800 Exception <a 'java/lang/ClassNotFoundException': org/gradle/api/internal/artifacts/DefaultArtifactRepositoryContainerCustomizer> (0x00000000dd09f888) thrown at [C:\src\AOSP-openjdk-git\hotspot\src\share\vm\classfile\systemDictionary.cpp, line 210]
Event: 11.322 Thread 0x000000001a2a2800 Exception <a 'java/lang/ClassNotFoundException': org/gradle/api/internal/artifacts/dsl/DefaultRepositoryHandlerCustomizer> (0x00000000dd104c08) thrown at [C:\src\AOSP-openjdk-git\hotspot\src\share\vm\classfile\systemDictionary.cpp, line 210]
Event: 11.329 Thread 0x000000001a2a2800 Exception <a 'java/lang/ClassNotFoundException': org/gradle/api/internal/artifacts/dsl/DefaultRepositoryHandler_DecoratedCustomizer> (0x00000000dd1885a0) thrown at [C:\src\AOSP-openjdk-git\hotspot\src\share\vm\classfile\systemDictionary.cpp, line 210]

Events (10 events):
Event: 11.493 loading class org/gradle/api/internal/artifacts/DefaultDependencySet
Event: 11.493 loading class org/gradle/api/internal/artifacts/DefaultDependencySet done
Event: 11.494 loading class org/gradle/api/internal/DelegatingDomainObjectSet
Event: 11.494 loading class org/gradle/api/internal/DelegatingDomainObjectSet done
Event: 11.494 loading class org/gradle/api/internal/artifacts/DefaultDependencyConstraintSet
Event: 11.494 loading class org/gradle/api/internal/artifacts/DefaultDependencyConstraintSet done
Event: 11.495 loading class org/gradle/api/internal/CompositeDomainObjectSet
Event: 11.495 loading class org/gradle/api/internal/CompositeDomainObjectSet done
Event: 11.495 loading class org/gradle/api/internal/artifacts/DefaultPublishArtifactSet
Event: 11.495 loading class org/gradle/api/internal/artifacts/DefaultPublishArtifactSet done


Dynamic libraries:
0x00007ff7ae2b0000 - 0x00007ff7ae2e1000 	C:\Program Files\Android\Android Studio\jre\bin\java.exe
0x00007ffb85250000 - 0x00007ffb85446000 	C:\WINDOWS\SYSTEM32\ntdll.dll
0x00007ffb845a0000 - 0x00007ffb8465d000 	C:\WINDOWS\System32\KERNEL32.DLL
0x00007ffb82bb0000 - 0x00007ffb82e78000 	C:\WINDOWS\System32\KERNELBASE.dll
0x00007ffb83400000 - 0x00007ffb834ac000 	C:\WINDOWS\System32\ADVAPI32.dll
0x00007ffb83360000 - 0x00007ffb833fe000 	C:\WINDOWS\System32\msvcrt.dll
0x00007ffb84790000 - 0x00007ffb8482b000 	C:\WINDOWS\System32\sechost.dll
0x00007ffb839e0000 - 0x00007ffb83b04000 	C:\WINDOWS\System32\RPCRT4.dll
0x00007ffb83bd0000 - 0x00007ffb83d70000 	C:\WINDOWS\System32\USER32.dll
0x00007ffb829e0000 - 0x00007ffb82a02000 	C:\WINDOWS\System32\win32u.dll
0x00007ffb839b0000 - 0x00007ffb839da000 	C:\WINDOWS\System32\GDI32.dll
0x00007ffb830f0000 - 0x00007ffb831f9000 	C:\WINDOWS\System32\gdi32full.dll
0x00007ffb82b10000 - 0x00007ffb82bad000 	C:\WINDOWS\System32\msvcp_win.dll
0x00007ffb82a10000 - 0x00007ffb82b10000 	C:\WINDOWS\System32\ucrtbase.dll
0x00007ffb71680000 - 0x00007ffb7191b000 	C:\WINDOWS\WinSxS\amd64_microsoft.windows.common-controls_6595b64144ccf1df_6.0.19041.488_none_ca04af081b815d21\COMCTL32.dll
0x00007ffb83ba0000 - 0x00007ffb83bd0000 	C:\WINDOWS\System32\IMM32.DLL
0x0000000060690000 - 0x0000000060762000 	C:\Program Files\Android\Android Studio\jre\jre\bin\msvcr100.dll
0x0000000060850000 - 0x000000006109b000 	C:\Program Files\Android\Android Studio\jre\jre\bin\server\jvm.dll
0x00007ffb84b50000 - 0x00007ffb84b58000 	C:\WINDOWS\System32\PSAPI.DLL
0x00007ffb710e0000 - 0x00007ffb71107000 	C:\WINDOWS\SYSTEM32\WINMM.dll
0x00007ffb76e60000 - 0x00007ffb76e6a000 	C:\WINDOWS\SYSTEM32\VERSION.dll
0x00007ffb72ca0000 - 0x00007ffb72ca9000 	C:\WINDOWS\SYSTEM32\WSOCK32.dll
0x00007ffb851a0000 - 0x00007ffb8520b000 	C:\WINDOWS\System32\WS2_32.dll
0x00007ffb7d120000 - 0x00007ffb7d12f000 	C:\Program Files\Android\Android Studio\jre\jre\bin\verify.dll
0x00007ffb7d0f0000 - 0x00007ffb7d119000 	C:\Program Files\Android\Android Studio\jre\jre\bin\java.dll
0x00007ffb7bda0000 - 0x00007ffb7bdb6000 	C:\Program Files\Android\Android Studio\jre\jre\bin\zip.dll
0x00007ffb83e40000 - 0x00007ffb84581000 	C:\WINDOWS\System32\SHELL32.dll
0x00007ffb80710000 - 0x00007ffb80ea5000 	C:\WINDOWS\SYSTEM32\windows.storage.dll
0x00007ffb834b0000 - 0x00007ffb83805000 	C:\WINDOWS\System32\combase.dll
0x00007ffb82330000 - 0x00007ffb8235c000 	C:\WINDOWS\SYSTEM32\Wldp.dll
0x00007ffb850f0000 - 0x00007ffb8519e000 	C:\WINDOWS\System32\SHCORE.dll
0x00007ffb84a40000 - 0x00007ffb84a95000 	C:\WINDOWS\System32\shlwapi.dll
0x00007ffb828c0000 - 0x00007ffb828e6000 	C:\WINDOWS\SYSTEM32\profapi.dll
0x00007ffb7a170000 - 0x00007ffb7a18a000 	C:\Program Files\Android\Android Studio\jre\jre\bin\net.dll
0x00007ffb820b0000 - 0x00007ffb8211a000 	C:\WINDOWS\system32\mswsock.dll
0x00007ffb7a150000 - 0x00007ffb7a163000 	C:\Program Files\Android\Android Studio\jre\jre\bin\nio.dll
0x00007ffb62710000 - 0x00007ffb62737000 	C:\Users\Administrator\.gradle\native\f6784746aeab05261644944871eae4fe03e0ef1612fff0a4a95f87b438bc6780\windows-amd64\native-platform.dll
0x00007ffb7d0e0000 - 0x00007ffb7d0ed000 	C:\Program Files\Android\Android Studio\jre\jre\bin\management.dll
0x00007ffb82280000 - 0x00007ffb82298000 	C:\WINDOWS\SYSTEM32\CRYPTSP.dll
0x00007ffb81a40000 - 0x00007ffb81a74000 	C:\WINDOWS\system32\rsaenh.dll
0x00007ffb82e80000 - 0x00007ffb82ea7000 	C:\WINDOWS\System32\bcrypt.dll
0x00007ffb82840000 - 0x00007ffb8286e000 	C:\WINDOWS\SYSTEM32\USERENV.dll
0x00007ffb83070000 - 0x00007ffb830ef000 	C:\WINDOWS\System32\bcryptprimitives.dll
0x00007ffb822a0000 - 0x00007ffb822ac000 	C:\WINDOWS\SYSTEM32\CRYPTBASE.dll
0x00007ffb81da0000 - 0x00007ffb81ddb000 	C:\WINDOWS\SYSTEM32\IPHLPAPI.DLL
0x00007ffb83330000 - 0x00007ffb83338000 	C:\WINDOWS\System32\NSI.dll
0x00007ffb75170000 - 0x00007ffb75187000 	C:\WINDOWS\SYSTEM32\dhcpcsvc6.DLL
0x00007ffb785c0000 - 0x00007ffb785dd000 	C:\WINDOWS\SYSTEM32\dhcpcsvc.DLL
0x00007ffb81de0000 - 0x00007ffb81eab000 	C:\WINDOWS\SYSTEM32\DNSAPI.dll
0x00007ffb79780000 - 0x00007ffb7978b000 	C:\WINDOWS\SYSTEM32\WINNSI.DLL

VM Arguments:
jvm_args: -Xmx2048m -Dfile.encoding=windows-1252 -Duser.country=US -Duser.language=en -Duser.variant 
java_command: org.gradle.launcher.daemon.bootstrap.GradleDaemon 6.5
java_class_path (initial): C:\Users\Administrator\.gradle\wrapper\dists\gradle-6.5-bin\6nifqtx7604sqp1q6g8wikw7p\gradle-6.5\lib\gradle-launcher-6.5.jar
Launcher Type: SUN_STANDARD

Environment Variables:
PATH=C:\WINDOWS\system32;C:\WINDOWS;C:\WINDOWS\System32\Wbem;C:\WINDOWS\System32\WindowsPowerShell\v1.0\;C:\WINDOWS\System32\OpenSSH\;C:\Program Files\dotnet\;C:\Program Files (x86)\Intel\Intel(R) Management Engine Components\DAL;C:\Program Files\Intel\Intel(R) Management Engine Components\DAL;C:\Program Files (x86)\Microsoft SQL Server\100\Tools\Binn\;C:\Program Files\Microsoft SQL Server\100\Tools\Binn\;C:\Program Files\Microsoft SQL Server\100\DTS\Binn\;C:\Program Files (x86)\Microsoft SQL Server\100\Tools\Binn\VSShell\Common7\IDE\;C:\Program Files (x86)\Microsoft SQL Server\100\DTS\Binn\;C:\Users\Administrator\AppData\Local\Microsoft\WindowsApps;C:\Users\Administrator\.dotnet\tools;C:\Users\Administrator\AppData\Local\Programs\Microsoft VS Code\bin;
USERNAME=Truc
OS=Windows_NT
PROCESSOR_IDENTIFIER=Intel64 Family 6 Model 142 Stepping 9, GenuineIntel



---------------  S Y S T E M  ---------------

OS: Windows 10.0 , 64 bit Build 19041 (10.0.19041.546)

CPU:total 4 (initial active 4) (2 cores per cpu, 2 threads per core) family 6 model 142 stepping 9, cmov, cx8, fxsr, mmx, sse, sse2, sse3, ssse3, sse4.1, sse4.2, popcnt, avx, avx2, aes, clmul, erms, 3dnowpref, lzcnt, ht, tsc, tscinvbit, bmi1, bmi2, adx

Memory: 4k page, physical 8251204k(390992k free), swap 10199876k(4928k free)

vm_info: OpenJDK 64-Bit Server VM (25.242-b01) for windows-amd64 JRE (1.8.0_242-release-1644-b01), built by "builder" with MS VC++ 10.0 (VS2010)

time: Sun Nov 29 15:03:32 2020
timezone: SE Asia Standard Time
elapsed time: 11 seconds (0d 0h 0m 11s)

